0:00.00 [INFO ] (Debug/onInitProgram#203): Debug logging initialized. Hello, developer.
0:00.00 [INFO ] (Debug/onInitProgram#208): This is a RELEASE build.
0:00.01 [INFO ] (Debug/onInitProgram#210): HaxeFlixel version: HaxeFlixel 4.10.0
0:00.02 [INFO ] (Debug/onInitProgram#211): Friday Night Funkin' version: 0.2.7.1
0:00.02 [INFO ] (Debug/onInitProgram#212): KadeEngine version: 1.8
0:00.03 [INFO ] (ModCore/initialize#27): Initializing ModCore...
0:00.03 [INFO ] (ModCore/getModIds#95): Scanning the mods folder...
0:00.04 [INFO ] (ModCore/getModIds#97): Found 1 mods when scanning.
0:00.05 [INFO ] (ModCore/loadModsById#37): Attempting to load 1 mods...
0:00.05 [WARN ] Could not find mod icon file: "mods/introMod/_polymod_icon.png"
0:00.06 [INFO ]  user specified CUSTOM
0:00.06 [TRACE] (ModCoreBackend/new#167): Initialized custom asset loader backend.
0:00.07 [WARN ] (ModCoreBackend/clearCache#173): Custom asset cache has been cleared.
0:00.08 [ERROR] Preparing to load mod mods/introMod
0:00.09 [ERROR] Done loading mod mods/introMod
0:00.10 [TRACE] (ModCoreBackend/exists#178): Call to ModCoreBackend: exists(_polymod_pack.txt)
0:00.11 [INFO ] (ModCore/loadModsById#67): Mod loading complete. We loaded 1 / 1 mods.
0:00.11 [TRACE] (ModCore/loadModsById#70):   * Intro Mod v1.0.0 [introMod]
0:00.12 [INFO ] (ModCore/loadModsById#73): Installed mods have replaced 1 images.
0:00.12 [TRACE] (ModCore/loadModsById#75):   * images/KadeEngineLogo.png
0:00.13 [INFO ] (ModCore/loadModsById#78): Installed mods have replaced 0 text files.
0:00.14 [INFO ] (ModCore/loadModsById#83): Installed mods have replaced 0 music files.
0:00.14 [INFO ] (ModCore/loadModsById#88): Installed mods have replaced 0 sound files.
0:00.17 [TRACE] (TitleState/create#56): We loaded 0 assets into the default library
0:11.49 [INFO ] (TitleState/skipIntro#446): Skipping intro...
0:31.60 [INFO ] (Song/loadFromJson#83): Loading song JSON: tutorial/tutorial-easy
0:31.64 [INFO ] (Song/loadFromJson#83): Loading song JSON: tutorial/tutorial
0:31.64 [INFO ] (Song/loadFromJson#83): Loading song JSON: tutorial/tutorial-hard
0:31.99 [INFO ] (Song/loadFromJson#83): Loading song JSON: bopeebo/bopeebo-easy
0:32.01 [INFO ] (Song/loadFromJson#83): Loading song JSON: bopeebo/bopeebo
0:32.02 [INFO ] (Song/loadFromJson#83): Loading song JSON: bopeebo/bopeebo-hard
0:32.38 [INFO ] (Song/loadFromJson#83): Loading song JSON: fresh/fresh-easy
0:32.40 [INFO ] (Song/loadFromJson#83): Loading song JSON: fresh/fresh
0:32.41 [INFO ] (Song/loadFromJson#83): Loading song JSON: fresh/fresh-hard
0:32.92 [INFO ] (Song/loadFromJson#83): Loading song JSON: dadbattle/dadbattle-easy
0:32.93 [INFO ] (Song/loadFromJson#83): Loading song JSON: dadbattle/dadbattle
0:32.95 [INFO ] (Song/loadFromJson#83): Loading song JSON: dadbattle/dadbattle-hard
0:33.32 [INFO ] (Song/loadFromJson#83): Loading song JSON: spookeez/spookeez-easy
0:33.33 [INFO ] (Song/loadFromJson#83): Loading song JSON: spookeez/spookeez
0:33.36 [INFO ] (Song/loadFromJson#83): Loading song JSON: spookeez/spookeez-hard
0:34.39 [INFO ] (Song/loadFromJson#83): Loading song JSON: south/south-easy
0:34.51 [INFO ] (Song/loadFromJson#83): Loading song JSON: south/south
0:34.54 [INFO ] (Song/loadFromJson#83): Loading song JSON: south/south-hard
0:35.66 [INFO ] (Song/loadFromJson#83): Loading song JSON: monster/monster-easy
0:35.79 [INFO ] (Song/loadFromJson#83): Loading song JSON: monster/monster
0:35.82 [INFO ] (Song/loadFromJson#83): Loading song JSON: monster/monster-hard
0:36.82 [INFO ] (Song/loadFromJson#83): Loading song JSON: pico/pico-easy
0:36.84 [INFO ] (Song/loadFromJson#83): Loading song JSON: pico/pico
0:36.85 [INFO ] (Song/loadFromJson#83): Loading song JSON: pico/pico-hard
0:37.21 [INFO ] (Song/loadFromJson#83): Loading song JSON: philly/philly-easy
0:37.23 [INFO ] (Song/loadFromJson#83): Loading song JSON: philly/philly
0:37.25 [INFO ] (Song/loadFromJson#83): Loading song JSON: philly/philly-hard
0:37.67 [INFO ] (Song/loadFromJson#83): Loading song JSON: blammed/blammed-easy
0:37.69 [INFO ] (Song/loadFromJson#83): Loading song JSON: blammed/blammed
0:37.70 [INFO ] (Song/loadFromJson#83): Loading song JSON: blammed/blammed-hard
0:38.21 [INFO ] (Song/loadFromJson#83): Loading song JSON: satin-panties/satin-panties-easy
0:38.21 [INFO ] (Song/loadFromJson#83): Loading song JSON: satin-panties/satin-panties
0:38.22 [INFO ] (Song/loadFromJson#83): Loading song JSON: satin-panties/satin-panties-hard
0:38.63 [INFO ] (Song/loadFromJson#83): Loading song JSON: high/high-easy
0:38.63 [INFO ] (Song/loadFromJson#83): Loading song JSON: high/high
0:38.64 [INFO ] (Song/loadFromJson#83): Loading song JSON: high/high-hard
0:39.15 [INFO ] (Song/loadFromJson#83): Loading song JSON: milf/milf-easy
0:39.16 [INFO ] (Song/loadFromJson#83): Loading song JSON: milf/milf
0:39.17 [INFO ] (Song/loadFromJson#83): Loading song JSON: milf/milf-hard
0:39.72 [INFO ] (Song/loadFromJson#83): Loading song JSON: cocoa/cocoa-easy
0:39.73 [INFO ] (Song/loadFromJson#83): Loading song JSON: cocoa/cocoa
0:39.73 [INFO ] (Song/loadFromJson#83): Loading song JSON: cocoa/cocoa-hard
0:40.29 [INFO ] (Song/loadFromJson#83): Loading song JSON: eggnog/eggnog-easy
0:40.30 [INFO ] (Song/loadFromJson#83): Loading song JSON: eggnog/eggnog
0:40.30 [INFO ] (Song/loadFromJson#83): Loading song JSON: eggnog/eggnog-hard
0:40.72 [INFO ] (Song/loadFromJson#83): Loading song JSON: winter-horrorland/winter-horrorland-easy
0:40.73 [INFO ] (Song/loadFromJson#83): Loading song JSON: winter-horrorland/winter-horrorland
0:40.74 [INFO ] (Song/loadFromJson#83): Loading song JSON: winter-horrorland/winter-horrorland-hard
0:42.20 [INFO ] (Song/loadFromJson#83): Loading song JSON: senpai/senpai-easy
0:42.23 [INFO ] (Song/loadFromJson#83): Loading song JSON: senpai/senpai
0:42.25 [INFO ] (Song/loadFromJson#83): Loading song JSON: senpai/senpai-hard
0:43.13 [INFO ] (Song/loadFromJson#83): Loading song JSON: roses/roses-easy
0:43.14 [INFO ] (Song/loadFromJson#83): Loading song JSON: roses/roses
0:43.15 [INFO ] (Song/loadFromJson#83): Loading song JSON: roses/roses-hard
0:43.57 [INFO ] (Song/loadFromJson#83): Loading song JSON: thorns/thorns-easy
0:43.58 [INFO ] (Song/loadFromJson#83): Loading song JSON: thorns/thorns
0:43.59 [INFO ] (Song/loadFromJson#83): Loading song JSON: thorns/thorns-hard
0:51.24 [INFO ] (FreeplayState/loadSongInFreePlay#494): Loading song bopeebo from week 1 into Free Play...
0:52.61 [INFO ] (PlayState/create#370): Searching for mod chart? (false) at assets/data/songs/bopeebo/modchart.lua
0:52.62 [INFO ] (Character/parseDataFile#438): Generating character (gf) from JSON data...
0:57.15 [TRACE] (NoteskinHelpers/generatePixelSprite#78): bruh momento
0:57.16 [TRACE] (NoteskinHelpers/generateNoteskinSprite#60): bruh momento
0:57.24 [TRACE] (NoteskinHelpers/generatePixelSprite#78): bruh momento
0:57.25 [TRACE] (PlayState/generateStaticArrows#1801): FlxAtlasFrames
0:57.25 [TRACE] (PlayState/generateStaticArrows#1801): FlxAtlasFrames
0:57.26 [TRACE] (PlayState/generateStaticArrows#1801): FlxAtlasFrames
0:57.26 [TRACE] (PlayState/generateStaticArrows#1801): FlxAtlasFrames
0:57.27 [TRACE] (PlayState/generateStaticArrows#1801): FlxAtlasFrames
0:57.27 [TRACE] (PlayState/generateStaticArrows#1801): FlxAtlasFrames
0:57.27 [TRACE] (PlayState/generateStaticArrows#1801): FlxAtlasFrames
0:57.28 [TRACE] (PlayState/generateStaticArrows#1801): FlxAtlasFrames
0:57.93 [TRACE] (PlayState/generateSong#1742): whats the fuckin shit
1:03.47 [TRACE] (ChartingState/create#161): false
1:03.47 [TRACE] (ChartingState/create#163): FlxAtlasFrames
1:03.48 [TRACE] (NoteskinHelpers/generateNoteskinSprite#60): bruh momento
1:03.57 [INFO ] (Song/loadFromJson#83): Loading song JSON: bopeebo/bopeebo-hard
1:03.58 [TRACE] (ChartingState/addGrid#522): 640
1:03.58 [TRACE] (ChartingState/addGrid#526): height of 0
1:03.59 [TRACE] (ChartingState/create#261): goin
1:03.60 [TRACE] (ChartingState/create#302): STRUCTS: 2
1:03.60 [TRACE] (ChartingState/recalculateAllSectionTimes#3216): RECALCULATING SECTION TIMES
1:03.61 [TRACE] (ChartingState/poggers#1788): FUCK YOU BITCH FUCKER CUCK SUCK BITCH 32
1:03.62 [TRACE] (ChartingState/create#308): Song length in MS: 76800
1:03.62 [TRACE] (ChartingState/create#326): LENGTH IN STEPS 512 | LENGTH IN BEATS 128 | SECTIONS: 33
1:03.63 [TRACE] (ChartingState/create#337): TARGET 76800
1:03.66 [TRACE] (ChartingState/create#363): 76160
1:04.44 [TRACE] (ChartingState/addEventsUI#849): 100
1:04.45 [TRACE] (ChartingState/addEventsUI#864): bruh
1:04.45 [TRACE] (ChartingState/addEventsUI#868): Event
1:04.46 [TRACE] (ChartingState/addEventsUI#870): bruh
1:04.46 [TRACE] (ChartingState/addEventsUI#872): bruh
1:04.46 [TRACE] (ChartingState/addEventsUI#874): bruh
1:04.47 [TRACE] (ChartingState/addEventsUI#876): bruh
1:04.47 [TRACE] (ChartingState/addEventsUI#878): bruh
1:04.47 [TRACE] (ChartingState/addEventsUI#880): bruh
1:04.49 [TRACE] (ChartingState/addEventsUI#926): bruh
1:04.49 [TRACE] (ChartingState/regenerateLines#467): removed lines and texts
1:04.51 [TRACE] (ChartingState/create#426): bruh
1:04.51 [TRACE] (ChartingState/create#440): bruh
1:04.52 [TRACE] (ChartingState/create#445): bruh
1:04.52 [TRACE] (ChartingState/create#447): create
1:05.73 [TRACE] (ChartingState/recalculateAllSectionTimes#3216): RECALCULATING SECTION TIMES
1:05.73 [TRACE] (ChartingState/regenerateLines#467): removed lines and texts
1:09.64 [TRACE] (ChartingState/addEventsUI#902): 100 - value
1:14.25 [TRACE] (ChartingState/addNote#3331): 600 from 240
1:14.27 [TRACE] (ChartingState/addNote#3337): adding note with 600 from dummyArrow with data 6
1:15.02 [TRACE] (ChartingState/update#2067): SNAP - 16 INCREASE - -0.25 - GO TO BEAT -0.25025
1:15.05 [TRACE] (ChartingState/update#2067): SNAP - 16 INCREASE - -0.25 - GO TO BEAT -0.25025
1:15.07 [TRACE] (ChartingState/update#2067): SNAP - 16 INCREASE - -0.25 - GO TO BEAT -0.25025
1:15.09 [TRACE] (ChartingState/update#2067): SNAP - 16 INCREASE - -0.25 - GO TO BEAT -0.25025
1:15.12 [TRACE] (ChartingState/update#2067): SNAP - 16 INCREASE - -0.25 - GO TO BEAT -0.25025
1:15.13 [TRACE] (ChartingState/update#2067): SNAP - 16 INCREASE - -0.25 - GO TO BEAT -0.25025
1:15.33 [TRACE] (ChartingState/update#2067): SNAP - 16 INCREASE - 0.25 - GO TO BEAT 0.25
1:15.36 [TRACE] (ChartingState/update#2067): SNAP - 16 INCREASE - 0.25 - GO TO BEAT 0.5
1:15.38 [TRACE] (ChartingState/update#2067): SNAP - 16 INCREASE - 0.25 - GO TO BEAT 0.75
1:15.40 [TRACE] (ChartingState/update#2067): SNAP - 16 INCREASE - 0.25 - GO TO BEAT 1
1:15.43 [TRACE] (ChartingState/update#2067): SNAP - 16 INCREASE - 0.25 - GO TO BEAT 1.25
1:15.45 [TRACE] (ChartingState/update#2067): SNAP - 16 INCREASE - 0.25 - GO TO BEAT 1.5
1:15.63 [TRACE] (ChartingState/update#2067): SNAP - 16 INCREASE - 0.25 - GO TO BEAT 1.75
1:17.05 [INFO ] (PlayState/create#370): Searching for mod chart? (false) at assets/data/songs/bopeebo/modchart.lua
1:17.06 [INFO ] (Character/parseDataFile#438): Generating character (gf) from JSON data...
1:21.69 [TRACE] (NoteskinHelpers/generatePixelSprite#78): bruh momento
1:21.70 [TRACE] (NoteskinHelpers/generateNoteskinSprite#60): bruh momento
1:21.77 [TRACE] (NoteskinHelpers/generatePixelSprite#78): bruh momento
1:21.78 [TRACE] (PlayState/generateStaticArrows#1801): FlxAtlasFrames
1:21.78 [TRACE] (PlayState/generateStaticArrows#1801): FlxAtlasFrames
1:21.79 [TRACE] (PlayState/generateStaticArrows#1801): FlxAtlasFrames
1:21.79 [TRACE] (PlayState/generateStaticArrows#1801): FlxAtlasFrames
1:21.80 [TRACE] (PlayState/generateStaticArrows#1801): FlxAtlasFrames
1:21.80 [TRACE] (PlayState/generateStaticArrows#1801): FlxAtlasFrames
1:21.81 [TRACE] (PlayState/generateStaticArrows#1801): FlxAtlasFrames
1:21.81 [TRACE] (PlayState/generateStaticArrows#1801): FlxAtlasFrames
1:21.83 [TRACE] (PlayState/generateSong#1742): whats the fuckin shit
1:39.83 [TRACE] (MusicBeatState/onWindowFocusIn#241): IM BACK!!!
1:39.85 [TRACE] (MusicBeatSubstate/onWindowFocusIn#131): IM BACK!!!
1:50.44 [TRACE] (MusicBeatState/onWindowFocusIn#241): IM BACK!!!
1:50.51 [TRACE] (MusicBeatSubstate/onWindowFocusIn#131): IM BACK!!!
1:51.56 [TRACE] (PauseSubState/destroy#261): destroying music for pauseeta
1:57.00 [TRACE] (PauseSubState/destroy#261): destroying music for pauseeta
