0:00.00 [INFO ] (Debug/onInitProgram#203): Debug logging initialized. Hello, developer.
0:00.00 [INFO ] (Debug/onInitProgram#208): This is a RELEASE build.
0:00.01 [INFO ] (Debug/onInitProgram#210): HaxeFlixel version: HaxeFlixel 4.10.0
0:00.02 [INFO ] (Debug/onInitProgram#211): Friday Night Funkin' version: 0.2.7.1
0:00.02 [INFO ] (Debug/onInitProgram#212): KadeEngine version: 1.8
0:00.03 [INFO ] (ModCore/initialize#27): Initializing ModCore...
0:00.03 [INFO ] (ModCore/getModIds#95): Scanning the mods folder...
0:00.04 [INFO ] (ModCore/getModIds#97): Found 1 mods when scanning.
0:00.04 [INFO ] (ModCore/loadModsById#37): Attempting to load 1 mods...
0:00.05 [WARN ] Could not find mod icon file: "mods/introMod/_polymod_icon.png"
0:00.05 [INFO ]  user specified CUSTOM
0:00.06 [TRACE] (ModCoreBackend/new#167): Initialized custom asset loader backend.
0:00.06 [WARN ] (ModCoreBackend/clearCache#173): Custom asset cache has been cleared.
0:00.07 [ERROR] Preparing to load mod mods/introMod
0:00.07 [ERROR] Done loading mod mods/introMod
0:00.08 [TRACE] (ModCoreBackend/exists#178): Call to ModCoreBackend: exists(_polymod_pack.txt)
0:00.10 [INFO ] (ModCore/loadModsById#67): Mod loading complete. We loaded 1 / 1 mods.
0:00.11 [TRACE] (ModCore/loadModsById#70):   * Intro Mod v1.0.0 [introMod]
0:00.11 [INFO ] (ModCore/loadModsById#73): Installed mods have replaced 1 images.
0:00.12 [TRACE] (ModCore/loadModsById#75):   * images/KadeEngineLogo.png
0:00.13 [INFO ] (ModCore/loadModsById#78): Installed mods have replaced 0 text files.
0:00.14 [INFO ] (ModCore/loadModsById#83): Installed mods have replaced 0 music files.
0:00.15 [INFO ] (ModCore/loadModsById#88): Installed mods have replaced 0 sound files.
0:00.22 [TRACE] (TitleState/create#56): We loaded 0 assets into the default library
0:11.46 [INFO ] (TitleState/skipIntro#446): Skipping intro...
0:55.71 [TRACE] (OptionsMenu/switchCat#319): Changed cat: 0
1:09.70 [TRACE] (OptionsMenu/switchCat#319): Changed cat: 1
1:10.79 [TRACE] (OptionsMenu/switchCat#319): Changed cat: 0
1:11.35 [TRACE] (OptionsMenu/selectOption#334): Changed opt: 0
1:11.37 [TRACE] (OptionsMenu/selectOption#336): Bounds: 114,640
1:11.99 [TRACE] (OptionsMenu/selectOption#334): Changed opt: 1
1:12.00 [TRACE] (OptionsMenu/selectOption#336): Bounds: 114,640
1:12.18 [TRACE] (OptionsMenu/selectOption#334): Changed opt: 2
1:12.18 [TRACE] (OptionsMenu/selectOption#336): Bounds: 114,640
1:12.34 [TRACE] (OptionsMenu/selectOption#334): Changed opt: 3
1:12.34 [TRACE] (OptionsMenu/selectOption#336): Bounds: 114,640
1:12.52 [TRACE] (OptionsMenu/selectOption#334): Changed opt: 4
1:12.52 [TRACE] (OptionsMenu/selectOption#336): Bounds: 114,640
1:13.05 [TRACE] (OptionsMenu/selectOption#334): Changed opt: 5
1:13.06 [TRACE] (OptionsMenu/selectOption#336): Bounds: 114,640
1:13.69 [TRACE] (OptionsMenu/selectOption#334): Changed opt: 4
1:13.70 [TRACE] (OptionsMenu/selectOption#336): Bounds: 114,640
1:13.85 [TRACE] (OptionsMenu/selectOption#334): Changed opt: 3
1:13.86 [TRACE] (OptionsMenu/selectOption#336): Bounds: 114,640
1:14.18 [TRACE] (OptionsMenu/selectOption#334): Changed opt: 4
1:14.19 [TRACE] (OptionsMenu/selectOption#336): Bounds: 114,640
1:14.36 [TRACE] (OptionsMenu/selectOption#334): Changed opt: 5
1:14.38 [TRACE] (OptionsMenu/selectOption#336): Bounds: 114,640
1:14.53 [TRACE] (OptionsMenu/selectOption#334): Changed opt: 6
1:14.55 [TRACE] (OptionsMenu/selectOption#336): Bounds: 114,640
1:14.69 [TRACE] (OptionsMenu/selectOption#334): Changed opt: 7
1:14.71 [TRACE] (OptionsMenu/selectOption#336): Bounds: 114,640
1:14.84 [TRACE] (OptionsMenu/selectOption#334): Changed opt: 8
1:14.85 [TRACE] (OptionsMenu/selectOption#336): Bounds: 114,640
1:14.99 [TRACE] (OptionsMenu/selectOption#334): Changed opt: 9
1:15.01 [TRACE] (OptionsMenu/selectOption#336): Bounds: 114,640
1:15.13 [TRACE] (OptionsMenu/selectOption#334): Changed opt: 10
1:15.14 [TRACE] (OptionsMenu/selectOption#336): Bounds: 114,640
1:15.78 [TRACE] (OptionsMenu/selectOption#334): Changed opt: 11
1:15.79 [TRACE] (OptionsMenu/selectOption#336): Bounds: 114,640
1:16.01 [TRACE] (OptionsMenu/selectOption#334): Changed opt: 12
1:16.01 [TRACE] (OptionsMenu/selectOption#336): Bounds: 114,640
1:16.28 [TRACE] (OptionsMenu/selectOption#334): Changed opt: 0
1:16.29 [TRACE] (OptionsMenu/selectOption#336): Bounds: 114,640
1:16.62 [TRACE] (OptionsMenu/selectOption#334): Changed opt: 1
1:16.63 [TRACE] (OptionsMenu/selectOption#336): Bounds: 114,640
1:16.81 [TRACE] (OptionsMenu/selectOption#334): Changed opt: 2
1:16.82 [TRACE] (OptionsMenu/selectOption#336): Bounds: 114,640
1:17.28 [TRACE] (OptionsMenu/selectOption#334): Changed opt: 1
1:17.28 [TRACE] (OptionsMenu/selectOption#336): Bounds: 114,640
1:17.50 [TRACE] (OptionsMenu/selectOption#334): Changed opt: 0
1:17.51 [TRACE] (OptionsMenu/selectOption#336): Bounds: 114,640
1:19.17 [TRACE] (OptionsMenu/update#560): New text: > Scroll Speed: < 1.1 >
1:19.91 [TRACE] (OptionsMenu/update#571): New text: > Scroll Speed: < 1 >
1:23.22 [TRACE] (OptionsMenu/switchCat#319): Changed cat: 1
1:28.74 [TRACE] (OptionsMenu/switchCat#319): Changed cat: 2
1:29.04 [TRACE] (OptionsMenu/switchCat#319): Changed cat: 3
1:37.48 [TRACE] (OptionsMenu/switchCat#319): Changed cat: 0
1:43.02 [TRACE] (OptionsMenu/selectOption#334): Changed opt: 0
1:43.03 [TRACE] (OptionsMenu/selectOption#336): Bounds: 114,640
1:43.78 [TRACE] (OptionsMenu/selectOption#334): Changed opt: 1
1:43.79 [TRACE] (OptionsMenu/selectOption#336): Bounds: 114,640
1:43.94 [TRACE] (OptionsMenu/selectOption#334): Changed opt: 2
1:43.95 [TRACE] (OptionsMenu/selectOption#336): Bounds: 114,640
1:44.11 [TRACE] (OptionsMenu/selectOption#334): Changed opt: 3
1:44.11 [TRACE] (OptionsMenu/selectOption#336): Bounds: 114,640
1:44.25 [TRACE] (OptionsMenu/selectOption#334): Changed opt: 4
1:44.25 [TRACE] (OptionsMenu/selectOption#336): Bounds: 114,640
1:44.38 [TRACE] (OptionsMenu/selectOption#334): Changed opt: 5
1:44.39 [TRACE] (OptionsMenu/selectOption#336): Bounds: 114,640
1:44.56 [TRACE] (OptionsMenu/selectOption#334): Changed opt: 6
1:44.56 [TRACE] (OptionsMenu/selectOption#336): Bounds: 114,640
1:46.99 [TRACE] (OptionsMenu/update#560): New text: > FPS Cap: < 130 >
1:47.19 [TRACE] (OptionsMenu/update#560): New text: > FPS Cap: < 140 >
1:47.36 [TRACE] (OptionsMenu/update#560): New text: > FPS Cap: < 150 >
1:47.54 [TRACE] (OptionsMenu/update#560): New text: > FPS Cap: < 160 >
1:47.68 [TRACE] (OptionsMenu/update#560): New text: > FPS Cap: < 170 >
1:47.85 [TRACE] (OptionsMenu/update#560): New text: > FPS Cap: < 180 >
1:48.01 [TRACE] (OptionsMenu/update#560): New text: > FPS Cap: < 190 >
1:48.16 [TRACE] (OptionsMenu/update#560): New text: > FPS Cap: < 200 >
1:48.28 [TRACE] (OptionsMenu/update#560): New text: > FPS Cap: < 210 >
1:48.53 [TRACE] (OptionsMenu/update#560): New text: > FPS Cap: < 220 >
1:48.68 [TRACE] (OptionsMenu/update#560): New text: > FPS Cap: < 230 >
1:48.80 [TRACE] (OptionsMenu/update#560): New text: > FPS Cap: < 240 >
1:49.03 [TRACE] (OptionsMenu/update#560): New text: > FPS Cap: < 250 >
1:49.17 [TRACE] (OptionsMenu/update#560): New text: > FPS Cap: < 260 >
1:49.31 [TRACE] (OptionsMenu/update#560): New text: > FPS Cap: < 270 >
1:49.51 [TRACE] (OptionsMenu/update#560): New text: > FPS Cap: < 280 >
1:49.60 [TRACE] (OptionsMenu/update#560): New text: > FPS Cap: < 290 >
1:49.73 [TRACE] (OptionsMenu/update#560): New text: > FPS Cap: < 290 >
1:49.90 [TRACE] (OptionsMenu/update#560): New text: > FPS Cap: < 290 >
1:50.10 [TRACE] (OptionsMenu/update#560): New text: > FPS Cap: < 290 >
1:50.30 [TRACE] (OptionsMenu/update#560): New text: > FPS Cap: < 290 >
1:50.45 [TRACE] (OptionsMenu/update#560): New text: > FPS Cap: < 290 >
1:50.67 [TRACE] (OptionsMenu/update#560): New text: > FPS Cap: < 290 >
1:50.85 [TRACE] (OptionsMenu/update#560): New text: > FPS Cap: < 290 >
1:52.22 [TRACE] (OptionsMenu/selectOption#334): Changed opt: 5
1:52.23 [TRACE] (OptionsMenu/selectOption#336): Bounds: 114,640
1:54.29 [TRACE] (OptionsMenu/selectOption#334): Changed opt: 6
1:54.30 [TRACE] (OptionsMenu/selectOption#336): Bounds: 114,640
1:54.47 [TRACE] (OptionsMenu/selectOption#334): Changed opt: 7
1:54.48 [TRACE] (OptionsMenu/selectOption#336): Bounds: 114,640
1:54.67 [TRACE] (OptionsMenu/selectOption#334): Changed opt: 8
1:54.69 [TRACE] (OptionsMenu/selectOption#336): Bounds: 114,640
1:54.89 [TRACE] (OptionsMenu/selectOption#334): Changed opt: 9
1:54.91 [TRACE] (OptionsMenu/selectOption#336): Bounds: 114,640
1:56.10 [TRACE] (OptionsMenu/selectOption#334): Changed opt: 8
1:56.12 [TRACE] (OptionsMenu/selectOption#336): Bounds: 114,640
1:57.09 [TRACE] (OptionsMenu/selectOption#334): Changed opt: 7
1:57.10 [TRACE] (OptionsMenu/selectOption#336): Bounds: 114,640
1:57.42 [TRACE] (OptionsMenu/selectOption#334): Changed opt: 6
1:57.42 [TRACE] (OptionsMenu/selectOption#336): Bounds: 114,640
1:57.60 [TRACE] (OptionsMenu/selectOption#334): Changed opt: 5
1:57.60 [TRACE] (OptionsMenu/selectOption#336): Bounds: 114,640
1:59.58 [TRACE] (OptionsMenu/switchCat#319): Changed cat: 1
2:03.22 [TRACE] (OptionsMenu/switchCat#319): Changed cat: 2
2:08.28 [TRACE] (OptionsMenu/selectOption#334): Changed opt: 0
2:08.28 [TRACE] (OptionsMenu/selectOption#336): Bounds: 114,640
2:09.36 [TRACE] (OptionsMenu/update#560): New text: > FPS Counter: < on >
2:10.99 [TRACE] (OptionsMenu/selectOption#334): Changed opt: 1
2:11.01 [TRACE] (OptionsMenu/selectOption#336): Bounds: 114,640
2:11.69 [TRACE] (OptionsMenu/selectOption#334): Changed opt: 2
2:11.70 [TRACE] (OptionsMenu/selectOption#336): Bounds: 114,640
2:12.45 [TRACE] (OptionsMenu/update#571): New text: > Watermarks: < off >
2:16.79 [TRACE] (OptionsMenu/switchCat#319): Changed cat: 3
2:52.61 [INFO ] (Song/loadFromJson#83): Loading song JSON: bopeebo/bopeebo-hard
2:54.54 [INFO ] (PlayState/create#370): Searching for mod chart? (false) at assets/data/songs/bopeebo/modchart.lua
2:54.55 [INFO ] (Character/parseDataFile#422): Generating character (gf) from JSON data...
3:01.74 [TRACE] (NoteskinHelpers/generatePixelSprite#78): bruh momento
3:01.76 [TRACE] (NoteskinHelpers/generateNoteskinSprite#60): bruh momento
3:01.84 [TRACE] (NoteskinHelpers/generatePixelSprite#78): bruh momento
3:01.84 [TRACE] (PlayState/generateStaticArrows#1797): FlxAtlasFrames
3:01.85 [TRACE] (PlayState/generateStaticArrows#1797): FlxAtlasFrames
3:01.85 [TRACE] (PlayState/generateStaticArrows#1797): FlxAtlasFrames
3:01.86 [TRACE] (PlayState/generateStaticArrows#1797): FlxAtlasFrames
3:01.86 [TRACE] (PlayState/generateStaticArrows#1797): FlxAtlasFrames
3:01.87 [TRACE] (PlayState/generateStaticArrows#1797): FlxAtlasFrames
3:01.87 [TRACE] (PlayState/generateStaticArrows#1797): FlxAtlasFrames
3:01.88 [TRACE] (PlayState/generateStaticArrows#1797): FlxAtlasFrames
3:02.56 [TRACE] (PlayState/generateSong#1738): whats the fuckin shit
4:24.19 [TRACE] (PlayState/update#2085): we're fuckin ending the song 
4:26.26 [INFO ] (PlayState/endSong#3437): PlayState: Loading next story song fresh--hard
4:26.28 [INFO ] (Song/loadFromJson#83): Loading song JSON: fresh/fresh-hard
4:26.36 [INFO ] (PlayState/create#370): Searching for mod chart? (false) at assets/data/songs/fresh/modchart.lua
4:26.39 [INFO ] (Character/parseDataFile#422): Generating character (gf) from JSON data...
4:33.25 [TRACE] (NoteskinHelpers/generatePixelSprite#78): bruh momento
4:33.26 [TRACE] (NoteskinHelpers/generateNoteskinSprite#60): bruh momento
4:33.33 [TRACE] (NoteskinHelpers/generatePixelSprite#78): bruh momento
4:33.34 [TRACE] (PlayState/generateStaticArrows#1797): FlxAtlasFrames
4:33.35 [TRACE] (PlayState/generateStaticArrows#1797): FlxAtlasFrames
4:33.35 [TRACE] (PlayState/generateStaticArrows#1797): FlxAtlasFrames
4:33.35 [TRACE] (PlayState/generateStaticArrows#1797): FlxAtlasFrames
4:33.36 [TRACE] (PlayState/generateStaticArrows#1797): FlxAtlasFrames
4:33.36 [TRACE] (PlayState/generateStaticArrows#1797): FlxAtlasFrames
4:33.37 [TRACE] (PlayState/generateStaticArrows#1797): FlxAtlasFrames
4:33.37 [TRACE] (PlayState/generateStaticArrows#1797): FlxAtlasFrames
4:36.23 [TRACE] (PlayState/generateSong#1738): whats the fuckin shit
4:44.62 [TRACE] (MusicBeatState/onWindowFocusIn#241): IM BACK!!!
4:51.81 [INFO ] (PlayState/create#370): Searching for mod chart? (false) at assets/data/songs/fresh/modchart.lua
4:51.89 [INFO ] (Character/parseDataFile#422): Generating character (gf) from JSON data...
4:59.00 [TRACE] (NoteskinHelpers/generatePixelSprite#78): bruh momento
4:59.03 [TRACE] (NoteskinHelpers/generateNoteskinSprite#60): bruh momento
4:59.11 [TRACE] (NoteskinHelpers/generatePixelSprite#78): bruh momento
4:59.12 [TRACE] (PlayState/generateStaticArrows#1797): FlxAtlasFrames
4:59.12 [TRACE] (PlayState/generateStaticArrows#1797): FlxAtlasFrames
4:59.13 [TRACE] (PlayState/generateStaticArrows#1797): FlxAtlasFrames
4:59.13 [TRACE] (PlayState/generateStaticArrows#1797): FlxAtlasFrames
4:59.14 [TRACE] (PlayState/generateStaticArrows#1797): FlxAtlasFrames
4:59.14 [TRACE] (PlayState/generateStaticArrows#1797): FlxAtlasFrames
4:59.15 [TRACE] (PlayState/generateStaticArrows#1797): FlxAtlasFrames
4:59.15 [TRACE] (PlayState/generateStaticArrows#1797): FlxAtlasFrames
4:59.17 [TRACE] (PlayState/generateSong#1738): whats the fuckin shit
