0:00.00 [INFO ] (Debug/onInitProgram#203): Debug logging initialized. Hello, developer.
0:00.00 [INFO ] (Debug/onInitProgram#208): This is a RELEASE build.
0:00.01 [INFO ] (Debug/onInitProgram#210): HaxeFlixel version: HaxeFlixel 4.10.0
0:00.01 [INFO ] (Debug/onInitProgram#211): Friday Night Funkin' version: 0.2.7.1
0:00.02 [INFO ] (Debug/onInitProgram#212): KadeEngine version: 1.8
0:00.03 [INFO ] (ModCore/initialize#27): Initializing ModCore...
0:00.03 [INFO ] (ModCore/getModIds#95): Scanning the mods folder...
0:00.04 [INFO ] (ModCore/getModIds#97): Found 1 mods when scanning.
0:00.05 [INFO ] (ModCore/loadModsById#37): Attempting to load 1 mods...
0:00.05 [WARN ] Could not find mod icon file: "mods/introMod/_polymod_icon.png"
0:00.06 [INFO ]  user specified CUSTOM
0:00.06 [TRACE] (ModCoreBackend/new#167): Initialized custom asset loader backend.
0:00.07 [WARN ] (ModCoreBackend/clearCache#173): Custom asset cache has been cleared.
0:00.08 [ERROR] Preparing to load mod mods/introMod
0:00.08 [ERROR] Done loading mod mods/introMod
0:00.09 [TRACE] (ModCoreBackend/exists#178): Call to ModCoreBackend: exists(_polymod_pack.txt)
0:00.09 [INFO ] (ModCore/loadModsById#67): Mod loading complete. We loaded 1 / 1 mods.
0:00.10 [TRACE] (ModCore/loadModsById#70):   * Intro Mod v1.0.0 [introMod]
0:00.11 [INFO ] (ModCore/loadModsById#73): Installed mods have replaced 1 images.
0:00.11 [TRACE] (ModCore/loadModsById#75):   * images/KadeEngineLogo.png
0:00.12 [INFO ] (ModCore/loadModsById#78): Installed mods have replaced 0 text files.
0:00.13 [INFO ] (ModCore/loadModsById#83): Installed mods have replaced 0 music files.
0:00.13 [INFO ] (ModCore/loadModsById#88): Installed mods have replaced 0 sound files.
0:00.15 [TRACE] (TitleState/create#56): We loaded 0 assets into the default library
0:11.73 [INFO ] (TitleState/skipIntro#446): Skipping intro...
0:40.12 [INFO ] (Song/loadFromJson#83): Loading song JSON: tutorial/tutorial-easy
0:40.14 [INFO ] (Song/loadFromJson#83): Loading song JSON: tutorial/tutorial
0:40.15 [INFO ] (Song/loadFromJson#83): Loading song JSON: tutorial/tutorial-hard
0:40.49 [INFO ] (Song/loadFromJson#83): Loading song JSON: bopeebo/bopeebo-easy
0:40.54 [INFO ] (Song/loadFromJson#83): Loading song JSON: bopeebo/bopeebo
0:40.54 [INFO ] (Song/loadFromJson#83): Loading song JSON: bopeebo/bopeebo-hard
0:40.91 [INFO ] (Song/loadFromJson#83): Loading song JSON: fresh/fresh-easy
0:40.93 [INFO ] (Song/loadFromJson#83): Loading song JSON: fresh/fresh
0:40.95 [INFO ] (Song/loadFromJson#83): Loading song JSON: fresh/fresh-hard
0:41.68 [INFO ] (Song/loadFromJson#83): Loading song JSON: dadbattle/dadbattle-easy
0:41.83 [INFO ] (Song/loadFromJson#83): Loading song JSON: dadbattle/dadbattle
0:41.86 [INFO ] (Song/loadFromJson#83): Loading song JSON: dadbattle/dadbattle-hard
0:42.85 [INFO ] (Song/loadFromJson#83): Loading song JSON: spookeez/spookeez-easy
0:42.90 [INFO ] (Song/loadFromJson#83): Loading song JSON: spookeez/spookeez
0:42.94 [INFO ] (Song/loadFromJson#83): Loading song JSON: spookeez/spookeez-hard
0:43.71 [INFO ] (Song/loadFromJson#83): Loading song JSON: south/south-easy
0:43.81 [INFO ] (Song/loadFromJson#83): Loading song JSON: south/south
0:43.89 [INFO ] (Song/loadFromJson#83): Loading song JSON: south/south-hard
0:44.29 [INFO ] (Song/loadFromJson#83): Loading song JSON: monster/monster-easy
0:44.32 [INFO ] (Song/loadFromJson#83): Loading song JSON: monster/monster
0:44.32 [INFO ] (Song/loadFromJson#83): Loading song JSON: monster/monster-hard
0:45.05 [INFO ] (Song/loadFromJson#83): Loading song JSON: pico/pico-easy
0:45.07 [INFO ] (Song/loadFromJson#83): Loading song JSON: pico/pico
0:45.10 [INFO ] (Song/loadFromJson#83): Loading song JSON: pico/pico-hard
0:45.50 [INFO ] (Song/loadFromJson#83): Loading song JSON: philly/philly-easy
0:45.51 [INFO ] (Song/loadFromJson#83): Loading song JSON: philly/philly
0:45.52 [INFO ] (Song/loadFromJson#83): Loading song JSON: philly/philly-hard
0:45.95 [INFO ] (Song/loadFromJson#83): Loading song JSON: blammed/blammed-easy
0:45.96 [INFO ] (Song/loadFromJson#83): Loading song JSON: blammed/blammed
0:45.96 [INFO ] (Song/loadFromJson#83): Loading song JSON: blammed/blammed-hard
0:46.61 [INFO ] (Song/loadFromJson#83): Loading song JSON: satin-panties/satin-panties-easy
0:46.69 [INFO ] (Song/loadFromJson#83): Loading song JSON: satin-panties/satin-panties
0:46.70 [INFO ] (Song/loadFromJson#83): Loading song JSON: satin-panties/satin-panties-hard
0:47.14 [INFO ] (Song/loadFromJson#83): Loading song JSON: high/high-easy
0:47.15 [INFO ] (Song/loadFromJson#83): Loading song JSON: high/high
0:47.16 [INFO ] (Song/loadFromJson#83): Loading song JSON: high/high-hard
0:48.00 [INFO ] (Song/loadFromJson#83): Loading song JSON: milf/milf-easy
0:48.02 [INFO ] (Song/loadFromJson#83): Loading song JSON: milf/milf
0:48.04 [INFO ] (Song/loadFromJson#83): Loading song JSON: milf/milf-hard
0:49.71 [INFO ] (Song/loadFromJson#83): Loading song JSON: cocoa/cocoa-easy
0:49.72 [INFO ] (Song/loadFromJson#83): Loading song JSON: cocoa/cocoa
0:49.72 [INFO ] (Song/loadFromJson#83): Loading song JSON: cocoa/cocoa-hard
0:50.29 [INFO ] (Song/loadFromJson#83): Loading song JSON: eggnog/eggnog-easy
0:50.30 [INFO ] (Song/loadFromJson#83): Loading song JSON: eggnog/eggnog
0:50.30 [INFO ] (Song/loadFromJson#83): Loading song JSON: eggnog/eggnog-hard
0:50.89 [INFO ] (Song/loadFromJson#83): Loading song JSON: winter-horrorland/winter-horrorland-easy
0:50.90 [INFO ] (Song/loadFromJson#83): Loading song JSON: winter-horrorland/winter-horrorland
0:50.91 [INFO ] (Song/loadFromJson#83): Loading song JSON: winter-horrorland/winter-horrorland-hard
0:51.51 [INFO ] (Song/loadFromJson#83): Loading song JSON: senpai/senpai-easy
0:51.52 [INFO ] (Song/loadFromJson#83): Loading song JSON: senpai/senpai
0:51.53 [INFO ] (Song/loadFromJson#83): Loading song JSON: senpai/senpai-hard
0:52.00 [INFO ] (Song/loadFromJson#83): Loading song JSON: roses/roses-easy
0:52.00 [INFO ] (Song/loadFromJson#83): Loading song JSON: roses/roses
0:52.01 [INFO ] (Song/loadFromJson#83): Loading song JSON: roses/roses-hard
0:52.46 [INFO ] (Song/loadFromJson#83): Loading song JSON: thorns/thorns-easy
0:52.47 [INFO ] (Song/loadFromJson#83): Loading song JSON: thorns/thorns
0:52.48 [INFO ] (Song/loadFromJson#83): Loading song JSON: thorns/thorns-hard
1:02.98 [INFO ] (FreeplayState/loadSongInFreePlay#494): Loading song bopeebo from week 1 into Free Play...
1:03.75 [INFO ] (PlayState/create#370): Searching for mod chart? (false) at assets/data/songs/bopeebo/modchart.lua
1:03.76 [INFO ] (Character/parseDataFile#438): Generating character (gf) from JSON data...
1:11.47 [TRACE] (NoteskinHelpers/generatePixelSprite#78): bruh momento
1:11.51 [TRACE] (NoteskinHelpers/generateNoteskinSprite#60): bruh momento
1:11.65 [TRACE] (NoteskinHelpers/generatePixelSprite#78): bruh momento
1:11.65 [TRACE] (PlayState/generateStaticArrows#1801): FlxAtlasFrames
1:11.66 [TRACE] (PlayState/generateStaticArrows#1801): FlxAtlasFrames
1:11.66 [TRACE] (PlayState/generateStaticArrows#1801): FlxAtlasFrames
1:11.67 [TRACE] (PlayState/generateStaticArrows#1801): FlxAtlasFrames
1:11.67 [TRACE] (PlayState/generateStaticArrows#1801): FlxAtlasFrames
1:11.68 [TRACE] (PlayState/generateStaticArrows#1801): FlxAtlasFrames
1:11.68 [TRACE] (PlayState/generateStaticArrows#1801): FlxAtlasFrames
1:11.69 [TRACE] (PlayState/generateStaticArrows#1801): FlxAtlasFrames
1:12.34 [TRACE] (PlayState/generateSong#1742): whats the fuckin shit
1:18.65 [TRACE] (ChartingState/create#161): false
1:18.65 [TRACE] (ChartingState/create#163): FlxAtlasFrames
1:18.66 [TRACE] (NoteskinHelpers/generateNoteskinSprite#60): bruh momento
1:18.74 [INFO ] (Song/loadFromJson#83): Loading song JSON: bopeebo/bopeebo-hard
1:18.76 [TRACE] (ChartingState/addGrid#522): 640
1:18.76 [TRACE] (ChartingState/addGrid#526): height of 0
1:18.77 [TRACE] (ChartingState/create#261): goin
1:18.78 [TRACE] (ChartingState/create#302): STRUCTS: 2
1:18.78 [TRACE] (ChartingState/recalculateAllSectionTimes#3216): RECALCULATING SECTION TIMES
1:18.79 [TRACE] (ChartingState/poggers#1788): FUCK YOU BITCH FUCKER CUCK SUCK BITCH 32
1:18.79 [TRACE] (ChartingState/create#308): Song length in MS: 76800
1:18.79 [TRACE] (ChartingState/create#326): LENGTH IN STEPS 512 | LENGTH IN BEATS 128 | SECTIONS: 33
1:18.80 [TRACE] (ChartingState/create#337): TARGET 76800
1:18.84 [TRACE] (ChartingState/create#363): 76160
1:19.88 [TRACE] (ChartingState/addEventsUI#849): 100
1:19.88 [TRACE] (ChartingState/addEventsUI#864): bruh
1:19.88 [TRACE] (ChartingState/addEventsUI#868): Event
1:19.89 [TRACE] (ChartingState/addEventsUI#870): bruh
1:19.89 [TRACE] (ChartingState/addEventsUI#872): bruh
1:19.90 [TRACE] (ChartingState/addEventsUI#874): bruh
1:19.90 [TRACE] (ChartingState/addEventsUI#876): bruh
1:19.90 [TRACE] (ChartingState/addEventsUI#878): bruh
1:19.91 [TRACE] (ChartingState/addEventsUI#880): bruh
1:19.92 [TRACE] (ChartingState/addEventsUI#926): bruh
1:19.93 [TRACE] (ChartingState/regenerateLines#467): removed lines and texts
1:19.94 [TRACE] (ChartingState/create#426): bruh
1:19.94 [TRACE] (ChartingState/create#440): bruh
1:19.95 [TRACE] (ChartingState/create#445): bruh
1:19.95 [TRACE] (ChartingState/create#447): create
1:21.43 [TRACE] (ChartingState/recalculateAllSectionTimes#3216): RECALCULATING SECTION TIMES
1:21.45 [TRACE] (ChartingState/regenerateLines#467): removed lines and texts
1:29.80 [INFO ] (PlayState/create#370): Searching for mod chart? (false) at assets/data/songs/bopeebo/modchart.lua
1:29.81 [INFO ] (Character/parseDataFile#438): Generating character (gf) from JSON data...
1:34.52 [TRACE] (NoteskinHelpers/generatePixelSprite#78): bruh momento
1:34.52 [TRACE] (NoteskinHelpers/generateNoteskinSprite#60): bruh momento
1:34.60 [TRACE] (NoteskinHelpers/generatePixelSprite#78): bruh momento
1:34.61 [TRACE] (PlayState/generateStaticArrows#1801): FlxAtlasFrames
1:34.62 [TRACE] (PlayState/generateStaticArrows#1801): FlxAtlasFrames
1:34.62 [TRACE] (PlayState/generateStaticArrows#1801): FlxAtlasFrames
1:34.63 [TRACE] (PlayState/generateStaticArrows#1801): FlxAtlasFrames
1:34.63 [TRACE] (PlayState/generateStaticArrows#1801): FlxAtlasFrames
1:34.64 [TRACE] (PlayState/generateStaticArrows#1801): FlxAtlasFrames
1:34.64 [TRACE] (PlayState/generateStaticArrows#1801): FlxAtlasFrames
1:34.65 [TRACE] (PlayState/generateStaticArrows#1801): FlxAtlasFrames
1:34.66 [TRACE] (PlayState/generateSong#1742): whats the fuckin shit
1:35.96 [TRACE] (MusicBeatState/onWindowFocusIn#241): IM BACK!!!
