0:00.00 [INFO ] (Debug/onInitProgram#203): Debug logging initialized. Hello, developer.
0:00.00 [INFO ] (Debug/onInitProgram#208): This is a RELEASE build.
0:00.01 [INFO ] (Debug/onInitProgram#210): HaxeFlixel version: HaxeFlixel 4.10.0
0:00.02 [INFO ] (Debug/onInitProgram#211): Friday Night Funkin' version: 0.2.7.1
0:00.02 [INFO ] (Debug/onInitProgram#212): KadeEngine version: 1.8
0:00.03 [INFO ] (ModCore/initialize#27): Initializing ModCore...
0:00.03 [INFO ] (ModCore/getModIds#95): Scanning the mods folder...
0:00.04 [INFO ] (ModCore/getModIds#97): Found 1 mods when scanning.
0:00.05 [INFO ] (ModCore/loadModsById#37): Attempting to load 1 mods...
0:00.05 [WARN ] Could not find mod icon file: "mods/introMod/_polymod_icon.png"
0:00.06 [INFO ]  user specified CUSTOM
0:00.06 [TRACE] (ModCoreBackend/new#167): Initialized custom asset loader backend.
0:00.07 [WARN ] (ModCoreBackend/clearCache#173): Custom asset cache has been cleared.
0:00.08 [ERROR] Preparing to load mod mods/introMod
0:00.08 [ERROR] Done loading mod mods/introMod
0:00.09 [TRACE] (ModCoreBackend/exists#178): Call to ModCoreBackend: exists(_polymod_pack.txt)
0:00.10 [INFO ] (ModCore/loadModsById#67): Mod loading complete. We loaded 1 / 1 mods.
0:00.10 [TRACE] (ModCore/loadModsById#70):   * Intro Mod v1.0.0 [introMod]
0:00.11 [INFO ] (ModCore/loadModsById#73): Installed mods have replaced 1 images.
0:00.11 [TRACE] (ModCore/loadModsById#75):   * images/KadeEngineLogo.png
0:00.12 [INFO ] (ModCore/loadModsById#78): Installed mods have replaced 0 text files.
0:00.13 [INFO ] (ModCore/loadModsById#83): Installed mods have replaced 0 music files.
0:00.13 [INFO ] (ModCore/loadModsById#88): Installed mods have replaced 0 sound files.
0:00.15 [TRACE] (TitleState/create#56): We loaded 0 assets into the default library
0:11.46 [INFO ] (TitleState/skipIntro#446): Skipping intro...
0:38.28 [INFO ] (Song/loadFromJson#83): Loading song JSON: tutorial/tutorial-easy
0:38.30 [INFO ] (Song/loadFromJson#83): Loading song JSON: tutorial/tutorial
0:38.31 [INFO ] (Song/loadFromJson#83): Loading song JSON: tutorial/tutorial-hard
0:38.67 [INFO ] (Song/loadFromJson#83): Loading song JSON: bopeebo/bopeebo-easy
0:38.69 [INFO ] (Song/loadFromJson#83): Loading song JSON: bopeebo/bopeebo
0:38.69 [INFO ] (Song/loadFromJson#83): Loading song JSON: bopeebo/bopeebo-hard
0:39.02 [INFO ] (Song/loadFromJson#83): Loading song JSON: fresh/fresh-easy
0:39.04 [INFO ] (Song/loadFromJson#83): Loading song JSON: fresh/fresh
0:39.07 [INFO ] (Song/loadFromJson#83): Loading song JSON: fresh/fresh-hard
0:39.59 [INFO ] (Song/loadFromJson#83): Loading song JSON: dadbattle/dadbattle-easy
0:39.61 [INFO ] (Song/loadFromJson#83): Loading song JSON: dadbattle/dadbattle
0:39.63 [INFO ] (Song/loadFromJson#83): Loading song JSON: dadbattle/dadbattle-hard
0:40.09 [INFO ] (Song/loadFromJson#83): Loading song JSON: spookeez/spookeez-easy
0:40.12 [INFO ] (Song/loadFromJson#83): Loading song JSON: spookeez/spookeez
0:40.16 [INFO ] (Song/loadFromJson#83): Loading song JSON: spookeez/spookeez-hard
0:41.44 [INFO ] (Song/loadFromJson#83): Loading song JSON: south/south-easy
0:41.59 [INFO ] (Song/loadFromJson#83): Loading song JSON: south/south
0:41.63 [INFO ] (Song/loadFromJson#83): Loading song JSON: south/south-hard
0:42.34 [INFO ] (Song/loadFromJson#83): Loading song JSON: monster/monster-easy
0:42.37 [INFO ] (Song/loadFromJson#83): Loading song JSON: monster/monster
0:42.38 [INFO ] (Song/loadFromJson#83): Loading song JSON: monster/monster-hard
0:43.11 [INFO ] (Song/loadFromJson#83): Loading song JSON: pico/pico-easy
0:43.12 [INFO ] (Song/loadFromJson#83): Loading song JSON: pico/pico
0:43.14 [INFO ] (Song/loadFromJson#83): Loading song JSON: pico/pico-hard
0:43.50 [INFO ] (Song/loadFromJson#83): Loading song JSON: philly/philly-easy
0:43.53 [INFO ] (Song/loadFromJson#83): Loading song JSON: philly/philly
0:43.85 [INFO ] (Song/loadFromJson#83): Loading song JSON: philly/philly-hard
0:44.47 [INFO ] (Song/loadFromJson#83): Loading song JSON: blammed/blammed-easy
0:44.48 [INFO ] (Song/loadFromJson#83): Loading song JSON: blammed/blammed
0:44.50 [INFO ] (Song/loadFromJson#83): Loading song JSON: blammed/blammed-hard
0:45.03 [INFO ] (Song/loadFromJson#83): Loading song JSON: satin-panties/satin-panties-easy
0:45.05 [INFO ] (Song/loadFromJson#83): Loading song JSON: satin-panties/satin-panties
0:45.06 [INFO ] (Song/loadFromJson#83): Loading song JSON: satin-panties/satin-panties-hard
0:45.57 [INFO ] (Song/loadFromJson#83): Loading song JSON: high/high-easy
0:45.59 [INFO ] (Song/loadFromJson#83): Loading song JSON: high/high
0:45.62 [INFO ] (Song/loadFromJson#83): Loading song JSON: high/high-hard
0:46.15 [INFO ] (Song/loadFromJson#83): Loading song JSON: milf/milf-easy
0:46.19 [INFO ] (Song/loadFromJson#83): Loading song JSON: milf/milf
0:46.21 [INFO ] (Song/loadFromJson#83): Loading song JSON: milf/milf-hard
0:46.79 [INFO ] (Song/loadFromJson#83): Loading song JSON: cocoa/cocoa-easy
0:46.80 [INFO ] (Song/loadFromJson#83): Loading song JSON: cocoa/cocoa
0:46.84 [INFO ] (Song/loadFromJson#83): Loading song JSON: cocoa/cocoa-hard
0:47.39 [INFO ] (Song/loadFromJson#83): Loading song JSON: eggnog/eggnog-easy
0:47.41 [INFO ] (Song/loadFromJson#83): Loading song JSON: eggnog/eggnog
0:47.43 [INFO ] (Song/loadFromJson#83): Loading song JSON: eggnog/eggnog-hard
0:47.86 [INFO ] (Song/loadFromJson#83): Loading song JSON: winter-horrorland/winter-horrorland-easy
0:47.88 [INFO ] (Song/loadFromJson#83): Loading song JSON: winter-horrorland/winter-horrorland
0:47.89 [INFO ] (Song/loadFromJson#83): Loading song JSON: winter-horrorland/winter-horrorland-hard
0:48.50 [INFO ] (Song/loadFromJson#83): Loading song JSON: senpai/senpai-easy
0:48.52 [INFO ] (Song/loadFromJson#83): Loading song JSON: senpai/senpai
0:48.53 [INFO ] (Song/loadFromJson#83): Loading song JSON: senpai/senpai-hard
0:49.01 [INFO ] (Song/loadFromJson#83): Loading song JSON: roses/roses-easy
0:49.02 [INFO ] (Song/loadFromJson#83): Loading song JSON: roses/roses
0:49.04 [INFO ] (Song/loadFromJson#83): Loading song JSON: roses/roses-hard
0:49.46 [INFO ] (Song/loadFromJson#83): Loading song JSON: thorns/thorns-easy
0:49.48 [INFO ] (Song/loadFromJson#83): Loading song JSON: thorns/thorns
0:49.50 [INFO ] (Song/loadFromJson#83): Loading song JSON: thorns/thorns-hard
0:56.72 [INFO ] (FreeplayState/loadSongInFreePlay#494): Loading song bopeebo from week 1 into Free Play...
0:58.31 [INFO ] (PlayState/create#370): Searching for mod chart? (false) at assets/data/songs/bopeebo/modchart.lua
0:58.34 [INFO ] (Character/parseDataFile#438): Generating character (gf) from JSON data...
1:04.36 [TRACE] (NoteskinHelpers/generatePixelSprite#78): bruh momento
1:04.36 [TRACE] (NoteskinHelpers/generateNoteskinSprite#60): bruh momento
1:04.45 [TRACE] (NoteskinHelpers/generatePixelSprite#78): bruh momento
1:04.45 [TRACE] (PlayState/generateStaticArrows#1801): FlxAtlasFrames
1:04.46 [TRACE] (PlayState/generateStaticArrows#1801): FlxAtlasFrames
1:04.46 [TRACE] (PlayState/generateStaticArrows#1801): FlxAtlasFrames
1:04.47 [TRACE] (PlayState/generateStaticArrows#1801): FlxAtlasFrames
1:04.47 [TRACE] (PlayState/generateStaticArrows#1801): FlxAtlasFrames
1:04.48 [TRACE] (PlayState/generateStaticArrows#1801): FlxAtlasFrames
1:04.48 [TRACE] (PlayState/generateStaticArrows#1801): FlxAtlasFrames
1:04.49 [TRACE] (PlayState/generateStaticArrows#1801): FlxAtlasFrames
1:05.07 [TRACE] (PlayState/generateSong#1742): whats the fuckin shit
1:11.67 [TRACE] (ChartingState/create#161): false
1:11.68 [TRACE] (ChartingState/create#163): FlxAtlasFrames
1:11.68 [TRACE] (NoteskinHelpers/generateNoteskinSprite#60): bruh momento
1:11.80 [INFO ] (Song/loadFromJson#83): Loading song JSON: bopeebo/bopeebo-hard
1:11.86 [TRACE] (ChartingState/addGrid#522): 640
1:11.88 [TRACE] (ChartingState/addGrid#526): height of 0
1:11.90 [TRACE] (ChartingState/create#261): goin
1:11.91 [TRACE] (ChartingState/create#302): STRUCTS: 2
1:11.92 [TRACE] (ChartingState/recalculateAllSectionTimes#3216): RECALCULATING SECTION TIMES
1:11.94 [TRACE] (ChartingState/poggers#1788): FUCK YOU BITCH FUCKER CUCK SUCK BITCH 32
1:11.96 [TRACE] (ChartingState/create#308): Song length in MS: 76800
1:11.98 [TRACE] (ChartingState/create#326): LENGTH IN STEPS 512 | LENGTH IN BEATS 128 | SECTIONS: 33
1:12.00 [TRACE] (ChartingState/create#337): TARGET 76800
1:12.08 [TRACE] (ChartingState/create#363): 76160
1:13.66 [TRACE] (ChartingState/addEventsUI#849): 100
1:13.67 [TRACE] (ChartingState/addEventsUI#864): bruh
1:13.67 [TRACE] (ChartingState/addEventsUI#868): Event
1:13.67 [TRACE] (ChartingState/addEventsUI#870): bruh
1:13.68 [TRACE] (ChartingState/addEventsUI#872): bruh
1:13.68 [TRACE] (ChartingState/addEventsUI#874): bruh
1:13.69 [TRACE] (ChartingState/addEventsUI#876): bruh
1:13.69 [TRACE] (ChartingState/addEventsUI#878): bruh
1:13.69 [TRACE] (ChartingState/addEventsUI#880): bruh
1:13.72 [TRACE] (ChartingState/addEventsUI#926): bruh
1:13.72 [TRACE] (ChartingState/regenerateLines#467): removed lines and texts
1:13.75 [TRACE] (ChartingState/create#426): bruh
1:13.76 [TRACE] (ChartingState/create#440): bruh
1:13.76 [TRACE] (ChartingState/create#445): bruh
1:13.76 [TRACE] (ChartingState/create#447): create
1:14.96 [TRACE] (ChartingState/recalculateAllSectionTimes#3216): RECALCULATING SECTION TIMES
1:14.96 [TRACE] (ChartingState/regenerateLines#467): removed lines and texts
1:20.98 [TRACE] (ChartingState/update#2067): SNAP - 16 INCREASE - 0.25 - GO TO BEAT 0.25
1:21.00 [TRACE] (ChartingState/update#2067): SNAP - 16 INCREASE - 0.25 - GO TO BEAT 0.5
1:21.03 [TRACE] (ChartingState/update#2067): SNAP - 16 INCREASE - 0.25 - GO TO BEAT 0.75
1:22.36 [INFO ] (PlayState/create#370): Searching for mod chart? (false) at assets/data/songs/bopeebo/modchart.lua
1:22.39 [INFO ] (Character/parseDataFile#438): Generating character (gf) from JSON data...
1:26.54 [TRACE] (NoteskinHelpers/generatePixelSprite#78): bruh momento
1:26.55 [TRACE] (NoteskinHelpers/generateNoteskinSprite#60): bruh momento
1:26.63 [TRACE] (NoteskinHelpers/generatePixelSprite#78): bruh momento
1:26.64 [TRACE] (PlayState/generateStaticArrows#1801): FlxAtlasFrames
1:26.64 [TRACE] (PlayState/generateStaticArrows#1801): FlxAtlasFrames
1:26.65 [TRACE] (PlayState/generateStaticArrows#1801): FlxAtlasFrames
1:26.65 [TRACE] (PlayState/generateStaticArrows#1801): FlxAtlasFrames
1:26.66 [TRACE] (PlayState/generateStaticArrows#1801): FlxAtlasFrames
1:26.66 [TRACE] (PlayState/generateStaticArrows#1801): FlxAtlasFrames
1:26.67 [TRACE] (PlayState/generateStaticArrows#1801): FlxAtlasFrames
1:26.67 [TRACE] (PlayState/generateStaticArrows#1801): FlxAtlasFrames
1:26.69 [TRACE] (PlayState/generateSong#1742): whats the fuckin shit
1:58.12 [INFO ] (Song/loadFromJson#83): Loading song JSON: tutorial/tutorial-easy
1:58.13 [INFO ] (Song/loadFromJson#83): Loading song JSON: tutorial/tutorial
1:58.14 [INFO ] (Song/loadFromJson#83): Loading song JSON: tutorial/tutorial-hard
1:58.51 [INFO ] (Song/loadFromJson#83): Loading song JSON: bopeebo/bopeebo-easy
1:58.52 [INFO ] (Song/loadFromJson#83): Loading song JSON: bopeebo/bopeebo
1:58.52 [INFO ] (Song/loadFromJson#83): Loading song JSON: bopeebo/bopeebo-hard
1:58.53 [INFO ] (Song/loadFromJson#83): Loading song JSON: fresh/fresh-easy
1:58.54 [INFO ] (Song/loadFromJson#83): Loading song JSON: fresh/fresh
1:58.55 [INFO ] (Song/loadFromJson#83): Loading song JSON: fresh/fresh-hard
1:59.09 [INFO ] (Song/loadFromJson#83): Loading song JSON: dadbattle/dadbattle-easy
1:59.10 [INFO ] (Song/loadFromJson#83): Loading song JSON: dadbattle/dadbattle
1:59.10 [INFO ] (Song/loadFromJson#83): Loading song JSON: dadbattle/dadbattle-hard
1:59.54 [INFO ] (Song/loadFromJson#83): Loading song JSON: spookeez/spookeez-easy
1:59.57 [INFO ] (Song/loadFromJson#83): Loading song JSON: spookeez/spookeez
1:59.60 [INFO ] (Song/loadFromJson#83): Loading song JSON: spookeez/spookeez-hard
2:01.13 [INFO ] (Song/loadFromJson#83): Loading song JSON: south/south-easy
2:01.16 [INFO ] (Song/loadFromJson#83): Loading song JSON: south/south
2:01.18 [INFO ] (Song/loadFromJson#83): Loading song JSON: south/south-hard
2:01.83 [INFO ] (Song/loadFromJson#83): Loading song JSON: monster/monster-easy
2:01.84 [INFO ] (Song/loadFromJson#83): Loading song JSON: monster/monster
2:01.85 [INFO ] (Song/loadFromJson#83): Loading song JSON: monster/monster-hard
2:02.65 [INFO ] (Song/loadFromJson#83): Loading song JSON: pico/pico-easy
2:02.66 [INFO ] (Song/loadFromJson#83): Loading song JSON: pico/pico
2:02.67 [INFO ] (Song/loadFromJson#83): Loading song JSON: pico/pico-hard
2:03.09 [INFO ] (Song/loadFromJson#83): Loading song JSON: philly/philly-easy
2:03.10 [INFO ] (Song/loadFromJson#83): Loading song JSON: philly/philly
2:03.11 [INFO ] (Song/loadFromJson#83): Loading song JSON: philly/philly-hard
2:03.92 [INFO ] (Song/loadFromJson#83): Loading song JSON: blammed/blammed-easy
2:04.00 [INFO ] (Song/loadFromJson#83): Loading song JSON: blammed/blammed
2:04.06 [INFO ] (Song/loadFromJson#83): Loading song JSON: blammed/blammed-hard
2:05.91 [INFO ] (Song/loadFromJson#83): Loading song JSON: satin-panties/satin-panties-easy
2:05.92 [INFO ] (Song/loadFromJson#83): Loading song JSON: satin-panties/satin-panties
2:05.93 [INFO ] (Song/loadFromJson#83): Loading song JSON: satin-panties/satin-panties-hard
2:06.47 [INFO ] (Song/loadFromJson#83): Loading song JSON: high/high-easy
2:06.48 [INFO ] (Song/loadFromJson#83): Loading song JSON: high/high
2:06.49 [INFO ] (Song/loadFromJson#83): Loading song JSON: high/high-hard
2:07.19 [INFO ] (Song/loadFromJson#83): Loading song JSON: milf/milf-easy
2:07.20 [INFO ] (Song/loadFromJson#83): Loading song JSON: milf/milf
2:07.21 [INFO ] (Song/loadFromJson#83): Loading song JSON: milf/milf-hard
2:07.91 [INFO ] (Song/loadFromJson#83): Loading song JSON: cocoa/cocoa-easy
2:07.93 [INFO ] (Song/loadFromJson#83): Loading song JSON: cocoa/cocoa
2:07.94 [INFO ] (Song/loadFromJson#83): Loading song JSON: cocoa/cocoa-hard
2:09.99 [INFO ] (Song/loadFromJson#83): Loading song JSON: eggnog/eggnog-easy
2:10.00 [INFO ] (Song/loadFromJson#83): Loading song JSON: eggnog/eggnog
2:10.01 [INFO ] (Song/loadFromJson#83): Loading song JSON: eggnog/eggnog-hard
2:10.96 [INFO ] (Song/loadFromJson#83): Loading song JSON: winter-horrorland/winter-horrorland-easy
2:10.97 [INFO ] (Song/loadFromJson#83): Loading song JSON: winter-horrorland/winter-horrorland
2:10.99 [INFO ] (Song/loadFromJson#83): Loading song JSON: winter-horrorland/winter-horrorland-hard
2:11.71 [INFO ] (Song/loadFromJson#83): Loading song JSON: senpai/senpai-easy
2:11.72 [INFO ] (Song/loadFromJson#83): Loading song JSON: senpai/senpai
2:11.73 [INFO ] (Song/loadFromJson#83): Loading song JSON: senpai/senpai-hard
2:12.62 [INFO ] (Song/loadFromJson#83): Loading song JSON: roses/roses-easy
2:12.68 [INFO ] (Song/loadFromJson#83): Loading song JSON: roses/roses
2:12.71 [INFO ] (Song/loadFromJson#83): Loading song JSON: roses/roses-hard
2:14.10 [INFO ] (Song/loadFromJson#83): Loading song JSON: thorns/thorns-easy
2:14.11 [INFO ] (Song/loadFromJson#83): Loading song JSON: thorns/thorns
2:14.13 [INFO ] (Song/loadFromJson#83): Loading song JSON: thorns/thorns-hard
