0:00.00 [INFO ] (Debug/onInitProgram#203): Debug logging initialized. Hello, developer.
0:00.00 [INFO ] (Debug/onInitProgram#208): This is a RELEASE build.
0:00.01 [INFO ] (Debug/onInitProgram#210): HaxeFlixel version: HaxeFlixel 4.10.0
0:00.01 [INFO ] (Debug/onInitProgram#211): Friday Night Funkin' version: 0.2.7.1
0:00.02 [INFO ] (Debug/onInitProgram#212): KadeEngine version: 1.8
0:00.03 [INFO ] (ModCore/initialize#27): Initializing ModCore...
0:00.03 [INFO ] (ModCore/getModIds#95): Scanning the mods folder...
0:00.04 [INFO ] (ModCore/getModIds#97): Found 1 mods when scanning.
0:00.04 [INFO ] (ModCore/loadModsById#37): Attempting to load 1 mods...
0:00.05 [WARN ] Could not find mod icon file: "mods/introMod/_polymod_icon.png"
0:00.06 [INFO ]  user specified CUSTOM
0:00.06 [TRACE] (ModCoreBackend/new#167): Initialized custom asset loader backend.
0:00.07 [WARN ] (ModCoreBackend/clearCache#173): Custom asset cache has been cleared.
0:00.08 [ERROR] Preparing to load mod mods/introMod
0:00.08 [ERROR] Done loading mod mods/introMod
0:00.09 [TRACE] (ModCoreBackend/exists#178): Call to ModCoreBackend: exists(_polymod_pack.txt)
0:00.09 [INFO ] (ModCore/loadModsById#67): Mod loading complete. We loaded 1 / 1 mods.
0:00.10 [TRACE] (ModCore/loadModsById#70):   * Intro Mod v1.0.0 [introMod]
0:00.11 [INFO ] (ModCore/loadModsById#73): Installed mods have replaced 1 images.
0:00.11 [TRACE] (ModCore/loadModsById#75):   * images/KadeEngineLogo.png
0:00.12 [INFO ] (ModCore/loadModsById#78): Installed mods have replaced 0 text files.
0:00.13 [INFO ] (ModCore/loadModsById#83): Installed mods have replaced 0 music files.
0:00.13 [INFO ] (ModCore/loadModsById#88): Installed mods have replaced 0 sound files.
0:00.15 [TRACE] (TitleState/create#56): We loaded 0 assets into the default library
0:11.45 [INFO ] (TitleState/skipIntro#446): Skipping intro...
0:29.34 [INFO ] (Song/loadFromJson#83): Loading song JSON: tutorial/tutorial-easy
0:29.41 [INFO ] (Song/loadFromJson#83): Loading song JSON: tutorial/tutorial
0:29.43 [INFO ] (Song/loadFromJson#83): Loading song JSON: tutorial/tutorial-hard
0:30.25 [INFO ] (Song/loadFromJson#83): Loading song JSON: bopeebo/bopeebo-easy
0:30.27 [INFO ] (Song/loadFromJson#83): Loading song JSON: bopeebo/bopeebo
0:30.28 [INFO ] (Song/loadFromJson#83): Loading song JSON: bopeebo/bopeebo-hard
0:30.66 [INFO ] (Song/loadFromJson#83): Loading song JSON: fresh/fresh-easy
0:30.67 [INFO ] (Song/loadFromJson#83): Loading song JSON: fresh/fresh
0:30.69 [INFO ] (Song/loadFromJson#83): Loading song JSON: fresh/fresh-hard
0:31.34 [INFO ] (Song/loadFromJson#83): Loading song JSON: dadbattle/dadbattle-easy
0:31.37 [INFO ] (Song/loadFromJson#83): Loading song JSON: dadbattle/dadbattle
0:31.38 [INFO ] (Song/loadFromJson#83): Loading song JSON: dadbattle/dadbattle-hard
0:31.76 [INFO ] (Song/loadFromJson#83): Loading song JSON: spookeez/spookeez-easy
0:31.78 [INFO ] (Song/loadFromJson#83): Loading song JSON: spookeez/spookeez
0:31.80 [INFO ] (Song/loadFromJson#83): Loading song JSON: spookeez/spookeez-hard
0:32.31 [INFO ] (Song/loadFromJson#83): Loading song JSON: south/south-easy
0:32.33 [INFO ] (Song/loadFromJson#83): Loading song JSON: south/south
0:32.34 [INFO ] (Song/loadFromJson#83): Loading song JSON: south/south-hard
0:32.77 [INFO ] (Song/loadFromJson#83): Loading song JSON: monster/monster-easy
0:32.78 [INFO ] (Song/loadFromJson#83): Loading song JSON: monster/monster
0:32.79 [INFO ] (Song/loadFromJson#83): Loading song JSON: monster/monster-hard
0:33.98 [INFO ] (Song/loadFromJson#83): Loading song JSON: pico/pico-easy
0:34.04 [INFO ] (Song/loadFromJson#83): Loading song JSON: pico/pico
0:34.07 [INFO ] (Song/loadFromJson#83): Loading song JSON: pico/pico-hard
0:35.21 [INFO ] (Song/loadFromJson#83): Loading song JSON: philly/philly-easy
0:35.24 [INFO ] (Song/loadFromJson#83): Loading song JSON: philly/philly
0:35.27 [INFO ] (Song/loadFromJson#83): Loading song JSON: philly/philly-hard
0:35.96 [INFO ] (Song/loadFromJson#83): Loading song JSON: blammed/blammed-easy
0:35.98 [INFO ] (Song/loadFromJson#83): Loading song JSON: blammed/blammed
0:35.99 [INFO ] (Song/loadFromJson#83): Loading song JSON: blammed/blammed-hard
0:36.51 [INFO ] (Song/loadFromJson#83): Loading song JSON: satin-panties/satin-panties-easy
0:36.53 [INFO ] (Song/loadFromJson#83): Loading song JSON: satin-panties/satin-panties
0:36.54 [INFO ] (Song/loadFromJson#83): Loading song JSON: satin-panties/satin-panties-hard
0:36.95 [INFO ] (Song/loadFromJson#83): Loading song JSON: high/high-easy
0:36.96 [INFO ] (Song/loadFromJson#83): Loading song JSON: high/high
0:36.98 [INFO ] (Song/loadFromJson#83): Loading song JSON: high/high-hard
0:37.50 [INFO ] (Song/loadFromJson#83): Loading song JSON: milf/milf-easy
0:37.54 [INFO ] (Song/loadFromJson#83): Loading song JSON: milf/milf
0:37.56 [INFO ] (Song/loadFromJson#83): Loading song JSON: milf/milf-hard
0:38.16 [INFO ] (Song/loadFromJson#83): Loading song JSON: cocoa/cocoa-easy
0:38.17 [INFO ] (Song/loadFromJson#83): Loading song JSON: cocoa/cocoa
0:38.20 [INFO ] (Song/loadFromJson#83): Loading song JSON: cocoa/cocoa-hard
0:39.13 [INFO ] (Song/loadFromJson#83): Loading song JSON: eggnog/eggnog-easy
0:39.25 [INFO ] (Song/loadFromJson#83): Loading song JSON: eggnog/eggnog
0:39.28 [INFO ] (Song/loadFromJson#83): Loading song JSON: eggnog/eggnog-hard
0:40.49 [INFO ] (Song/loadFromJson#83): Loading song JSON: winter-horrorland/winter-horrorland-easy
0:40.58 [INFO ] (Song/loadFromJson#83): Loading song JSON: winter-horrorland/winter-horrorland
0:40.61 [INFO ] (Song/loadFromJson#83): Loading song JSON: winter-horrorland/winter-horrorland-hard
0:41.24 [INFO ] (Song/loadFromJson#83): Loading song JSON: senpai/senpai-easy
0:41.26 [INFO ] (Song/loadFromJson#83): Loading song JSON: senpai/senpai
0:41.27 [INFO ] (Song/loadFromJson#83): Loading song JSON: senpai/senpai-hard
0:41.72 [INFO ] (Song/loadFromJson#83): Loading song JSON: roses/roses-easy
0:41.73 [INFO ] (Song/loadFromJson#83): Loading song JSON: roses/roses
0:41.74 [INFO ] (Song/loadFromJson#83): Loading song JSON: roses/roses-hard
0:42.18 [INFO ] (Song/loadFromJson#83): Loading song JSON: thorns/thorns-easy
0:42.19 [INFO ] (Song/loadFromJson#83): Loading song JSON: thorns/thorns
0:42.21 [INFO ] (Song/loadFromJson#83): Loading song JSON: thorns/thorns-hard
0:46.77 [INFO ] (FreeplayState/loadSongInFreePlay#494): Loading song bopeebo from week 1 into Free Play...
0:48.25 [INFO ] (PlayState/create#370): Searching for mod chart? (false) at assets/data/songs/bopeebo/modchart.lua
0:48.26 [INFO ] (Character/parseDataFile#438): Generating character (gf) from JSON data...
0:55.53 [TRACE] (NoteskinHelpers/generatePixelSprite#78): bruh momento
0:55.55 [TRACE] (NoteskinHelpers/generateNoteskinSprite#60): bruh momento
0:55.79 [TRACE] (NoteskinHelpers/generatePixelSprite#78): bruh momento
0:55.81 [TRACE] (PlayState/generateStaticArrows#1801): FlxAtlasFrames
0:55.83 [TRACE] (PlayState/generateStaticArrows#1801): FlxAtlasFrames
0:55.84 [TRACE] (PlayState/generateStaticArrows#1801): FlxAtlasFrames
0:55.86 [TRACE] (PlayState/generateStaticArrows#1801): FlxAtlasFrames
0:55.87 [TRACE] (PlayState/generateStaticArrows#1801): FlxAtlasFrames
0:55.89 [TRACE] (PlayState/generateStaticArrows#1801): FlxAtlasFrames
0:55.91 [TRACE] (PlayState/generateStaticArrows#1801): FlxAtlasFrames
0:55.92 [TRACE] (PlayState/generateStaticArrows#1801): FlxAtlasFrames
0:56.82 [TRACE] (PlayState/generateSong#1742): whats the fuckin shit
1:05.69 [TRACE] (PauseSubState/destroy#261): destroying music for pauseeta
1:06.75 [TRACE] (ChartingState/create#161): false
1:06.76 [TRACE] (ChartingState/create#163): FlxAtlasFrames
1:06.76 [TRACE] (NoteskinHelpers/generateNoteskinSprite#60): bruh momento
1:06.86 [INFO ] (Song/loadFromJson#83): Loading song JSON: bopeebo/bopeebo-hard
1:06.87 [TRACE] (ChartingState/addGrid#522): 640
1:06.87 [TRACE] (ChartingState/addGrid#526): height of 0
1:06.88 [TRACE] (ChartingState/create#261): goin
1:06.89 [TRACE] (ChartingState/create#302): STRUCTS: 2
1:06.89 [TRACE] (ChartingState/recalculateAllSectionTimes#3216): RECALCULATING SECTION TIMES
1:06.90 [TRACE] (ChartingState/poggers#1788): FUCK YOU BITCH FUCKER CUCK SUCK BITCH 32
1:06.90 [TRACE] (ChartingState/create#308): Song length in MS: 76800
1:06.91 [TRACE] (ChartingState/create#326): LENGTH IN STEPS 512 | LENGTH IN BEATS 128 | SECTIONS: 33
1:06.91 [TRACE] (ChartingState/create#337): TARGET 76800
1:06.96 [TRACE] (ChartingState/create#363): 76160
1:07.62 [TRACE] (ChartingState/addEventsUI#849): 100
1:07.62 [TRACE] (ChartingState/addEventsUI#864): bruh
1:07.62 [TRACE] (ChartingState/addEventsUI#868): Event
1:07.63 [TRACE] (ChartingState/addEventsUI#870): bruh
1:07.63 [TRACE] (ChartingState/addEventsUI#872): bruh
1:07.64 [TRACE] (ChartingState/addEventsUI#874): bruh
1:07.64 [TRACE] (ChartingState/addEventsUI#876): bruh
1:07.64 [TRACE] (ChartingState/addEventsUI#878): bruh
1:07.65 [TRACE] (ChartingState/addEventsUI#880): bruh
1:07.67 [TRACE] (ChartingState/addEventsUI#926): bruh
1:07.68 [TRACE] (ChartingState/regenerateLines#467): removed lines and texts
1:07.70 [TRACE] (ChartingState/create#426): bruh
1:07.70 [TRACE] (ChartingState/create#440): bruh
1:07.70 [TRACE] (ChartingState/create#445): bruh
1:07.71 [TRACE] (ChartingState/create#447): create
1:09.01 [TRACE] (ChartingState/recalculateAllSectionTimes#3216): RECALCULATING SECTION TIMES
1:09.01 [TRACE] (ChartingState/regenerateLines#467): removed lines and texts
1:13.77 [TRACE] (ChartingState/update#2067): SNAP - 16 INCREASE - 0.25 - GO TO BEAT 0.25
1:13.89 [TRACE] (ChartingState/update#2067): SNAP - 16 INCREASE - 0.25 - GO TO BEAT 0.5
1:13.96 [TRACE] (ChartingState/update#2067): SNAP - 16 INCREASE - 0.25 - GO TO BEAT 0.75
1:14.03 [TRACE] (ChartingState/update#2067): SNAP - 16 INCREASE - 0.25 - GO TO BEAT 1
1:14.18 [TRACE] (ChartingState/update#2067): SNAP - 16 INCREASE - 0.25 - GO TO BEAT 1.25
1:14.23 [TRACE] (ChartingState/update#2067): SNAP - 16 INCREASE - 0.25 - GO TO BEAT 1.5
1:15.61 [INFO ] (PlayState/create#370): Searching for mod chart? (false) at assets/data/songs/bopeebo/modchart.lua
1:15.62 [INFO ] (Character/parseDataFile#438): Generating character (gf) from JSON data...
1:20.27 [TRACE] (NoteskinHelpers/generatePixelSprite#78): bruh momento
1:20.27 [TRACE] (NoteskinHelpers/generateNoteskinSprite#60): bruh momento
1:20.35 [TRACE] (NoteskinHelpers/generatePixelSprite#78): bruh momento
1:20.36 [TRACE] (PlayState/generateStaticArrows#1801): FlxAtlasFrames
1:20.36 [TRACE] (PlayState/generateStaticArrows#1801): FlxAtlasFrames
1:20.37 [TRACE] (PlayState/generateStaticArrows#1801): FlxAtlasFrames
1:20.37 [TRACE] (PlayState/generateStaticArrows#1801): FlxAtlasFrames
1:20.38 [TRACE] (PlayState/generateStaticArrows#1801): FlxAtlasFrames
1:20.38 [TRACE] (PlayState/generateStaticArrows#1801): FlxAtlasFrames
1:20.38 [TRACE] (PlayState/generateStaticArrows#1801): FlxAtlasFrames
1:20.39 [TRACE] (PlayState/generateStaticArrows#1801): FlxAtlasFrames
1:20.41 [TRACE] (PlayState/generateSong#1742): whats the fuckin shit
