0:00.00 [INFO ] (Debug/onInitProgram#203): Debug logging initialized. Hello, developer.
0:00.00 [INFO ] (Debug/onInitProgram#208): This is a RELEASE build.
0:00.01 [INFO ] (Debug/onInitProgram#210): HaxeFlixel version: HaxeFlixel 4.10.0
0:00.02 [INFO ] (Debug/onInitProgram#211): Friday Night Funkin' version: 0.2.7.1
0:00.02 [INFO ] (Debug/onInitProgram#212): KadeEngine version: 1.8
0:00.03 [INFO ] (ModCore/initialize#27): Initializing ModCore...
0:00.03 [INFO ] (ModCore/getModIds#95): Scanning the mods folder...
0:00.04 [INFO ] (ModCore/getModIds#97): Found 1 mods when scanning.
0:00.04 [INFO ] (ModCore/loadModsById#37): Attempting to load 1 mods...
0:00.05 [WARN ] Could not find mod icon file: "mods/introMod/_polymod_icon.png"
0:00.07 [INFO ]  user specified CUSTOM
0:00.08 [TRACE] (ModCoreBackend/new#167): Initialized custom asset loader backend.
0:00.08 [WARN ] (ModCoreBackend/clearCache#173): Custom asset cache has been cleared.
0:00.09 [ERROR] Preparing to load mod mods/introMod
0:00.09 [ERROR] Done loading mod mods/introMod
0:00.10 [TRACE] (ModCoreBackend/exists#178): Call to ModCoreBackend: exists(_polymod_pack.txt)
0:00.10 [INFO ] (ModCore/loadModsById#67): Mod loading complete. We loaded 1 / 1 mods.
0:00.11 [TRACE] (ModCore/loadModsById#70):   * Intro Mod v1.0.0 [introMod]
0:00.12 [INFO ] (ModCore/loadModsById#73): Installed mods have replaced 1 images.
0:00.12 [TRACE] (ModCore/loadModsById#75):   * images/KadeEngineLogo.png
0:00.13 [INFO ] (ModCore/loadModsById#78): Installed mods have replaced 0 text files.
0:00.14 [INFO ] (ModCore/loadModsById#83): Installed mods have replaced 0 music files.
0:00.14 [INFO ] (ModCore/loadModsById#88): Installed mods have replaced 0 sound files.
0:00.16 [TRACE] (TitleState/create#56): We loaded 0 assets into the default library
0:11.56 [INFO ] (TitleState/skipIntro#446): Skipping intro...
1:23.63 [TRACE] (MusicBeatState/onWindowFocusIn#241): IM BACK!!!
1:54.14 [INFO ] (Song/loadFromJson#83): Loading song JSON: bopeebo/bopeebo-hard
1:55.88 [INFO ] (PlayState/create#370): Searching for mod chart? (false) at assets/data/songs/bopeebo/modchart.lua
1:55.89 [INFO ] (Character/parseDataFile#438): Generating character (gf) from JSON data...
2:01.80 [TRACE] (NoteskinHelpers/generatePixelSprite#78): bruh momento
2:01.82 [TRACE] (NoteskinHelpers/generateNoteskinSprite#60): bruh momento
2:02.03 [TRACE] (NoteskinHelpers/generatePixelSprite#78): bruh momento
2:02.05 [TRACE] (PlayState/generateStaticArrows#1797): FlxAtlasFrames
2:02.07 [TRACE] (PlayState/generateStaticArrows#1797): FlxAtlasFrames
2:02.09 [TRACE] (PlayState/generateStaticArrows#1797): FlxAtlasFrames
2:02.10 [TRACE] (PlayState/generateStaticArrows#1797): FlxAtlasFrames
2:02.12 [TRACE] (PlayState/generateStaticArrows#1797): FlxAtlasFrames
2:02.13 [TRACE] (PlayState/generateStaticArrows#1797): FlxAtlasFrames
2:02.14 [TRACE] (PlayState/generateStaticArrows#1797): FlxAtlasFrames
2:02.16 [TRACE] (PlayState/generateStaticArrows#1797): FlxAtlasFrames
2:03.76 [TRACE] (PlayState/generateSong#1738): whats the fuckin shit
2:07.03 [TRACE] (MusicBeatState/onWindowFocusIn#241): IM BACK!!!
2:15.28 [TRACE] (ChartingState/create#161): false
2:15.28 [TRACE] (ChartingState/create#163): FlxAtlasFrames
2:15.29 [TRACE] (NoteskinHelpers/generateNoteskinSprite#60): bruh momento
2:15.37 [INFO ] (Song/loadFromJson#83): Loading song JSON: bopeebo/bopeebo-hard
2:15.38 [TRACE] (ChartingState/addGrid#522): 640
2:15.38 [TRACE] (ChartingState/addGrid#526): height of 0
2:15.39 [TRACE] (ChartingState/create#261): goin
2:15.40 [TRACE] (ChartingState/create#302): STRUCTS: 2
2:15.40 [TRACE] (ChartingState/recalculateAllSectionTimes#3216): RECALCULATING SECTION TIMES
2:15.41 [TRACE] (ChartingState/poggers#1788): FUCK YOU BITCH FUCKER CUCK SUCK BITCH 32
2:15.41 [TRACE] (ChartingState/create#308): Song length in MS: 76800
2:15.42 [TRACE] (ChartingState/create#326): LENGTH IN STEPS 512 | LENGTH IN BEATS 128 | SECTIONS: 33
2:15.42 [TRACE] (ChartingState/create#337): TARGET 76800
2:15.46 [TRACE] (ChartingState/create#363): 76160
2:16.36 [TRACE] (ChartingState/addEventsUI#849): 100
2:16.37 [TRACE] (ChartingState/addEventsUI#864): bruh
2:16.38 [TRACE] (ChartingState/addEventsUI#868): Event
2:16.39 [TRACE] (ChartingState/addEventsUI#870): bruh
2:16.40 [TRACE] (ChartingState/addEventsUI#872): bruh
2:16.42 [TRACE] (ChartingState/addEventsUI#874): bruh
2:16.43 [TRACE] (ChartingState/addEventsUI#876): bruh
2:16.44 [TRACE] (ChartingState/addEventsUI#878): bruh
2:16.45 [TRACE] (ChartingState/addEventsUI#880): bruh
2:16.50 [TRACE] (ChartingState/addEventsUI#926): bruh
2:16.52 [TRACE] (ChartingState/regenerateLines#467): removed lines and texts
2:16.56 [TRACE] (ChartingState/create#426): bruh
2:16.57 [TRACE] (ChartingState/create#440): bruh
2:16.58 [TRACE] (ChartingState/create#445): bruh
2:16.59 [TRACE] (ChartingState/create#447): create
2:17.99 [TRACE] (ChartingState/recalculateAllSectionTimes#3216): RECALCULATING SECTION TIMES
2:18.01 [TRACE] (ChartingState/regenerateLines#467): removed lines and texts
2:22.81 [TRACE] (ChartingState/addEventsUI#902): 100 - value
2:24.47 [TRACE] (ChartingState/addEventsUI#902): 100 - value
2:24.72 [TRACE] (ChartingState/addEventsUI#902): 100 - value
2:24.95 [TRACE] (ChartingState/addEventsUI#902): 100 - value
2:28.17 [TRACE] (ChartingState/update#2067): SNAP - 16 INCREASE - 0.25 - GO TO BEAT 0.25
2:28.22 [TRACE] (ChartingState/update#2067): SNAP - 16 INCREASE - 0.25 - GO TO BEAT 0.5
2:28.33 [TRACE] (ChartingState/update#2067): SNAP - 16 INCREASE - 0.25 - GO TO BEAT 0.75
2:28.76 [TRACE] (ChartingState/update#2067): SNAP - 16 INCREASE - -0.25 - GO TO BEAT 0.49975
2:28.91 [TRACE] (ChartingState/update#2067): SNAP - 16 INCREASE - 0.25 - GO TO BEAT 0.75
2:28.94 [TRACE] (ChartingState/update#2067): SNAP - 16 INCREASE - 0.25 - GO TO BEAT 1
2:28.96 [TRACE] (ChartingState/update#2067): SNAP - 16 INCREASE - 0.25 - GO TO BEAT 1.25
2:29.01 [TRACE] (ChartingState/update#2067): SNAP - 16 INCREASE - 0.25 - GO TO BEAT 1.5
2:29.48 [TRACE] (ChartingState/update#2067): SNAP - 16 INCREASE - -0.25 - GO TO BEAT 1.24975
2:29.57 [TRACE] (ChartingState/update#2067): SNAP - 16 INCREASE - -0.25 - GO TO BEAT 0.99975
2:30.98 [INFO ] (PlayState/create#370): Searching for mod chart? (false) at assets/data/songs/bopeebo/modchart.lua
2:31.01 [INFO ] (Character/parseDataFile#438): Generating character (gf) from JSON data...
2:34.80 [INFO ] (Character/parseDataFile#438): Generating character (Zerokung) from JSON data...
