0:00.00 [INFO ] (Debug/onInitProgram#203): Debug logging initialized. Hello, developer.
0:00.00 [INFO ] (Debug/onInitProgram#208): This is a RELEASE build.
0:00.01 [INFO ] (Debug/onInitProgram#210): HaxeFlixel version: HaxeFlixel 4.10.0
0:00.02 [INFO ] (Debug/onInitProgram#211): Friday Night Funkin' version: 0.2.7.1
0:00.02 [INFO ] (Debug/onInitProgram#212): KadeEngine version: 1.8
0:00.03 [INFO ] (ModCore/initialize#27): Initializing ModCore...
0:00.03 [INFO ] (ModCore/getModIds#95): Scanning the mods folder...
0:00.04 [INFO ] (ModCore/getModIds#97): Found 1 mods when scanning.
0:00.05 [INFO ] (ModCore/loadModsById#37): Attempting to load 1 mods...
0:00.05 [WARN ] Could not find mod icon file: "mods/introMod/_polymod_icon.png"
0:00.06 [INFO ]  user specified CUSTOM
0:00.06 [TRACE] (ModCoreBackend/new#167): Initialized custom asset loader backend.
0:00.07 [WARN ] (ModCoreBackend/clearCache#173): Custom asset cache has been cleared.
0:00.08 [ERROR] Preparing to load mod mods/introMod
0:00.08 [ERROR] Done loading mod mods/introMod
0:00.09 [TRACE] (ModCoreBackend/exists#178): Call to ModCoreBackend: exists(_polymod_pack.txt)
0:00.09 [INFO ] (ModCore/loadModsById#67): Mod loading complete. We loaded 1 / 1 mods.
0:00.10 [TRACE] (ModCore/loadModsById#70):   * Intro Mod v1.0.0 [introMod]
0:00.11 [INFO ] (ModCore/loadModsById#73): Installed mods have replaced 1 images.
0:00.11 [TRACE] (ModCore/loadModsById#75):   * images/KadeEngineLogo.png
0:00.12 [INFO ] (ModCore/loadModsById#78): Installed mods have replaced 0 text files.
0:00.13 [INFO ] (ModCore/loadModsById#83): Installed mods have replaced 0 music files.
0:00.13 [INFO ] (ModCore/loadModsById#88): Installed mods have replaced 0 sound files.
0:00.15 [TRACE] (TitleState/create#56): We loaded 0 assets into the default library
0:11.45 [INFO ] (TitleState/skipIntro#446): Skipping intro...
0:36.59 [TRACE] (MusicBeatState/onWindowFocusIn#241): IM BACK!!!
0:40.27 [INFO ] (Song/loadFromJson#83): Loading song JSON: tutorial/tutorial-easy
0:40.30 [INFO ] (Song/loadFromJson#83): Loading song JSON: tutorial/tutorial
0:40.31 [INFO ] (Song/loadFromJson#83): Loading song JSON: tutorial/tutorial-hard
0:40.67 [INFO ] (Song/loadFromJson#83): Loading song JSON: bopeebo/bopeebo-easy
0:40.69 [INFO ] (Song/loadFromJson#83): Loading song JSON: bopeebo/bopeebo
0:40.69 [INFO ] (Song/loadFromJson#83): Loading song JSON: bopeebo/bopeebo-hard
0:41.13 [INFO ] (Song/loadFromJson#83): Loading song JSON: fresh/fresh-easy
0:41.14 [INFO ] (Song/loadFromJson#83): Loading song JSON: fresh/fresh
0:41.14 [INFO ] (Song/loadFromJson#83): Loading song JSON: fresh/fresh-hard
0:41.64 [INFO ] (Song/loadFromJson#83): Loading song JSON: dadbattle/dadbattle-easy
0:41.65 [INFO ] (Song/loadFromJson#83): Loading song JSON: dadbattle/dadbattle
0:41.69 [INFO ] (Song/loadFromJson#83): Loading song JSON: dadbattle/dadbattle-hard
0:42.10 [INFO ] (Song/loadFromJson#83): Loading song JSON: spookeez/spookeez-easy
0:42.12 [INFO ] (Song/loadFromJson#83): Loading song JSON: spookeez/spookeez
0:42.14 [INFO ] (Song/loadFromJson#83): Loading song JSON: spookeez/spookeez-hard
0:42.70 [INFO ] (Song/loadFromJson#83): Loading song JSON: south/south-easy
0:42.75 [INFO ] (Song/loadFromJson#83): Loading song JSON: south/south
0:42.78 [INFO ] (Song/loadFromJson#83): Loading song JSON: south/south-hard
0:43.82 [INFO ] (Song/loadFromJson#83): Loading song JSON: monster/monster-easy
0:43.97 [INFO ] (Song/loadFromJson#83): Loading song JSON: monster/monster
0:44.00 [INFO ] (Song/loadFromJson#83): Loading song JSON: monster/monster-hard
0:45.22 [INFO ] (Song/loadFromJson#83): Loading song JSON: pico/pico-easy
0:45.23 [INFO ] (Song/loadFromJson#83): Loading song JSON: pico/pico
0:45.25 [INFO ] (Song/loadFromJson#83): Loading song JSON: pico/pico-hard
0:45.62 [INFO ] (Song/loadFromJson#83): Loading song JSON: philly/philly-easy
0:45.64 [INFO ] (Song/loadFromJson#83): Loading song JSON: philly/philly
0:45.66 [INFO ] (Song/loadFromJson#83): Loading song JSON: philly/philly-hard
0:46.17 [INFO ] (Song/loadFromJson#83): Loading song JSON: blammed/blammed-easy
0:46.19 [INFO ] (Song/loadFromJson#83): Loading song JSON: blammed/blammed
0:46.19 [INFO ] (Song/loadFromJson#83): Loading song JSON: blammed/blammed-hard
0:46.72 [INFO ] (Song/loadFromJson#83): Loading song JSON: satin-panties/satin-panties-easy
0:46.74 [INFO ] (Song/loadFromJson#83): Loading song JSON: satin-panties/satin-panties
0:46.75 [INFO ] (Song/loadFromJson#83): Loading song JSON: satin-panties/satin-panties-hard
0:47.15 [INFO ] (Song/loadFromJson#83): Loading song JSON: high/high-easy
0:47.17 [INFO ] (Song/loadFromJson#83): Loading song JSON: high/high
0:47.19 [INFO ] (Song/loadFromJson#83): Loading song JSON: high/high-hard
0:47.71 [INFO ] (Song/loadFromJson#83): Loading song JSON: milf/milf-easy
0:47.74 [INFO ] (Song/loadFromJson#83): Loading song JSON: milf/milf
0:47.76 [INFO ] (Song/loadFromJson#83): Loading song JSON: milf/milf-hard
0:49.41 [INFO ] (Song/loadFromJson#83): Loading song JSON: cocoa/cocoa-easy
0:49.50 [INFO ] (Song/loadFromJson#83): Loading song JSON: cocoa/cocoa
0:49.55 [INFO ] (Song/loadFromJson#83): Loading song JSON: cocoa/cocoa-hard
0:50.35 [INFO ] (Song/loadFromJson#83): Loading song JSON: eggnog/eggnog-easy
0:50.36 [INFO ] (Song/loadFromJson#83): Loading song JSON: eggnog/eggnog
0:50.38 [INFO ] (Song/loadFromJson#83): Loading song JSON: eggnog/eggnog-hard
0:50.82 [INFO ] (Song/loadFromJson#83): Loading song JSON: winter-horrorland/winter-horrorland-easy
0:50.85 [INFO ] (Song/loadFromJson#83): Loading song JSON: winter-horrorland/winter-horrorland
0:50.86 [INFO ] (Song/loadFromJson#83): Loading song JSON: winter-horrorland/winter-horrorland-hard
0:51.47 [INFO ] (Song/loadFromJson#83): Loading song JSON: senpai/senpai-easy
0:51.49 [INFO ] (Song/loadFromJson#83): Loading song JSON: senpai/senpai
0:51.50 [INFO ] (Song/loadFromJson#83): Loading song JSON: senpai/senpai-hard
0:51.95 [INFO ] (Song/loadFromJson#83): Loading song JSON: roses/roses-easy
0:51.97 [INFO ] (Song/loadFromJson#83): Loading song JSON: roses/roses
0:51.99 [INFO ] (Song/loadFromJson#83): Loading song JSON: roses/roses-hard
0:52.41 [INFO ] (Song/loadFromJson#83): Loading song JSON: thorns/thorns-easy
0:52.43 [INFO ] (Song/loadFromJson#83): Loading song JSON: thorns/thorns
0:52.45 [INFO ] (Song/loadFromJson#83): Loading song JSON: thorns/thorns-hard
2:36.69 [INFO ] (FreeplayState/loadSongInFreePlay#494): Loading song bopeebo from week 1 into Free Play...
2:37.98 [INFO ] (PlayState/create#370): Searching for mod chart? (false) at assets/data/songs/bopeebo/modchart.lua
2:37.99 [INFO ] (Character/parseDataFile#438): Generating character (gf) from JSON data...
2:44.58 [TRACE] (NoteskinHelpers/generatePixelSprite#78): bruh momento
2:44.60 [TRACE] (NoteskinHelpers/generateNoteskinSprite#60): bruh momento
2:44.83 [TRACE] (NoteskinHelpers/generatePixelSprite#78): bruh momento
2:44.85 [TRACE] (PlayState/generateStaticArrows#1801): FlxAtlasFrames
2:44.87 [TRACE] (PlayState/generateStaticArrows#1801): FlxAtlasFrames
2:44.88 [TRACE] (PlayState/generateStaticArrows#1801): FlxAtlasFrames
2:44.90 [TRACE] (PlayState/generateStaticArrows#1801): FlxAtlasFrames
2:44.91 [TRACE] (PlayState/generateStaticArrows#1801): FlxAtlasFrames
2:44.93 [TRACE] (PlayState/generateStaticArrows#1801): FlxAtlasFrames
2:44.94 [TRACE] (PlayState/generateStaticArrows#1801): FlxAtlasFrames
2:44.95 [TRACE] (PlayState/generateStaticArrows#1801): FlxAtlasFrames
2:46.14 [TRACE] (PlayState/generateSong#1742): whats the fuckin shit
2:58.77 [TRACE] (ChartingState/create#161): false
2:58.77 [TRACE] (ChartingState/create#163): FlxAtlasFrames
2:58.78 [TRACE] (NoteskinHelpers/generateNoteskinSprite#60): bruh momento
2:58.87 [INFO ] (Song/loadFromJson#83): Loading song JSON: bopeebo/bopeebo-easy
2:58.88 [TRACE] (ChartingState/addGrid#522): 640
2:58.89 [TRACE] (ChartingState/addGrid#526): height of 0
2:58.90 [TRACE] (ChartingState/create#261): goin
2:58.91 [TRACE] (ChartingState/create#302): STRUCTS: 2
2:58.91 [TRACE] (ChartingState/recalculateAllSectionTimes#3216): RECALCULATING SECTION TIMES
2:58.92 [TRACE] (ChartingState/poggers#1788): FUCK YOU BITCH FUCKER CUCK SUCK BITCH 32
2:58.93 [TRACE] (ChartingState/create#308): Song length in MS: 76800
2:58.94 [TRACE] (ChartingState/create#326): LENGTH IN STEPS 512 | LENGTH IN BEATS 128 | SECTIONS: 33
2:58.94 [TRACE] (ChartingState/create#337): TARGET 76800
2:58.98 [TRACE] (ChartingState/create#363): 76160
3:00.10 [TRACE] (ChartingState/addEventsUI#849): 100
3:00.11 [TRACE] (ChartingState/addEventsUI#864): bruh
3:00.12 [TRACE] (ChartingState/addEventsUI#868): Event
3:00.13 [TRACE] (ChartingState/addEventsUI#870): bruh
3:00.14 [TRACE] (ChartingState/addEventsUI#872): bruh
3:00.16 [TRACE] (ChartingState/addEventsUI#874): bruh
3:00.17 [TRACE] (ChartingState/addEventsUI#876): bruh
3:00.18 [TRACE] (ChartingState/addEventsUI#878): bruh
3:00.19 [TRACE] (ChartingState/addEventsUI#880): bruh
3:00.24 [TRACE] (ChartingState/addEventsUI#926): bruh
3:00.26 [TRACE] (ChartingState/regenerateLines#467): removed lines and texts
3:00.29 [TRACE] (ChartingState/create#426): bruh
3:00.30 [TRACE] (ChartingState/create#440): bruh
3:00.31 [TRACE] (ChartingState/create#445): bruh
3:00.32 [TRACE] (ChartingState/create#447): create
3:01.69 [TRACE] (ChartingState/recalculateAllSectionTimes#3216): RECALCULATING SECTION TIMES
3:01.70 [TRACE] (ChartingState/regenerateLines#467): removed lines and texts
4:00.03 [TRACE] (ChartingState/update#2067): SNAP - 16 INCREASE - -0.25 - GO TO BEAT -0.25025
4:01.34 [TRACE] (ChartingState/update#2067): SNAP - 16 INCREASE - 0.25 - GO TO BEAT 0.25
4:01.45 [TRACE] (ChartingState/update#2067): SNAP - 16 INCREASE - 0.25 - GO TO BEAT 0.5
4:01.52 [TRACE] (ChartingState/update#2067): SNAP - 16 INCREASE - 0.25 - GO TO BEAT 0.75
4:01.63 [TRACE] (ChartingState/update#2067): SNAP - 16 INCREASE - 0.25 - GO TO BEAT 1
4:02.08 [TRACE] (ChartingState/update#2067): SNAP - 16 INCREASE - 0.25 - GO TO BEAT 1.25
4:02.14 [TRACE] (ChartingState/update#2067): SNAP - 16 INCREASE - 0.25 - GO TO BEAT 1.5
4:02.21 [TRACE] (ChartingState/update#2067): SNAP - 16 INCREASE - 0.25 - GO TO BEAT 1.75
4:02.54 [TRACE] (ChartingState/update#2067): SNAP - 16 INCREASE - 0.25 - GO TO BEAT 2
4:02.73 [TRACE] (ChartingState/update#2067): SNAP - 16 INCREASE - -0.25 - GO TO BEAT 1.74975
4:02.81 [TRACE] (ChartingState/update#2067): SNAP - 16 INCREASE - -0.25 - GO TO BEAT 1.49975
4:02.89 [TRACE] (ChartingState/update#2067): SNAP - 16 INCREASE - -0.25 - GO TO BEAT 1.24975
4:03.14 [TRACE] (ChartingState/update#2067): SNAP - 16 INCREASE - -0.25 - GO TO BEAT 0.99975
4:03.20 [TRACE] (ChartingState/update#2067): SNAP - 16 INCREASE - -0.25 - GO TO BEAT 0.74975
4:03.22 [TRACE] (ChartingState/update#2067): SNAP - 16 INCREASE - -0.25 - GO TO BEAT 0.49975
4:03.26 [TRACE] (ChartingState/update#2067): SNAP - 16 INCREASE - -0.25 - GO TO BEAT 0.24975
4:03.55 [TRACE] (ChartingState/update#2067): SNAP - 16 INCREASE - -0.25 - GO TO BEAT -0.00025
4:03.58 [TRACE] (ChartingState/update#2067): SNAP - 16 INCREASE - -0.25 - GO TO BEAT -0.25025
4:03.60 [TRACE] (ChartingState/update#2067): SNAP - 16 INCREASE - -0.25 - GO TO BEAT -0.25025
4:03.62 [TRACE] (ChartingState/update#2067): SNAP - 16 INCREASE - -0.25 - GO TO BEAT -0.25025
4:03.67 [TRACE] (ChartingState/update#2067): SNAP - 16 INCREASE - -0.25 - GO TO BEAT -0.25025
4:03.71 [TRACE] (ChartingState/update#2067): SNAP - 16 INCREASE - -0.25 - GO TO BEAT -0.25025
4:04.50 [TRACE] (MusicBeatState/onWindowFocusOut#225): Lost Focus
4:11.78 [TRACE] (MusicBeatState/onWindowFocusIn#241): IM BACK!!!
4:12.38 [TRACE] (ChartingState/update#2067): SNAP - 16 INCREASE - 0.25 - GO TO BEAT 0.25
4:12.44 [TRACE] (ChartingState/update#2067): SNAP - 16 INCREASE - 0.25 - GO TO BEAT 0.5
4:12.50 [TRACE] (ChartingState/update#2067): SNAP - 16 INCREASE - 0.25 - GO TO BEAT 0.75
4:12.57 [TRACE] (ChartingState/update#2067): SNAP - 16 INCREASE - 0.25 - GO TO BEAT 1
4:12.63 [TRACE] (ChartingState/update#2067): SNAP - 16 INCREASE - 0.25 - GO TO BEAT 1.25
4:12.70 [TRACE] (ChartingState/update#2067): SNAP - 16 INCREASE - 0.25 - GO TO BEAT 1.5
4:13.47 [TRACE] (ChartingState/update#2067): SNAP - 16 INCREASE - 0.25 - GO TO BEAT 1.75
4:14.15 [TRACE] (ChartingState/update#2067): SNAP - 16 INCREASE - -0.25 - GO TO BEAT 1.74975
4:14.23 [TRACE] (ChartingState/update#2067): SNAP - 16 INCREASE - -0.25 - GO TO BEAT 1.49975
4:14.25 [TRACE] (ChartingState/update#2067): SNAP - 16 INCREASE - -0.25 - GO TO BEAT 1.24975
4:14.30 [TRACE] (ChartingState/update#2067): SNAP - 16 INCREASE - -0.25 - GO TO BEAT 0.99975
4:14.35 [TRACE] (ChartingState/update#2067): SNAP - 16 INCREASE - -0.25 - GO TO BEAT 0.74975
4:14.82 [TRACE] (ChartingState/update#2067): SNAP - 16 INCREASE - -0.25 - GO TO BEAT 0.49975
4:14.89 [TRACE] (ChartingState/update#2067): SNAP - 16 INCREASE - -0.25 - GO TO BEAT 0.24975
4:15.01 [TRACE] (ChartingState/update#2067): SNAP - 16 INCREASE - -0.25 - GO TO BEAT -0.00025
4:20.64 [TRACE] (MusicBeatState/onWindowFocusIn#241): IM BACK!!!
5:46.77 [INFO ] (PlayState/create#370): Searching for mod chart? (false) at assets/data/songs/bopeebo/modchart.lua
5:46.80 [INFO ] (Character/parseDataFile#438): Generating character (gf) from JSON data...
5:51.33 [TRACE] (NoteskinHelpers/generatePixelSprite#78): bruh momento
5:51.33 [TRACE] (NoteskinHelpers/generateNoteskinSprite#60): bruh momento
5:51.41 [TRACE] (NoteskinHelpers/generatePixelSprite#78): bruh momento
5:51.42 [TRACE] (PlayState/generateStaticArrows#1801): FlxAtlasFrames
5:51.42 [TRACE] (PlayState/generateStaticArrows#1801): FlxAtlasFrames
5:51.43 [TRACE] (PlayState/generateStaticArrows#1801): FlxAtlasFrames
5:51.43 [TRACE] (PlayState/generateStaticArrows#1801): FlxAtlasFrames
5:51.44 [TRACE] (PlayState/generateStaticArrows#1801): FlxAtlasFrames
5:51.44 [TRACE] (PlayState/generateStaticArrows#1801): FlxAtlasFrames
5:51.45 [TRACE] (PlayState/generateStaticArrows#1801): FlxAtlasFrames
5:51.45 [TRACE] (PlayState/generateStaticArrows#1801): FlxAtlasFrames
5:51.47 [TRACE] (PlayState/generateSong#1742): whats the fuckin shit
6:03.41 [TRACE] (ChartingState/create#161): false
6:03.42 [TRACE] (ChartingState/create#163): FlxAtlasFrames
6:03.42 [TRACE] (NoteskinHelpers/generateNoteskinSprite#60): bruh momento
6:03.54 [INFO ] (Song/loadFromJson#83): Loading song JSON: bopeebo/bopeebo-easy
6:03.55 [TRACE] (ChartingState/addGrid#522): 640
6:03.56 [TRACE] (ChartingState/addGrid#526): height of 512
6:03.56 [TRACE] (ChartingState/create#261): goin
6:03.57 [TRACE] (ChartingState/create#302): STRUCTS: 2
6:03.57 [TRACE] (ChartingState/recalculateAllSectionTimes#3216): RECALCULATING SECTION TIMES
6:03.59 [TRACE] (ChartingState/poggers#1788): FUCK YOU BITCH FUCKER CUCK SUCK BITCH 33
6:03.61 [TRACE] (ChartingState/create#308): Song length in MS: 76800
6:03.63 [TRACE] (ChartingState/create#326): LENGTH IN STEPS 512 | LENGTH IN BEATS 128 | SECTIONS: 33
6:03.65 [TRACE] (ChartingState/create#337): TARGET 76800
6:03.74 [TRACE] (ChartingState/create#363): 76160
6:05.49 [TRACE] (ChartingState/addEventsUI#849): 100
6:05.49 [TRACE] (ChartingState/addEventsUI#864): bruh
6:05.50 [TRACE] (ChartingState/addEventsUI#868): Event
6:05.50 [TRACE] (ChartingState/addEventsUI#870): bruh
6:05.50 [TRACE] (ChartingState/addEventsUI#872): bruh
6:05.51 [TRACE] (ChartingState/addEventsUI#874): bruh
6:05.51 [TRACE] (ChartingState/addEventsUI#876): bruh
6:05.51 [TRACE] (ChartingState/addEventsUI#878): bruh
6:05.52 [TRACE] (ChartingState/addEventsUI#880): bruh
6:05.53 [TRACE] (ChartingState/addEventsUI#926): bruh
6:05.54 [TRACE] (ChartingState/regenerateLines#467): removed lines and texts
6:05.55 [TRACE] (ChartingState/create#426): bruh
6:05.55 [TRACE] (ChartingState/create#440): bruh
6:05.56 [TRACE] (ChartingState/create#445): bruh
6:05.56 [TRACE] (ChartingState/create#447): create
6:06.88 [TRACE] (ChartingState/recalculateAllSectionTimes#3216): RECALCULATING SECTION TIMES
6:06.89 [TRACE] (ChartingState/regenerateLines#467): removed lines and texts
8:38.73 [TRACE] (ChartingState/update#2067): SNAP - 16 INCREASE - 0.25 - GO TO BEAT 0.25
8:38.91 [TRACE] (ChartingState/update#2067): SNAP - 16 INCREASE - 0.25 - GO TO BEAT 0.5
8:39.33 [TRACE] (ChartingState/update#2067): SNAP - 16 INCREASE - -0.25 - GO TO BEAT 0.24975
8:39.45 [TRACE] (ChartingState/update#2067): SNAP - 16 INCREASE - -0.25 - GO TO BEAT -0.00025
8:40.37 [TRACE] (ChartingState/update#2067): SNAP - 16 INCREASE - 0.25 - GO TO BEAT 0.25
8:56.58 [TRACE] (MusicBeatState/onWindowFocusOut#225): Lost Focus
9:12.89 [TRACE] (MusicBeatState/onWindowFocusIn#241): IM BACK!!!
9:14.19 [TRACE] (ChartingState/update#2067): SNAP - 16 INCREASE - 0.25 - GO TO BEAT 0.25
9:14.38 [TRACE] (ChartingState/update#2067): SNAP - 16 INCREASE - 0.25 - GO TO BEAT 0.5
9:14.41 [TRACE] (ChartingState/update#2067): SNAP - 16 INCREASE - 0.25 - GO TO BEAT 0.75
9:15.38 [TRACE] (ChartingState/update#2067): SNAP - 16 INCREASE - 0.25 - GO TO BEAT 1
9:15.41 [TRACE] (ChartingState/update#2067): SNAP - 16 INCREASE - 0.25 - GO TO BEAT 1.25
9:15.44 [TRACE] (ChartingState/update#2067): SNAP - 16 INCREASE - 0.25 - GO TO BEAT 1.5
9:16.74 [TRACE] (ChartingState/update#2067): SNAP - 16 INCREASE - -0.25 - GO TO BEAT 1.24975
9:16.77 [TRACE] (ChartingState/update#2067): SNAP - 16 INCREASE - -0.25 - GO TO BEAT 0.99975
9:16.87 [TRACE] (ChartingState/update#2067): SNAP - 16 INCREASE - -0.25 - GO TO BEAT 0.74975
9:18.79 [TRACE] (ChartingState/addNote#3331): 0 from 0
9:18.79 [TRACE] (ChartingState/addNote#3337): adding note with 0 from dummyArrow with data 0
9:21.06 [TRACE] (ChartingState/addNote#3331): 150 from 60
9:21.07 [TRACE] (ChartingState/addNote#3337): adding note with 150 from dummyArrow with data 0
9:22.26 [TRACE] (ChartingState/addNote#3331): 300 from 120
9:22.27 [TRACE] (ChartingState/addNote#3337): adding note with 300 from dummyArrow with data 0
9:23.14 [TRACE] (ChartingState/addNote#3331): 600 from 240
9:23.14 [TRACE] (ChartingState/addNote#3337): adding note with 600 from dummyArrow with data 0
9:23.95 [TRACE] (ChartingState/addNote#3331): 900 from 360
9:23.95 [TRACE] (ChartingState/addNote#3337): adding note with 900 from dummyArrow with data 0
9:25.45 [TRACE] (ChartingState/update#2067): SNAP - 16 INCREASE - 0.25 - GO TO BEAT 1
9:25.48 [TRACE] (ChartingState/update#2067): SNAP - 16 INCREASE - 0.25 - GO TO BEAT 1.25
9:25.51 [TRACE] (ChartingState/update#2067): SNAP - 16 INCREASE - 0.25 - GO TO BEAT 1.5
9:27.18 [TRACE] (ChartingState/addNote#3331): 1200 from 480
9:27.20 [TRACE] (ChartingState/addNote#3337): adding note with 1200 from dummyArrow with data 1
9:27.60 [TRACE] (ChartingState/update#2067): SNAP - 16 INCREASE - 0.25 - GO TO BEAT 1.75
9:27.68 [TRACE] (ChartingState/update#2067): SNAP - 16 INCREASE - 0.25 - GO TO BEAT 2
9:28.63 [TRACE] (ChartingState/addNote#3331): 1500 from 600
9:28.64 [TRACE] (ChartingState/addNote#3337): adding note with 1500 from dummyArrow with data 1
9:29.49 [TRACE] (ChartingState/addNote#3331): 1800 from 720
9:29.49 [TRACE] (ChartingState/addNote#3337): adding note with 1800 from dummyArrow with data 1
9:29.79 [TRACE] (ChartingState/update#2067): SNAP - 16 INCREASE - 0.25 - GO TO BEAT 2.25
9:29.82 [TRACE] (ChartingState/update#2067): SNAP - 16 INCREASE - 0.25 - GO TO BEAT 2.5
9:29.85 [TRACE] (ChartingState/update#2067): SNAP - 16 INCREASE - 0.25 - GO TO BEAT 2.75
9:30.77 [TRACE] (ChartingState/addNote#3331): 2100 from 840
9:30.78 [TRACE] (ChartingState/addNote#3337): adding note with 2100 from dummyArrow with data 1
9:35.30 [TRACE] (MusicBeatState/onWindowFocusIn#241): IM BACK!!!
9:36.24 [TRACE] (ChartingState/update#2067): SNAP - 16 INCREASE - 0.25 - GO TO BEAT 3
9:36.27 [TRACE] (ChartingState/update#2067): SNAP - 16 INCREASE - 0.25 - GO TO BEAT 3.25
9:37.84 [TRACE] (ChartingState/update#2067): SNAP - 16 INCREASE - -0.25 - GO TO BEAT 2.99975
9:37.91 [TRACE] (ChartingState/update#2067): SNAP - 16 INCREASE - -0.25 - GO TO BEAT 2.74975
9:37.99 [TRACE] (ChartingState/update#2067): SNAP - 16 INCREASE - -0.25 - GO TO BEAT 2.49975
9:38.46 [TRACE] (ChartingState/update#2067): SNAP - 16 INCREASE - -0.25 - GO TO BEAT 2.24975
9:38.54 [TRACE] (ChartingState/update#2067): SNAP - 16 INCREASE - -0.25 - GO TO BEAT 1.99975
9:38.85 [TRACE] (ChartingState/update#2067): SNAP - 16 INCREASE - -0.25 - GO TO BEAT 1.74975
9:38.88 [TRACE] (ChartingState/update#2067): SNAP - 16 INCREASE - -0.25 - GO TO BEAT 1.49975
9:38.91 [TRACE] (ChartingState/update#2067): SNAP - 16 INCREASE - -0.25 - GO TO BEAT 1.24975
9:38.96 [TRACE] (ChartingState/update#2067): SNAP - 16 INCREASE - -0.25 - GO TO BEAT 0.99975
9:39.78 [TRACE] (ChartingState/update#2067): SNAP - 16 INCREASE - 0.25 - GO TO BEAT 1
9:39.81 [TRACE] (ChartingState/update#2067): SNAP - 16 INCREASE - 0.25 - GO TO BEAT 1.25
9:39.84 [TRACE] (ChartingState/update#2067): SNAP - 16 INCREASE - 0.25 - GO TO BEAT 1.5
9:39.94 [TRACE] (ChartingState/update#2067): SNAP - 16 INCREASE - 0.25 - GO TO BEAT 1.75
9:39.97 [TRACE] (ChartingState/update#2067): SNAP - 16 INCREASE - 0.25 - GO TO BEAT 2
9:40.26 [TRACE] (ChartingState/update#2067): SNAP - 16 INCREASE - 0.25 - GO TO BEAT 2.25
9:40.29 [TRACE] (ChartingState/update#2067): SNAP - 16 INCREASE - 0.25 - GO TO BEAT 2.5
9:40.32 [TRACE] (ChartingState/update#2067): SNAP - 16 INCREASE - 0.25 - GO TO BEAT 2.75
9:40.37 [TRACE] (ChartingState/update#2067): SNAP - 16 INCREASE - 0.25 - GO TO BEAT 3
9:40.42 [TRACE] (ChartingState/update#2067): SNAP - 16 INCREASE - 0.25 - GO TO BEAT 3.25
9:40.71 [TRACE] (ChartingState/update#2067): SNAP - 16 INCREASE - 0.25 - GO TO BEAT 3.5
9:40.74 [TRACE] (ChartingState/update#2067): SNAP - 16 INCREASE - 0.25 - GO TO BEAT 3.75
9:40.77 [TRACE] (ChartingState/update#2067): SNAP - 16 INCREASE - 0.25 - GO TO BEAT 4
9:40.80 [TRACE] (ChartingState/update#2067): SNAP - 16 INCREASE - 0.25 - GO TO BEAT 4.25
9:40.83 [TRACE] (ChartingState/update#2067): SNAP - 16 INCREASE - 0.25 - GO TO BEAT 4.5
9:41.61 [TRACE] (ChartingState/update#2067): SNAP - 16 INCREASE - 0.25 - GO TO BEAT 4.75
9:42.35 [TRACE] (ChartingState/update#2067): SNAP - 16 INCREASE - 0.25 - GO TO BEAT 5
9:42.69 [TRACE] (ChartingState/update#2067): SNAP - 16 INCREASE - 0.25 - GO TO BEAT 5.25
9:42.76 [TRACE] (ChartingState/update#2067): SNAP - 16 INCREASE - 0.25 - GO TO BEAT 5.5
9:42.84 [TRACE] (ChartingState/update#2067): SNAP - 16 INCREASE - 0.25 - GO TO BEAT 5.75
9:42.93 [TRACE] (ChartingState/update#2067): SNAP - 16 INCREASE - 0.25 - GO TO BEAT 6
9:43.56 [TRACE] (ChartingState/update#2067): SNAP - 16 INCREASE - -0.25 - GO TO BEAT 5.74975
9:43.65 [TRACE] (ChartingState/update#2067): SNAP - 16 INCREASE - -0.25 - GO TO BEAT 5.49975
9:43.73 [TRACE] (ChartingState/update#2067): SNAP - 16 INCREASE - -0.25 - GO TO BEAT 5.24975
9:46.72 [TRACE] (ChartingState/update#2067): SNAP - 16 INCREASE - 0.25 - GO TO BEAT 5.5
9:46.75 [TRACE] (ChartingState/update#2067): SNAP - 16 INCREASE - 0.25 - GO TO BEAT 5.75
9:46.78 [TRACE] (ChartingState/update#2067): SNAP - 16 INCREASE - 0.25 - GO TO BEAT 6
9:47.03 [TRACE] (ChartingState/update#2067): SNAP - 16 INCREASE - 0.25 - GO TO BEAT 6.25
9:47.10 [TRACE] (ChartingState/update#2067): SNAP - 16 INCREASE - 0.25 - GO TO BEAT 6.5
9:47.32 [TRACE] (ChartingState/update#2067): SNAP - 16 INCREASE - 0.25 - GO TO BEAT 6.75
9:47.39 [TRACE] (ChartingState/update#2067): SNAP - 16 INCREASE - 0.25 - GO TO BEAT 7
9:47.56 [TRACE] (ChartingState/update#2067): SNAP - 16 INCREASE - 0.25 - GO TO BEAT 7.25
9:47.64 [TRACE] (ChartingState/update#2067): SNAP - 16 INCREASE - 0.25 - GO TO BEAT 7.5
9:49.79 [TRACE] (ChartingState/update#2067): SNAP - 16 INCREASE - -0.25 - GO TO BEAT 7.24975
9:49.82 [TRACE] (ChartingState/update#2067): SNAP - 16 INCREASE - -0.25 - GO TO BEAT 6.99975
9:49.85 [TRACE] (ChartingState/update#2067): SNAP - 16 INCREASE - -0.25 - GO TO BEAT 6.74975
9:50.18 [TRACE] (ChartingState/update#2067): SNAP - 16 INCREASE - -0.25 - GO TO BEAT 6.49975
9:50.21 [TRACE] (ChartingState/update#2067): SNAP - 16 INCREASE - -0.25 - GO TO BEAT 6.24975
9:50.23 [TRACE] (ChartingState/update#2067): SNAP - 16 INCREASE - -0.25 - GO TO BEAT 5.99975
9:50.26 [TRACE] (ChartingState/update#2067): SNAP - 16 INCREASE - -0.25 - GO TO BEAT 5.74975
9:50.29 [TRACE] (ChartingState/update#2067): SNAP - 16 INCREASE - -0.25 - GO TO BEAT 5.49975
9:50.54 [TRACE] (ChartingState/update#2067): SNAP - 16 INCREASE - -0.25 - GO TO BEAT 5.24975
9:50.57 [TRACE] (ChartingState/update#2067): SNAP - 16 INCREASE - -0.25 - GO TO BEAT 4.99975
9:50.60 [TRACE] (ChartingState/update#2067): SNAP - 16 INCREASE - -0.25 - GO TO BEAT 4.74975
9:50.63 [TRACE] (ChartingState/update#2067): SNAP - 16 INCREASE - -0.25 - GO TO BEAT 4.49975
9:50.91 [TRACE] (ChartingState/update#2067): SNAP - 16 INCREASE - -0.25 - GO TO BEAT 4.24975
9:50.96 [TRACE] (ChartingState/update#2067): SNAP - 16 INCREASE - -0.25 - GO TO BEAT 3.99975
9:50.99 [TRACE] (ChartingState/update#2067): SNAP - 16 INCREASE - -0.25 - GO TO BEAT 3.74975
9:51.02 [TRACE] (ChartingState/update#2067): SNAP - 16 INCREASE - -0.25 - GO TO BEAT 3.49975
9:52.52 [TRACE] (ChartingState/update#2067): SNAP - 16 INCREASE - -0.25 - GO TO BEAT 3.24975
9:52.60 [TRACE] (ChartingState/update#2067): SNAP - 16 INCREASE - -0.25 - GO TO BEAT 2.99975
9:52.69 [TRACE] (ChartingState/update#2067): SNAP - 16 INCREASE - -0.25 - GO TO BEAT 2.74975
9:53.91 [TRACE] (ChartingState/update#2067): SNAP - 16 INCREASE - -0.25 - GO TO BEAT 2.49975
9:54.05 [TRACE] (ChartingState/update#2067): SNAP - 16 INCREASE - -0.25 - GO TO BEAT 2.24975
9:54.12 [TRACE] (ChartingState/update#2067): SNAP - 16 INCREASE - -0.25 - GO TO BEAT 1.99975
9:54.20 [TRACE] (ChartingState/update#2067): SNAP - 16 INCREASE - -0.25 - GO TO BEAT 1.74975
9:54.30 [TRACE] (ChartingState/update#2067): SNAP - 16 INCREASE - -0.25 - GO TO BEAT 1.49975
9:54.79 [TRACE] (ChartingState/update#2067): SNAP - 16 INCREASE - -0.25 - GO TO BEAT 1.24975
9:54.82 [TRACE] (ChartingState/update#2067): SNAP - 16 INCREASE - -0.25 - GO TO BEAT 0.99975
9:54.85 [TRACE] (ChartingState/update#2067): SNAP - 16 INCREASE - -0.25 - GO TO BEAT 0.74975
9:54.90 [TRACE] (ChartingState/update#2067): SNAP - 16 INCREASE - -0.25 - GO TO BEAT 0.49975
9:54.93 [TRACE] (ChartingState/update#2067): SNAP - 16 INCREASE - -0.25 - GO TO BEAT 0.24975
9:59.21 [TRACE] (ChartingState/addNote#3331): 150 from 60
9:59.22 [TRACE] (ChartingState/addNote#3337): adding note with 150 from dummyArrow with data 1
9:59.97 [TRACE] (ChartingState/addNote#3331): 300 from 120
9:59.97 [TRACE] (ChartingState/addNote#3337): adding note with 300 from dummyArrow with data 2
10:00.55 [TRACE] (ChartingState/addNote#3331): 450 from 180
10:00.55 [TRACE] (ChartingState/addNote#3337): adding note with 450 from dummyArrow with data 3
10:02.41 [TRACE] (ChartingState/addNote#3331): 300 from 120
10:02.41 [TRACE] (ChartingState/addNote#3337): adding note with 300 from dummyArrow with data 0
10:02.97 [TRACE] (ChartingState/addNote#3331): 450 from 180
10:02.98 [TRACE] (ChartingState/addNote#3337): adding note with 450 from dummyArrow with data 1
10:03.83 [TRACE] (ChartingState/addNote#3331): 600 from 240
10:03.85 [TRACE] (ChartingState/addNote#3337): adding note with 600 from dummyArrow with data 2
10:04.50 [TRACE] (ChartingState/addNote#3331): 750 from 300
10:04.51 [TRACE] (ChartingState/addNote#3337): adding note with 750 from dummyArrow with data 3
10:04.82 [TRACE] (ChartingState/update#2067): SNAP - 16 INCREASE - 0.25 - GO TO BEAT 0.5
10:04.86 [TRACE] (ChartingState/update#2067): SNAP - 16 INCREASE - 0.25 - GO TO BEAT 0.75
10:04.93 [TRACE] (ChartingState/update#2067): SNAP - 16 INCREASE - 0.25 - GO TO BEAT 1
10:08.94 [TRACE] (ChartingState/addNote#3331): 750 from 300
10:08.94 [TRACE] (ChartingState/addNote#3337): adding note with 750 from dummyArrow with data 1
10:09.66 [TRACE] (ChartingState/addNote#3331): 900 from 360
10:09.67 [TRACE] (ChartingState/addNote#3337): adding note with 900 from dummyArrow with data 2
10:10.49 [TRACE] (ChartingState/addNote#3331): 1050 from 420
10:10.49 [TRACE] (ChartingState/addNote#3337): adding note with 1050 from dummyArrow with data 3
10:11.49 [TRACE] (ChartingState/addNote#3331): 1050 from 420
10:11.51 [TRACE] (ChartingState/addNote#3337): adding note with 1050 from dummyArrow with data 1
10:12.02 [TRACE] (ChartingState/addNote#3331): 1200 from 480
10:12.04 [TRACE] (ChartingState/addNote#3337): adding note with 1200 from dummyArrow with data 2
10:12.66 [TRACE] (ChartingState/addNote#3331): 1350 from 540
10:12.67 [TRACE] (ChartingState/addNote#3337): adding note with 1350 from dummyArrow with data 3
10:13.01 [TRACE] (ChartingState/update#2067): SNAP - 16 INCREASE - 0.25 - GO TO BEAT 1.25
10:13.05 [TRACE] (ChartingState/update#2067): SNAP - 16 INCREASE - 0.25 - GO TO BEAT 1.5
10:15.28 [TRACE] (ChartingState/addNote#3331): 1200 from 480
10:15.29 [TRACE] (ChartingState/addNote#3337): adding note with 1200 from dummyArrow with data 0
10:15.75 [TRACE] (ChartingState/addNote#3331): 1350 from 540
10:15.77 [TRACE] (ChartingState/addNote#3337): adding note with 1350 from dummyArrow with data 1
10:16.34 [TRACE] (ChartingState/addNote#3331): 1500 from 600
10:16.36 [TRACE] (ChartingState/addNote#3337): adding note with 1500 from dummyArrow with data 2
10:16.81 [TRACE] (ChartingState/addNote#3331): 1650 from 660
10:16.82 [TRACE] (ChartingState/addNote#3337): adding note with 1650 from dummyArrow with data 3
10:17.15 [TRACE] (ChartingState/update#2067): SNAP - 16 INCREASE - 0.25 - GO TO BEAT 1.75
10:17.20 [TRACE] (ChartingState/update#2067): SNAP - 16 INCREASE - 0.25 - GO TO BEAT 2
10:18.53 [TRACE] (ChartingState/update#2067): SNAP - 16 INCREASE - 0.25 - GO TO BEAT 2.25
10:18.57 [TRACE] (ChartingState/update#2067): SNAP - 16 INCREASE - 0.25 - GO TO BEAT 2.5
10:18.61 [TRACE] (ChartingState/update#2067): SNAP - 16 INCREASE - 0.25 - GO TO BEAT 2.75
10:22.09 [TRACE] (ChartingState/addNote#3331): 1500 from 600
10:22.09 [TRACE] (ChartingState/addNote#3337): adding note with 1500 from dummyArrow with data 0
10:22.64 [TRACE] (ChartingState/addNote#3331): 1650 from 660
10:22.65 [TRACE] (ChartingState/addNote#3337): adding note with 1650 from dummyArrow with data 1
10:23.09 [TRACE] (ChartingState/addNote#3331): 1800 from 720
10:23.10 [TRACE] (ChartingState/addNote#3337): adding note with 1800 from dummyArrow with data 2
10:23.66 [TRACE] (ChartingState/addNote#3331): 1950 from 780
10:23.67 [TRACE] (ChartingState/addNote#3337): adding note with 1950 from dummyArrow with data 3
10:26.03 [TRACE] (ChartingState/addNote#3331): 2250 from 900
10:26.05 [TRACE] (ChartingState/addNote#3337): adding note with 2250 from dummyArrow with data 3
10:26.45 [TRACE] (ChartingState/addNote#3331): 2100 from 840
10:26.46 [TRACE] (ChartingState/addNote#3337): adding note with 2100 from dummyArrow with data 2
10:26.88 [TRACE] (ChartingState/addNote#3331): 1950 from 780
10:26.90 [TRACE] (ChartingState/addNote#3337): adding note with 1950 from dummyArrow with data 1
10:27.28 [TRACE] (ChartingState/addNote#3331): 1800 from 720
10:27.29 [TRACE] (ChartingState/addNote#3337): adding note with 1800 from dummyArrow with data 0
10:30.19 [INFO ] (PlayState/create#370): Searching for mod chart? (false) at assets/data/songs/bopeebo/modchart.lua
10:30.19 [INFO ] (Character/parseDataFile#438): Generating character (gf) from JSON data...
10:34.63 [TRACE] (NoteskinHelpers/generatePixelSprite#78): bruh momento
10:34.64 [TRACE] (NoteskinHelpers/generateNoteskinSprite#60): bruh momento
10:34.72 [TRACE] (NoteskinHelpers/generatePixelSprite#78): bruh momento
10:34.72 [TRACE] (PlayState/generateStaticArrows#1801): FlxAtlasFrames
10:34.73 [TRACE] (PlayState/generateStaticArrows#1801): FlxAtlasFrames
10:34.73 [TRACE] (PlayState/generateStaticArrows#1801): FlxAtlasFrames
10:34.74 [TRACE] (PlayState/generateStaticArrows#1801): FlxAtlasFrames
10:34.74 [TRACE] (PlayState/generateStaticArrows#1801): FlxAtlasFrames
10:34.75 [TRACE] (PlayState/generateStaticArrows#1801): FlxAtlasFrames
10:34.75 [TRACE] (PlayState/generateStaticArrows#1801): FlxAtlasFrames
10:34.76 [TRACE] (PlayState/generateStaticArrows#1801): FlxAtlasFrames
10:34.77 [TRACE] (PlayState/generateSong#1742): whats the fuckin shit
