0:00.00 [INFO ] (Debug/onInitProgram#203): Debug logging initialized. Hello, developer.
0:00.00 [INFO ] (Debug/onInitProgram#208): This is a RELEASE build.
0:00.00 [INFO ] (Debug/onInitProgram#210): HaxeFlixel version: HaxeFlixel 4.10.0
0:00.00 [INFO ] (Debug/onInitProgram#211): Friday Night Funkin' version: 0.2.7.1
0:00.00 [INFO ] (Debug/onInitProgram#212): KadeEngine version: 1.8
0:00.00 [INFO ] (ModCore/initialize#27): Initializing ModCore...
0:00.00 [INFO ] (ModCore/getModIds#95): Scanning the mods folder...
0:00.00 [INFO ] (ModCore/getModIds#97): Found 1 mods when scanning.
0:00.00 [INFO ] (ModCore/loadModsById#37): Attempting to load 1 mods...
0:00.00 [WARN ] Could not find mod icon file: "mods/introMod/_polymod_icon.png"
0:00.00 [INFO ]  user specified CUSTOM
0:00.00 [TRACE] (ModCoreBackend/new#167): Initialized custom asset loader backend.
0:00.00 [WARN ] (ModCoreBackend/clearCache#173): Custom asset cache has been cleared.
0:00.00 [ERROR] Preparing to load mod mods/introMod
0:00.00 [ERROR] Done loading mod mods/introMod
0:00.00 [TRACE] (ModCoreBackend/exists#178): Call to ModCoreBackend: exists(_polymod_pack.txt)
0:00.00 [INFO ] (ModCore/loadModsById#67): Mod loading complete. We loaded 1 / 1 mods.
0:00.00 [TRACE] (ModCore/loadModsById#70):   * Intro Mod v1.0.0 [introMod]
0:00.00 [INFO ] (ModCore/loadModsById#73): Installed mods have replaced 1 images.
0:00.00 [TRACE] (ModCore/loadModsById#75):   * images/KadeEngineLogo.png
0:00.00 [INFO ] (ModCore/loadModsById#78): Installed mods have replaced 0 text files.
0:00.00 [INFO ] (ModCore/loadModsById#83): Installed mods have replaced 0 music files.
0:00.00 [INFO ] (ModCore/loadModsById#88): Installed mods have replaced 0 sound files.
0:00.10 [TRACE] (TitleState/create#56): We loaded 0 assets into the default library
0:11.48 [INFO ] (TitleState/skipIntro#446): Skipping intro...
0:39.31 [INFO ] (Song/loadFromJson#83): Loading song JSON: tutorial/tutorial-easy
0:39.31 [INFO ] (Song/loadFromJson#83): Loading song JSON: tutorial/tutorial
0:39.31 [INFO ] (Song/loadFromJson#83): Loading song JSON: tutorial/tutorial-hard
0:39.67 [INFO ] (Song/loadFromJson#83): Loading song JSON: bopeebo/bopeebo-easy
0:39.67 [INFO ] (Song/loadFromJson#83): Loading song JSON: bopeebo/bopeebo
0:39.67 [INFO ] (Song/loadFromJson#83): Loading song JSON: bopeebo/bopeebo-hard
0:40.01 [INFO ] (Song/loadFromJson#83): Loading song JSON: fresh/fresh-easy
0:40.01 [INFO ] (Song/loadFromJson#83): Loading song JSON: fresh/fresh
0:40.01 [INFO ] (Song/loadFromJson#83): Loading song JSON: fresh/fresh-hard
0:40.48 [INFO ] (Song/loadFromJson#83): Loading song JSON: dadbattle/dadbattle-easy
0:40.48 [INFO ] (Song/loadFromJson#83): Loading song JSON: dadbattle/dadbattle
0:40.48 [INFO ] (Song/loadFromJson#83): Loading song JSON: dadbattle/dadbattle-hard
0:41.36 [INFO ] (Song/loadFromJson#83): Loading song JSON: spookeez/spookeez-easy
0:41.36 [INFO ] (Song/loadFromJson#83): Loading song JSON: spookeez/spookeez
0:41.37 [INFO ] (Song/loadFromJson#83): Loading song JSON: spookeez/spookeez-hard
0:42.61 [INFO ] (Song/loadFromJson#83): Loading song JSON: south/south-easy
0:42.61 [INFO ] (Song/loadFromJson#83): Loading song JSON: south/south
0:42.62 [INFO ] (Song/loadFromJson#83): Loading song JSON: south/south-hard
0:42.98 [INFO ] (Song/loadFromJson#83): Loading song JSON: monster/monster-easy
0:42.98 [INFO ] (Song/loadFromJson#83): Loading song JSON: monster/monster
0:42.98 [INFO ] (Song/loadFromJson#83): Loading song JSON: monster/monster-hard
0:43.67 [INFO ] (Song/loadFromJson#83): Loading song JSON: pico/pico-easy
0:43.67 [INFO ] (Song/loadFromJson#83): Loading song JSON: pico/pico
0:43.67 [INFO ] (Song/loadFromJson#83): Loading song JSON: pico/pico-hard
0:44.05 [INFO ] (Song/loadFromJson#83): Loading song JSON: philly/philly-easy
0:44.05 [INFO ] (Song/loadFromJson#83): Loading song JSON: philly/philly
0:44.05 [INFO ] (Song/loadFromJson#83): Loading song JSON: philly/philly-hard
0:44.51 [INFO ] (Song/loadFromJson#83): Loading song JSON: blammed/blammed-easy
0:44.51 [INFO ] (Song/loadFromJson#83): Loading song JSON: blammed/blammed
0:44.51 [INFO ] (Song/loadFromJson#83): Loading song JSON: blammed/blammed-hard
0:45.00 [INFO ] (Song/loadFromJson#83): Loading song JSON: satin-panties/satin-panties-easy
0:45.00 [INFO ] (Song/loadFromJson#83): Loading song JSON: satin-panties/satin-panties
0:45.00 [INFO ] (Song/loadFromJson#83): Loading song JSON: satin-panties/satin-panties-hard
0:45.40 [INFO ] (Song/loadFromJson#83): Loading song JSON: high/high-easy
0:45.40 [INFO ] (Song/loadFromJson#83): Loading song JSON: high/high
0:45.41 [INFO ] (Song/loadFromJson#83): Loading song JSON: high/high-hard
0:46.12 [INFO ] (Song/loadFromJson#83): Loading song JSON: milf/milf-easy
0:46.13 [INFO ] (Song/loadFromJson#83): Loading song JSON: milf/milf
0:46.14 [INFO ] (Song/loadFromJson#83): Loading song JSON: milf/milf-hard
0:47.87 [INFO ] (Song/loadFromJson#83): Loading song JSON: cocoa/cocoa-easy
0:47.87 [INFO ] (Song/loadFromJson#83): Loading song JSON: cocoa/cocoa
0:47.87 [INFO ] (Song/loadFromJson#83): Loading song JSON: cocoa/cocoa-hard
0:48.54 [INFO ] (Song/loadFromJson#83): Loading song JSON: eggnog/eggnog-easy
0:48.54 [INFO ] (Song/loadFromJson#83): Loading song JSON: eggnog/eggnog
0:48.54 [INFO ] (Song/loadFromJson#83): Loading song JSON: eggnog/eggnog-hard
0:48.96 [INFO ] (Song/loadFromJson#83): Loading song JSON: winter-horrorland/winter-horrorland-easy
0:48.96 [INFO ] (Song/loadFromJson#83): Loading song JSON: winter-horrorland/winter-horrorland
0:48.96 [INFO ] (Song/loadFromJson#83): Loading song JSON: winter-horrorland/winter-horrorland-hard
0:49.54 [INFO ] (Song/loadFromJson#83): Loading song JSON: senpai/senpai-easy
0:49.54 [INFO ] (Song/loadFromJson#83): Loading song JSON: senpai/senpai
0:49.54 [INFO ] (Song/loadFromJson#83): Loading song JSON: senpai/senpai-hard
0:50.03 [INFO ] (Song/loadFromJson#83): Loading song JSON: roses/roses-easy
0:50.04 [INFO ] (Song/loadFromJson#83): Loading song JSON: roses/roses
0:50.04 [INFO ] (Song/loadFromJson#83): Loading song JSON: roses/roses-hard
0:51.34 [INFO ] (Song/loadFromJson#83): Loading song JSON: thorns/thorns-easy
0:51.34 [INFO ] (Song/loadFromJson#83): Loading song JSON: thorns/thorns
0:51.35 [INFO ] (Song/loadFromJson#83): Loading song JSON: thorns/thorns-hard
0:56.06 [INFO ] (FreeplayState/loadSongInFreePlay#494): Loading song bopeebo from week 1 into Free Play...
0:56.80 [INFO ] (PlayState/create#370): Searching for mod chart? (false) at assets/data/songs/bopeebo/modchart.lua
0:56.80 [INFO ] (Character/parseDataFile#438): Generating character (gf) from JSON data...
1:02.52 [TRACE] (NoteskinHelpers/generatePixelSprite#78): bruh momento
1:02.52 [TRACE] (NoteskinHelpers/generateNoteskinSprite#60): bruh momento
1:02.60 [TRACE] (NoteskinHelpers/generatePixelSprite#78): bruh momento
1:02.60 [TRACE] (PlayState/generateStaticArrows#1801): FlxAtlasFrames
1:02.60 [TRACE] (PlayState/generateStaticArrows#1801): FlxAtlasFrames
1:02.60 [TRACE] (PlayState/generateStaticArrows#1801): FlxAtlasFrames
1:02.60 [TRACE] (PlayState/generateStaticArrows#1801): FlxAtlasFrames
1:02.60 [TRACE] (PlayState/generateStaticArrows#1801): FlxAtlasFrames
1:02.60 [TRACE] (PlayState/generateStaticArrows#1801): FlxAtlasFrames
1:02.60 [TRACE] (PlayState/generateStaticArrows#1801): FlxAtlasFrames
1:02.60 [TRACE] (PlayState/generateStaticArrows#1801): FlxAtlasFrames
1:03.19 [TRACE] (PlayState/generateSong#1742): whats the fuckin shit
