0:00.00 [INFO ] (Debug/onInitProgram#203): Debug logging initialized. Hello, developer.
0:00.00 [INFO ] (Debug/onInitProgram#208): This is a RELEASE build.
0:00.01 [INFO ] (Debug/onInitProgram#210): HaxeFlixel version: HaxeFlixel 4.10.0
0:00.02 [INFO ] (Debug/onInitProgram#211): Friday Night Funkin' version: 0.2.7.1
0:00.03 [INFO ] (Debug/onInitProgram#212): KadeEngine version: 1.8
0:00.03 [INFO ] (ModCore/initialize#27): Initializing ModCore...
0:00.04 [INFO ] (ModCore/getModIds#95): Scanning the mods folder...
0:00.04 [INFO ] (ModCore/getModIds#97): Found 1 mods when scanning.
0:00.05 [INFO ] (ModCore/loadModsById#37): Attempting to load 1 mods...
0:00.06 [WARN ] Could not find mod icon file: "mods/introMod/_polymod_icon.png"
0:00.16 [INFO ]  user specified CUSTOM
0:00.17 [TRACE] (ModCoreBackend/new#167): Initialized custom asset loader backend.
0:00.18 [WARN ] (ModCoreBackend/clearCache#173): Custom asset cache has been cleared.
0:00.19 [ERROR] Preparing to load mod mods/introMod
0:00.19 [ERROR] Done loading mod mods/introMod
0:00.20 [TRACE] (ModCoreBackend/exists#178): Call to ModCoreBackend: exists(_polymod_pack.txt)
0:00.20 [INFO ] (ModCore/loadModsById#67): Mod loading complete. We loaded 1 / 1 mods.
0:00.21 [TRACE] (ModCore/loadModsById#70):   * Intro Mod v1.0.0 [introMod]
0:00.21 [INFO ] (ModCore/loadModsById#73): Installed mods have replaced 1 images.
0:00.22 [TRACE] (ModCore/loadModsById#75):   * images/KadeEngineLogo.png
0:00.23 [INFO ] (ModCore/loadModsById#78): Installed mods have replaced 0 text files.
0:00.24 [INFO ] (ModCore/loadModsById#83): Installed mods have replaced 0 music files.
0:00.24 [INFO ] (ModCore/loadModsById#88): Installed mods have replaced 0 sound files.
0:00.26 [TRACE] (TitleState/create#56): We loaded 0 assets into the default library
0:11.82 [INFO ] (TitleState/skipIntro#446): Skipping intro...
0:48.46 [INFO ] (Song/loadFromJson#83): Loading song JSON: tutorial/tutorial-easy
0:48.48 [INFO ] (Song/loadFromJson#83): Loading song JSON: tutorial/tutorial
0:48.48 [INFO ] (Song/loadFromJson#83): Loading song JSON: tutorial/tutorial-hard
0:49.85 [INFO ] (Song/loadFromJson#83): Loading song JSON: bopeebo/bopeebo-easy
0:49.87 [INFO ] (Song/loadFromJson#83): Loading song JSON: bopeebo/bopeebo
0:49.89 [INFO ] (Song/loadFromJson#83): Loading song JSON: bopeebo/bopeebo-hard
0:50.87 [INFO ] (Song/loadFromJson#83): Loading song JSON: fresh/fresh-easy
0:50.89 [INFO ] (Song/loadFromJson#83): Loading song JSON: fresh/fresh
0:50.92 [INFO ] (Song/loadFromJson#83): Loading song JSON: fresh/fresh-hard
0:52.22 [INFO ] (Song/loadFromJson#83): Loading song JSON: dadbattle/dadbattle-easy
0:52.22 [INFO ] (Song/loadFromJson#83): Loading song JSON: dadbattle/dadbattle
0:52.23 [INFO ] (Song/loadFromJson#83): Loading song JSON: dadbattle/dadbattle-hard
0:52.75 [INFO ] (Song/loadFromJson#83): Loading song JSON: spookeez/spookeez-easy
0:52.76 [INFO ] (Song/loadFromJson#83): Loading song JSON: spookeez/spookeez
0:52.77 [INFO ] (Song/loadFromJson#83): Loading song JSON: spookeez/spookeez-hard
0:53.35 [INFO ] (Song/loadFromJson#83): Loading song JSON: south/south-easy
0:53.35 [INFO ] (Song/loadFromJson#83): Loading song JSON: south/south
0:53.36 [INFO ] (Song/loadFromJson#83): Loading song JSON: south/south-hard
0:53.87 [INFO ] (Song/loadFromJson#83): Loading song JSON: monster/monster-easy
0:53.88 [INFO ] (Song/loadFromJson#83): Loading song JSON: monster/monster
0:53.89 [INFO ] (Song/loadFromJson#83): Loading song JSON: monster/monster-hard
0:54.73 [INFO ] (Song/loadFromJson#83): Loading song JSON: pico/pico-easy
0:54.73 [INFO ] (Song/loadFromJson#83): Loading song JSON: pico/pico
0:54.74 [INFO ] (Song/loadFromJson#83): Loading song JSON: pico/pico-hard
0:55.10 [INFO ] (Song/loadFromJson#83): Loading song JSON: philly/philly-easy
0:55.11 [INFO ] (Song/loadFromJson#83): Loading song JSON: philly/philly
0:55.11 [INFO ] (Song/loadFromJson#83): Loading song JSON: philly/philly-hard
0:55.66 [INFO ] (Song/loadFromJson#83): Loading song JSON: blammed/blammed-easy
0:55.66 [INFO ] (Song/loadFromJson#83): Loading song JSON: blammed/blammed
0:55.67 [INFO ] (Song/loadFromJson#83): Loading song JSON: blammed/blammed-hard
0:56.20 [INFO ] (Song/loadFromJson#83): Loading song JSON: satin-panties/satin-panties-easy
0:56.20 [INFO ] (Song/loadFromJson#83): Loading song JSON: satin-panties/satin-panties
0:56.21 [INFO ] (Song/loadFromJson#83): Loading song JSON: satin-panties/satin-panties-hard
0:56.91 [INFO ] (Song/loadFromJson#83): Loading song JSON: high/high-easy
0:56.92 [INFO ] (Song/loadFromJson#83): Loading song JSON: high/high
0:56.92 [INFO ] (Song/loadFromJson#83): Loading song JSON: high/high-hard
0:57.43 [INFO ] (Song/loadFromJson#83): Loading song JSON: milf/milf-easy
0:57.44 [INFO ] (Song/loadFromJson#83): Loading song JSON: milf/milf
0:57.45 [INFO ] (Song/loadFromJson#83): Loading song JSON: milf/milf-hard
0:58.03 [INFO ] (Song/loadFromJson#83): Loading song JSON: cocoa/cocoa-easy
0:58.04 [INFO ] (Song/loadFromJson#83): Loading song JSON: cocoa/cocoa
0:58.05 [INFO ] (Song/loadFromJson#83): Loading song JSON: cocoa/cocoa-hard
0:58.61 [INFO ] (Song/loadFromJson#83): Loading song JSON: eggnog/eggnog-easy
0:58.62 [INFO ] (Song/loadFromJson#83): Loading song JSON: eggnog/eggnog
0:58.63 [INFO ] (Song/loadFromJson#83): Loading song JSON: eggnog/eggnog-hard
0:59.07 [INFO ] (Song/loadFromJson#83): Loading song JSON: winter-horrorland/winter-horrorland-easy
0:59.08 [INFO ] (Song/loadFromJson#83): Loading song JSON: winter-horrorland/winter-horrorland
0:59.09 [INFO ] (Song/loadFromJson#83): Loading song JSON: winter-horrorland/winter-horrorland-hard
0:59.70 [INFO ] (Song/loadFromJson#83): Loading song JSON: senpai/senpai-easy
0:59.71 [INFO ] (Song/loadFromJson#83): Loading song JSON: senpai/senpai
0:59.72 [INFO ] (Song/loadFromJson#83): Loading song JSON: senpai/senpai-hard
1:00.20 [INFO ] (Song/loadFromJson#83): Loading song JSON: roses/roses-easy
1:00.21 [INFO ] (Song/loadFromJson#83): Loading song JSON: roses/roses
1:00.21 [INFO ] (Song/loadFromJson#83): Loading song JSON: roses/roses-hard
1:01.11 [INFO ] (Song/loadFromJson#83): Loading song JSON: thorns/thorns-easy
1:01.14 [INFO ] (Song/loadFromJson#83): Loading song JSON: thorns/thorns
1:01.16 [INFO ] (Song/loadFromJson#83): Loading song JSON: thorns/thorns-hard
1:27.05 [INFO ] (FreeplayState/loadSongInFreePlay#494): Loading song bopeebo from week 1 into Free Play...
1:27.80 [INFO ] (PlayState/create#370): Searching for mod chart? (false) at assets/data/songs/bopeebo/modchart.lua
1:27.81 [INFO ] (Character/parseDataFile#438): Generating character (gf) from JSON data...
1:33.69 [TRACE] (NoteskinHelpers/generatePixelSprite#78): bruh momento
1:33.71 [TRACE] (NoteskinHelpers/generateNoteskinSprite#60): bruh momento
1:33.79 [TRACE] (NoteskinHelpers/generatePixelSprite#78): bruh momento
1:33.80 [TRACE] (PlayState/generateStaticArrows#1801): FlxAtlasFrames
1:33.80 [TRACE] (PlayState/generateStaticArrows#1801): FlxAtlasFrames
1:33.81 [TRACE] (PlayState/generateStaticArrows#1801): FlxAtlasFrames
1:33.81 [TRACE] (PlayState/generateStaticArrows#1801): FlxAtlasFrames
1:33.82 [TRACE] (PlayState/generateStaticArrows#1801): FlxAtlasFrames
1:33.82 [TRACE] (PlayState/generateStaticArrows#1801): FlxAtlasFrames
1:33.83 [TRACE] (PlayState/generateStaticArrows#1801): FlxAtlasFrames
1:33.83 [TRACE] (PlayState/generateStaticArrows#1801): FlxAtlasFrames
1:34.42 [TRACE] (PlayState/generateSong#1742): whats the fuckin shit
1:45.92 [TRACE] (MusicBeatState/onWindowFocusOut#225): Lost Focus
1:54.20 [TRACE] (MusicBeatState/onWindowFocusIn#241): IM BACK!!!
1:54.21 [TRACE] (MusicBeatSubstate/onWindowFocusIn#131): IM BACK!!!
1:55.60 [TRACE] (PauseSubState/destroy#261): destroying music for pauseeta
2:25.04 [TRACE] (ChartingState/create#161): false
2:25.04 [TRACE] (ChartingState/create#163): FlxAtlasFrames
2:25.05 [TRACE] (NoteskinHelpers/generateNoteskinSprite#60): bruh momento
2:25.15 [INFO ] (Song/loadFromJson#83): Loading song JSON: bopeebo/bopeebo-easy
2:25.16 [TRACE] (ChartingState/addGrid#522): 640
2:25.17 [TRACE] (ChartingState/addGrid#526): height of 0
2:25.18 [TRACE] (ChartingState/create#261): goin
2:25.18 [TRACE] (ChartingState/create#302): STRUCTS: 2
2:25.18 [TRACE] (ChartingState/recalculateAllSectionTimes#3216): RECALCULATING SECTION TIMES
2:25.19 [TRACE] (ChartingState/poggers#1788): FUCK YOU BITCH FUCKER CUCK SUCK BITCH 32
2:25.20 [TRACE] (ChartingState/create#308): Song length in MS: 93675
2:25.20 [TRACE] (ChartingState/create#326): LENGTH IN STEPS 624 | LENGTH IN BEATS 156 | SECTIONS: 40
2:25.21 [TRACE] (ChartingState/create#337): TARGET 93675
2:25.26 [TRACE] (ChartingState/create#363): 92800
2:26.01 [TRACE] (ChartingState/addEventsUI#849): 100
2:26.02 [TRACE] (ChartingState/addEventsUI#864): bruh
2:26.02 [TRACE] (ChartingState/addEventsUI#868): Event
2:26.02 [TRACE] (ChartingState/addEventsUI#870): bruh
2:26.03 [TRACE] (ChartingState/addEventsUI#872): bruh
2:26.03 [TRACE] (ChartingState/addEventsUI#874): bruh
2:26.04 [TRACE] (ChartingState/addEventsUI#876): bruh
2:26.05 [TRACE] (ChartingState/addEventsUI#878): bruh
2:26.06 [TRACE] (ChartingState/addEventsUI#880): bruh
2:26.11 [TRACE] (ChartingState/addEventsUI#926): bruh
2:26.12 [TRACE] (ChartingState/regenerateLines#467): removed lines and texts
2:26.16 [TRACE] (ChartingState/create#426): bruh
2:26.17 [TRACE] (ChartingState/create#440): bruh
2:26.18 [TRACE] (ChartingState/create#445): bruh
2:26.20 [TRACE] (ChartingState/create#447): create
2:27.71 [TRACE] (ChartingState/recalculateAllSectionTimes#3216): RECALCULATING SECTION TIMES
2:27.73 [TRACE] (ChartingState/regenerateLines#467): removed lines and texts
2:44.23 [INFO ] (PlayState/create#370): Searching for mod chart? (false) at assets/data/songs/bopeebo/modchart.lua
2:44.24 [INFO ] (Character/parseDataFile#438): Generating character (gf) from JSON data...
2:48.61 [TRACE] (NoteskinHelpers/generatePixelSprite#78): bruh momento
2:48.62 [TRACE] (NoteskinHelpers/generateNoteskinSprite#60): bruh momento
2:48.70 [TRACE] (NoteskinHelpers/generatePixelSprite#78): bruh momento
2:48.70 [TRACE] (PlayState/generateStaticArrows#1801): FlxAtlasFrames
2:48.71 [TRACE] (PlayState/generateStaticArrows#1801): FlxAtlasFrames
2:48.71 [TRACE] (PlayState/generateStaticArrows#1801): FlxAtlasFrames
2:48.72 [TRACE] (PlayState/generateStaticArrows#1801): FlxAtlasFrames
2:48.72 [TRACE] (PlayState/generateStaticArrows#1801): FlxAtlasFrames
2:48.73 [TRACE] (PlayState/generateStaticArrows#1801): FlxAtlasFrames
2:48.73 [TRACE] (PlayState/generateStaticArrows#1801): FlxAtlasFrames
2:48.74 [TRACE] (PlayState/generateStaticArrows#1801): FlxAtlasFrames
2:48.75 [TRACE] (PlayState/generateSong#1742): whats the fuckin shit
3:13.57 [TRACE] (ChartingState/create#161): false
3:13.59 [TRACE] (ChartingState/create#163): FlxAtlasFrames
3:13.60 [TRACE] (NoteskinHelpers/generateNoteskinSprite#60): bruh momento
3:13.82 [INFO ] (Song/loadFromJson#83): Loading song JSON: bopeebo/bopeebo-easy
3:13.84 [TRACE] (ChartingState/addGrid#522): 640
3:13.86 [TRACE] (ChartingState/addGrid#526): height of 624
3:13.87 [TRACE] (ChartingState/create#261): goin
3:13.89 [TRACE] (ChartingState/create#302): STRUCTS: 2
3:13.90 [TRACE] (ChartingState/recalculateAllSectionTimes#3216): RECALCULATING SECTION TIMES
3:13.92 [TRACE] (ChartingState/poggers#1788): FUCK YOU BITCH FUCKER CUCK SUCK BITCH 40
3:13.94 [TRACE] (ChartingState/create#308): Song length in MS: 93675
3:13.95 [TRACE] (ChartingState/create#326): LENGTH IN STEPS 624 | LENGTH IN BEATS 156 | SECTIONS: 40
3:13.97 [TRACE] (ChartingState/create#337): TARGET 93675
3:14.07 [TRACE] (ChartingState/create#363): 92800
3:14.78 [TRACE] (ChartingState/addEventsUI#849): 100
3:14.78 [TRACE] (ChartingState/addEventsUI#864): bruh
3:14.78 [TRACE] (ChartingState/addEventsUI#868): Event
3:14.79 [TRACE] (ChartingState/addEventsUI#870): bruh
3:14.79 [TRACE] (ChartingState/addEventsUI#872): bruh
3:14.80 [TRACE] (ChartingState/addEventsUI#874): bruh
3:14.80 [TRACE] (ChartingState/addEventsUI#876): bruh
3:14.80 [TRACE] (ChartingState/addEventsUI#878): bruh
3:14.81 [TRACE] (ChartingState/addEventsUI#880): bruh
3:14.82 [TRACE] (ChartingState/addEventsUI#926): bruh
3:14.83 [TRACE] (ChartingState/regenerateLines#467): removed lines and texts
3:14.84 [TRACE] (ChartingState/create#426): bruh
3:14.84 [TRACE] (ChartingState/create#440): bruh
3:14.85 [TRACE] (ChartingState/create#445): bruh
3:14.85 [TRACE] (ChartingState/create#447): create
3:16.17 [TRACE] (ChartingState/recalculateAllSectionTimes#3216): RECALCULATING SECTION TIMES
3:16.18 [TRACE] (ChartingState/regenerateLines#467): removed lines and texts
4:05.14 [TRACE] (ChartingState/addNote#3331): 0 from 0
4:05.15 [TRACE] (ChartingState/addNote#3337): adding note with 0 from dummyArrow with data 8
4:06.56 [TRACE] (ChartingState/goToSection#1310): Going too 36000 | 15 | Which is at 60
4:08.70 [INFO ] (PlayState/create#370): Searching for mod chart? (false) at assets/data/songs/bopeebo/modchart.lua
4:08.72 [INFO ] (Character/parseDataFile#438): Generating character (gf) from JSON data...
4:12.79 [TRACE] (NoteskinHelpers/generatePixelSprite#78): bruh momento
4:12.80 [TRACE] (NoteskinHelpers/generateNoteskinSprite#60): bruh momento
4:13.02 [TRACE] (NoteskinHelpers/generatePixelSprite#78): bruh momento
4:13.04 [TRACE] (PlayState/generateStaticArrows#1801): FlxAtlasFrames
4:13.05 [TRACE] (PlayState/generateStaticArrows#1801): FlxAtlasFrames
4:13.07 [TRACE] (PlayState/generateStaticArrows#1801): FlxAtlasFrames
4:13.09 [TRACE] (PlayState/generateStaticArrows#1801): FlxAtlasFrames
4:13.10 [TRACE] (PlayState/generateStaticArrows#1801): FlxAtlasFrames
4:13.12 [TRACE] (PlayState/generateStaticArrows#1801): FlxAtlasFrames
4:13.13 [TRACE] (PlayState/generateStaticArrows#1801): FlxAtlasFrames
4:13.14 [TRACE] (PlayState/generateStaticArrows#1801): FlxAtlasFrames
4:13.19 [TRACE] (PlayState/generateSong#1742): whats the fuckin shit
5:07.74 [TRACE] (ChartingState/create#161): false
5:07.74 [TRACE] (ChartingState/create#163): FlxAtlasFrames
5:07.75 [TRACE] (NoteskinHelpers/generateNoteskinSprite#60): bruh momento
5:07.86 [INFO ] (Song/loadFromJson#83): Loading song JSON: bopeebo/bopeebo-easy
5:07.90 [TRACE] (ChartingState/addGrid#522): 640
5:07.91 [TRACE] (ChartingState/addGrid#526): height of 624
5:07.92 [TRACE] (ChartingState/create#261): goin
5:07.92 [TRACE] (ChartingState/create#302): STRUCTS: 2
5:07.93 [TRACE] (ChartingState/recalculateAllSectionTimes#3216): RECALCULATING SECTION TIMES
5:07.94 [TRACE] (ChartingState/poggers#1788): FUCK YOU BITCH FUCKER CUCK SUCK BITCH 40
5:07.94 [TRACE] (ChartingState/create#308): Song length in MS: 93675
5:07.95 [TRACE] (ChartingState/create#326): LENGTH IN STEPS 624 | LENGTH IN BEATS 156 | SECTIONS: 40
5:07.96 [TRACE] (ChartingState/create#337): TARGET 93675
5:08.00 [TRACE] (ChartingState/create#363): 92800
5:08.77 [TRACE] (ChartingState/addEventsUI#849): 100
5:08.78 [TRACE] (ChartingState/addEventsUI#864): bruh
5:08.78 [TRACE] (ChartingState/addEventsUI#868): Event
5:08.79 [TRACE] (ChartingState/addEventsUI#870): bruh
5:08.79 [TRACE] (ChartingState/addEventsUI#872): bruh
5:08.79 [TRACE] (ChartingState/addEventsUI#874): bruh
5:08.80 [TRACE] (ChartingState/addEventsUI#876): bruh
5:08.80 [TRACE] (ChartingState/addEventsUI#878): bruh
5:08.80 [TRACE] (ChartingState/addEventsUI#880): bruh
5:08.82 [TRACE] (ChartingState/addEventsUI#926): bruh
5:08.83 [TRACE] (ChartingState/regenerateLines#467): removed lines and texts
5:08.84 [TRACE] (ChartingState/create#426): bruh
5:08.84 [TRACE] (ChartingState/create#440): bruh
5:08.85 [TRACE] (ChartingState/create#445): bruh
5:08.85 [TRACE] (ChartingState/create#447): create
5:10.65 [TRACE] (ChartingState/recalculateAllSectionTimes#3216): RECALCULATING SECTION TIMES
5:10.68 [TRACE] (ChartingState/regenerateLines#467): removed lines and texts
5:28.84 [TRACE] (MusicBeatState/onWindowFocusOut#225): Lost Focus
5:30.47 [TRACE] (MusicBeatState/onWindowFocusIn#241): IM BACK!!!
5:49.51 [TRACE] (ChartingState/update#2067): SNAP - 16 INCREASE - -0.25 - GO TO BEAT 13.99975
5:49.54 [TRACE] (ChartingState/update#2067): SNAP - 16 INCREASE - -0.25 - GO TO BEAT 13.74975
5:49.57 [TRACE] (ChartingState/update#2067): SNAP - 16 INCREASE - -0.25 - GO TO BEAT 13.49975
5:49.61 [TRACE] (ChartingState/update#2067): SNAP - 16 INCREASE - -0.25 - GO TO BEAT 13.24975
5:49.64 [TRACE] (ChartingState/update#2067): SNAP - 16 INCREASE - -0.25 - GO TO BEAT 12.99975
5:49.75 [TRACE] (ChartingState/update#2067): SNAP - 16 INCREASE - 0.25 - GO TO BEAT 13.25
5:49.82 [TRACE] (ChartingState/update#2067): SNAP - 16 INCREASE - 0.25 - GO TO BEAT 13.5
5:49.89 [TRACE] (ChartingState/update#2067): SNAP - 16 INCREASE - 0.25 - GO TO BEAT 13.75
5:50.21 [TRACE] (ChartingState/update#2067): SNAP - 16 INCREASE - -0.25 - GO TO BEAT 13.49975
5:50.29 [TRACE] (ChartingState/update#2067): SNAP - 16 INCREASE - -0.25 - GO TO BEAT 13.24975
5:50.36 [TRACE] (ChartingState/update#2067): SNAP - 16 INCREASE - -0.25 - GO TO BEAT 12.99975
5:50.68 [TRACE] (ChartingState/update#2067): SNAP - 16 INCREASE - -0.25 - GO TO BEAT 12.74975
5:50.76 [TRACE] (ChartingState/update#2067): SNAP - 16 INCREASE - -0.25 - GO TO BEAT 12.49975
5:50.84 [TRACE] (ChartingState/update#2067): SNAP - 16 INCREASE - -0.25 - GO TO BEAT 12.24975
5:51.04 [TRACE] (ChartingState/update#2067): SNAP - 16 INCREASE - -0.25 - GO TO BEAT 11.99975
5:51.24 [TRACE] (ChartingState/update#2067): SNAP - 16 INCREASE - -0.25 - GO TO BEAT 11.74975
5:51.46 [TRACE] (ChartingState/update#2067): SNAP - 16 INCREASE - -0.25 - GO TO BEAT 11.49975
5:51.56 [TRACE] (ChartingState/update#2067): SNAP - 16 INCREASE - -0.25 - GO TO BEAT 11.24975
5:51.81 [TRACE] (ChartingState/update#2067): SNAP - 16 INCREASE - -0.25 - GO TO BEAT 10.99975
5:51.86 [TRACE] (ChartingState/update#2067): SNAP - 16 INCREASE - -0.25 - GO TO BEAT 10.74975
5:51.89 [TRACE] (ChartingState/update#2067): SNAP - 16 INCREASE - -0.25 - GO TO BEAT 10.49975
5:51.92 [TRACE] (ChartingState/update#2067): SNAP - 16 INCREASE - -0.25 - GO TO BEAT 10.24975
5:52.23 [TRACE] (ChartingState/update#2067): SNAP - 16 INCREASE - -0.25 - GO TO BEAT 9.99975
5:52.26 [TRACE] (ChartingState/update#2067): SNAP - 16 INCREASE - -0.25 - GO TO BEAT 9.74975
5:52.29 [TRACE] (ChartingState/update#2067): SNAP - 16 INCREASE - -0.25 - GO TO BEAT 9.49975
5:52.31 [TRACE] (ChartingState/update#2067): SNAP - 16 INCREASE - -0.25 - GO TO BEAT 9.24975
5:52.34 [TRACE] (ChartingState/update#2067): SNAP - 16 INCREASE - -0.25 - GO TO BEAT 8.99975
5:52.37 [TRACE] (ChartingState/update#2067): SNAP - 16 INCREASE - -0.25 - GO TO BEAT 8.74975
5:52.40 [TRACE] (ChartingState/update#2067): SNAP - 16 INCREASE - -0.25 - GO TO BEAT 8.49975
5:52.65 [TRACE] (ChartingState/update#2067): SNAP - 16 INCREASE - -0.25 - GO TO BEAT 8.24975
5:52.68 [TRACE] (ChartingState/update#2067): SNAP - 16 INCREASE - -0.25 - GO TO BEAT 7.99975
5:52.71 [TRACE] (ChartingState/update#2067): SNAP - 16 INCREASE - -0.25 - GO TO BEAT 7.74975
5:52.74 [TRACE] (ChartingState/update#2067): SNAP - 16 INCREASE - -0.25 - GO TO BEAT 7.49975
5:52.77 [TRACE] (ChartingState/update#2067): SNAP - 16 INCREASE - -0.25 - GO TO BEAT 7.24975
5:53.03 [TRACE] (ChartingState/update#2067): SNAP - 16 INCREASE - -0.25 - GO TO BEAT 6.99975
5:53.06 [TRACE] (ChartingState/update#2067): SNAP - 16 INCREASE - -0.25 - GO TO BEAT 6.74975
5:53.08 [TRACE] (ChartingState/update#2067): SNAP - 16 INCREASE - -0.25 - GO TO BEAT 6.49975
5:53.12 [TRACE] (ChartingState/update#2067): SNAP - 16 INCREASE - -0.25 - GO TO BEAT 6.24975
5:53.14 [TRACE] (ChartingState/update#2067): SNAP - 16 INCREASE - -0.25 - GO TO BEAT 5.99975
5:53.44 [TRACE] (ChartingState/update#2067): SNAP - 16 INCREASE - -0.25 - GO TO BEAT 5.74975
5:53.47 [TRACE] (ChartingState/update#2067): SNAP - 16 INCREASE - -0.25 - GO TO BEAT 5.49975
5:53.50 [TRACE] (ChartingState/update#2067): SNAP - 16 INCREASE - -0.25 - GO TO BEAT 5.24975
5:53.53 [TRACE] (ChartingState/update#2067): SNAP - 16 INCREASE - -0.25 - GO TO BEAT 4.99975
5:53.56 [TRACE] (ChartingState/update#2067): SNAP - 16 INCREASE - -0.25 - GO TO BEAT 4.74975
5:53.84 [TRACE] (ChartingState/update#2067): SNAP - 16 INCREASE - -0.25 - GO TO BEAT 4.49975
5:53.87 [TRACE] (ChartingState/update#2067): SNAP - 16 INCREASE - -0.25 - GO TO BEAT 4.24975
5:53.89 [TRACE] (ChartingState/update#2067): SNAP - 16 INCREASE - -0.25 - GO TO BEAT 3.99975
5:53.93 [TRACE] (ChartingState/update#2067): SNAP - 16 INCREASE - -0.25 - GO TO BEAT 3.74975
5:53.97 [TRACE] (ChartingState/update#2067): SNAP - 16 INCREASE - -0.25 - GO TO BEAT 3.49975
5:54.23 [TRACE] (ChartingState/update#2067): SNAP - 16 INCREASE - -0.25 - GO TO BEAT 3.24975
5:54.26 [TRACE] (ChartingState/update#2067): SNAP - 16 INCREASE - -0.25 - GO TO BEAT 2.99975
5:54.29 [TRACE] (ChartingState/update#2067): SNAP - 16 INCREASE - -0.25 - GO TO BEAT 2.74975
5:54.32 [TRACE] (ChartingState/update#2067): SNAP - 16 INCREASE - -0.25 - GO TO BEAT 2.49975
5:54.35 [TRACE] (ChartingState/update#2067): SNAP - 16 INCREASE - -0.25 - GO TO BEAT 2.24975
5:54.65 [TRACE] (ChartingState/update#2067): SNAP - 16 INCREASE - -0.25 - GO TO BEAT 1.99975
5:54.68 [TRACE] (ChartingState/update#2067): SNAP - 16 INCREASE - -0.25 - GO TO BEAT 1.74975
5:54.70 [TRACE] (ChartingState/update#2067): SNAP - 16 INCREASE - -0.25 - GO TO BEAT 1.49975
5:54.73 [TRACE] (ChartingState/update#2067): SNAP - 16 INCREASE - -0.25 - GO TO BEAT 1.24975
5:54.77 [TRACE] (ChartingState/update#2067): SNAP - 16 INCREASE - -0.25 - GO TO BEAT 0.99975
5:55.09 [TRACE] (ChartingState/update#2067): SNAP - 16 INCREASE - -0.25 - GO TO BEAT 0.74975
5:55.17 [TRACE] (ChartingState/update#2067): SNAP - 16 INCREASE - -0.25 - GO TO BEAT 0.49975
5:55.25 [TRACE] (ChartingState/update#2067): SNAP - 16 INCREASE - -0.25 - GO TO BEAT 0.24975
5:55.76 [TRACE] (ChartingState/update#2067): SNAP - 16 INCREASE - -0.25 - GO TO BEAT -0.00025
5:55.84 [TRACE] (ChartingState/update#2067): SNAP - 16 INCREASE - -0.25 - GO TO BEAT -0.25025
5:55.92 [TRACE] (ChartingState/update#2067): SNAP - 16 INCREASE - -0.25 - GO TO BEAT -0.25025
6:16.63 [TRACE] (ChartingState/update#2067): SNAP - 16 INCREASE - 0.25 - GO TO BEAT 0.25
6:16.92 [TRACE] (ChartingState/update#2067): SNAP - 16 INCREASE - -0.25 - GO TO BEAT -0.00025
6:17.00 [TRACE] (ChartingState/update#2067): SNAP - 16 INCREASE - -0.25 - GO TO BEAT -0.25025
6:17.08 [TRACE] (ChartingState/update#2067): SNAP - 16 INCREASE - -0.25 - GO TO BEAT -0.25025
6:17.23 [TRACE] (ChartingState/update#2067): SNAP - 16 INCREASE - -0.25 - GO TO BEAT -0.25025
6:17.63 [TRACE] (ChartingState/update#2067): SNAP - 16 INCREASE - -0.25 - GO TO BEAT -0.25025
6:17.70 [TRACE] (ChartingState/update#2067): SNAP - 16 INCREASE - -0.25 - GO TO BEAT -0.25025
6:17.80 [TRACE] (ChartingState/update#2067): SNAP - 16 INCREASE - -0.25 - GO TO BEAT -0.25025
6:17.91 [TRACE] (ChartingState/update#2067): SNAP - 16 INCREASE - 0.25 - GO TO BEAT 0.25
6:17.97 [TRACE] (ChartingState/update#2067): SNAP - 16 INCREASE - 0.25 - GO TO BEAT 0.5
6:18.00 [TRACE] (ChartingState/update#2067): SNAP - 16 INCREASE - 0.25 - GO TO BEAT 0.75
6:18.06 [TRACE] (ChartingState/update#2067): SNAP - 16 INCREASE - 0.25 - GO TO BEAT 1
6:18.16 [TRACE] (ChartingState/update#2067): SNAP - 16 INCREASE - 0.25 - GO TO BEAT 1.25
6:18.36 [TRACE] (ChartingState/update#2067): SNAP - 16 INCREASE - -0.25 - GO TO BEAT 0.99975
6:18.39 [TRACE] (ChartingState/update#2067): SNAP - 16 INCREASE - -0.25 - GO TO BEAT 0.74975
6:18.42 [TRACE] (ChartingState/update#2067): SNAP - 16 INCREASE - -0.25 - GO TO BEAT 0.49975
6:18.45 [TRACE] (ChartingState/update#2067): SNAP - 16 INCREASE - -0.25 - GO TO BEAT 0.24975
6:18.48 [TRACE] (ChartingState/update#2067): SNAP - 16 INCREASE - -0.25 - GO TO BEAT -0.00025
6:18.51 [TRACE] (ChartingState/update#2067): SNAP - 16 INCREASE - -0.25 - GO TO BEAT -0.25025
6:18.97 [TRACE] (ChartingState/update#2067): SNAP - 16 INCREASE - 0.25 - GO TO BEAT 0.25
6:19.53 [TRACE] (ChartingState/update#2067): SNAP - 16 INCREASE - -0.25 - GO TO BEAT -0.00025
6:19.56 [TRACE] (ChartingState/update#2067): SNAP - 16 INCREASE - -0.25 - GO TO BEAT -0.25025
6:19.62 [TRACE] (ChartingState/update#2067): SNAP - 16 INCREASE - -0.25 - GO TO BEAT -0.25025
6:19.70 [TRACE] (ChartingState/update#2067): SNAP - 16 INCREASE - -0.25 - GO TO BEAT -0.25025
6:19.72 [TRACE] (ChartingState/update#2067): SNAP - 16 INCREASE - -0.25 - GO TO BEAT -0.25025
7:25.80 [TRACE] (MusicBeatState/onWindowFocusIn#241): IM BACK!!!
7:51.98 [TRACE] (ChartingState/update#2067): SNAP - 16 INCREASE - -0.25 - GO TO BEAT 36.24975
7:52.05 [TRACE] (ChartingState/update#2067): SNAP - 16 INCREASE - -0.25 - GO TO BEAT 35.99975
7:52.13 [TRACE] (ChartingState/update#2067): SNAP - 16 INCREASE - -0.25 - GO TO BEAT 35.74975
7:52.20 [TRACE] (ChartingState/update#2067): SNAP - 16 INCREASE - -0.25 - GO TO BEAT 35.49975
7:52.58 [TRACE] (ChartingState/update#2067): SNAP - 16 INCREASE - -0.25 - GO TO BEAT 35.24975
7:52.68 [TRACE] (ChartingState/update#2067): SNAP - 16 INCREASE - -0.25 - GO TO BEAT 34.99975
7:53.04 [TRACE] (ChartingState/update#2067): SNAP - 16 INCREASE - -0.25 - GO TO BEAT 34.74975
7:53.11 [TRACE] (ChartingState/update#2067): SNAP - 16 INCREASE - -0.25 - GO TO BEAT 34.49975
7:53.19 [TRACE] (ChartingState/update#2067): SNAP - 16 INCREASE - -0.25 - GO TO BEAT 34.24975
7:53.47 [TRACE] (ChartingState/update#2067): SNAP - 16 INCREASE - -0.25 - GO TO BEAT 33.99975
7:53.56 [TRACE] (ChartingState/update#2067): SNAP - 16 INCREASE - -0.25 - GO TO BEAT 33.74975
7:53.63 [TRACE] (ChartingState/update#2067): SNAP - 16 INCREASE - -0.25 - GO TO BEAT 33.49975
7:53.92 [TRACE] (ChartingState/update#2067): SNAP - 16 INCREASE - -0.25 - GO TO BEAT 33.24975
7:54.00 [TRACE] (ChartingState/update#2067): SNAP - 16 INCREASE - -0.25 - GO TO BEAT 32.99975
7:54.08 [TRACE] (ChartingState/update#2067): SNAP - 16 INCREASE - -0.25 - GO TO BEAT 32.74975
7:54.34 [TRACE] (ChartingState/update#2067): SNAP - 16 INCREASE - -0.25 - GO TO BEAT 32.49975
7:54.37 [TRACE] (ChartingState/update#2067): SNAP - 16 INCREASE - -0.25 - GO TO BEAT 32.24975
7:54.40 [TRACE] (ChartingState/update#2067): SNAP - 16 INCREASE - -0.25 - GO TO BEAT 31.99975
7:54.43 [TRACE] (ChartingState/update#2067): SNAP - 16 INCREASE - -0.25 - GO TO BEAT 31.74975
7:54.46 [TRACE] (ChartingState/update#2067): SNAP - 16 INCREASE - -0.25 - GO TO BEAT 31.49975
7:54.77 [TRACE] (ChartingState/update#2067): SNAP - 16 INCREASE - -0.25 - GO TO BEAT 31.24975
7:54.80 [TRACE] (ChartingState/update#2067): SNAP - 16 INCREASE - -0.25 - GO TO BEAT 30.99975
7:54.83 [TRACE] (ChartingState/update#2067): SNAP - 16 INCREASE - -0.25 - GO TO BEAT 30.74975
7:54.86 [TRACE] (ChartingState/update#2067): SNAP - 16 INCREASE - -0.25 - GO TO BEAT 30.49975
7:54.89 [TRACE] (ChartingState/update#2067): SNAP - 16 INCREASE - -0.25 - GO TO BEAT 30.24975
7:55.15 [TRACE] (ChartingState/update#2067): SNAP - 16 INCREASE - -0.25 - GO TO BEAT 29.99975
7:55.18 [TRACE] (ChartingState/update#2067): SNAP - 16 INCREASE - -0.25 - GO TO BEAT 29.74975
7:55.21 [TRACE] (ChartingState/update#2067): SNAP - 16 INCREASE - -0.25 - GO TO BEAT 29.49975
7:55.24 [TRACE] (ChartingState/update#2067): SNAP - 16 INCREASE - -0.25 - GO TO BEAT 29.24975
7:55.27 [TRACE] (ChartingState/update#2067): SNAP - 16 INCREASE - -0.25 - GO TO BEAT 28.99975
7:55.51 [TRACE] (ChartingState/update#2067): SNAP - 16 INCREASE - -0.25 - GO TO BEAT 28.74975
7:55.54 [TRACE] (ChartingState/update#2067): SNAP - 16 INCREASE - -0.25 - GO TO BEAT 28.49975
7:55.56 [TRACE] (ChartingState/update#2067): SNAP - 16 INCREASE - -0.25 - GO TO BEAT 28.24975
7:55.59 [TRACE] (ChartingState/update#2067): SNAP - 16 INCREASE - -0.25 - GO TO BEAT 27.99975
7:55.62 [TRACE] (ChartingState/update#2067): SNAP - 16 INCREASE - -0.25 - GO TO BEAT 27.74975
7:55.87 [TRACE] (ChartingState/update#2067): SNAP - 16 INCREASE - -0.25 - GO TO BEAT 27.49975
7:55.90 [TRACE] (ChartingState/update#2067): SNAP - 16 INCREASE - -0.25 - GO TO BEAT 27.24975
7:55.93 [TRACE] (ChartingState/update#2067): SNAP - 16 INCREASE - -0.25 - GO TO BEAT 26.99975
7:55.96 [TRACE] (ChartingState/update#2067): SNAP - 16 INCREASE - -0.25 - GO TO BEAT 26.74975
7:55.99 [TRACE] (ChartingState/update#2067): SNAP - 16 INCREASE - -0.25 - GO TO BEAT 26.49975
7:56.28 [TRACE] (ChartingState/update#2067): SNAP - 16 INCREASE - -0.25 - GO TO BEAT 26.24975
7:56.30 [TRACE] (ChartingState/update#2067): SNAP - 16 INCREASE - -0.25 - GO TO BEAT 25.99975
7:56.33 [TRACE] (ChartingState/update#2067): SNAP - 16 INCREASE - -0.25 - GO TO BEAT 25.74975
7:56.36 [TRACE] (ChartingState/update#2067): SNAP - 16 INCREASE - -0.25 - GO TO BEAT 25.49975
7:56.39 [TRACE] (ChartingState/update#2067): SNAP - 16 INCREASE - -0.25 - GO TO BEAT 25.24975
7:56.42 [TRACE] (ChartingState/update#2067): SNAP - 16 INCREASE - -0.25 - GO TO BEAT 24.99975
7:56.66 [TRACE] (ChartingState/update#2067): SNAP - 16 INCREASE - -0.25 - GO TO BEAT 24.74975
7:56.69 [TRACE] (ChartingState/update#2067): SNAP - 16 INCREASE - -0.25 - GO TO BEAT 24.49975
7:56.71 [TRACE] (ChartingState/update#2067): SNAP - 16 INCREASE - -0.25 - GO TO BEAT 24.24975
7:56.75 [TRACE] (ChartingState/update#2067): SNAP - 16 INCREASE - -0.25 - GO TO BEAT 23.99975
7:56.78 [TRACE] (ChartingState/update#2067): SNAP - 16 INCREASE - -0.25 - GO TO BEAT 23.74975
7:57.06 [TRACE] (ChartingState/update#2067): SNAP - 16 INCREASE - -0.25 - GO TO BEAT 23.49975
7:57.09 [TRACE] (ChartingState/update#2067): SNAP - 16 INCREASE - -0.25 - GO TO BEAT 23.24975
7:57.12 [TRACE] (ChartingState/update#2067): SNAP - 16 INCREASE - -0.25 - GO TO BEAT 22.99975
7:57.15 [TRACE] (ChartingState/update#2067): SNAP - 16 INCREASE - -0.25 - GO TO BEAT 22.74975
7:57.18 [TRACE] (ChartingState/update#2067): SNAP - 16 INCREASE - -0.25 - GO TO BEAT 22.49975
7:57.45 [TRACE] (ChartingState/update#2067): SNAP - 16 INCREASE - -0.25 - GO TO BEAT 22.24975
7:57.54 [TRACE] (ChartingState/update#2067): SNAP - 16 INCREASE - -0.25 - GO TO BEAT 21.99975
7:57.61 [TRACE] (ChartingState/update#2067): SNAP - 16 INCREASE - -0.25 - GO TO BEAT 21.74975
7:57.84 [TRACE] (ChartingState/update#2067): SNAP - 16 INCREASE - -0.25 - GO TO BEAT 21.49975
7:57.93 [TRACE] (ChartingState/update#2067): SNAP - 16 INCREASE - -0.25 - GO TO BEAT 21.24975
7:58.00 [TRACE] (ChartingState/update#2067): SNAP - 16 INCREASE - -0.25 - GO TO BEAT 20.99975
7:58.26 [TRACE] (ChartingState/update#2067): SNAP - 16 INCREASE - -0.25 - GO TO BEAT 20.74975
7:58.34 [TRACE] (ChartingState/update#2067): SNAP - 16 INCREASE - -0.25 - GO TO BEAT 20.49975
7:58.41 [TRACE] (ChartingState/update#2067): SNAP - 16 INCREASE - -0.25 - GO TO BEAT 20.24975
7:58.62 [TRACE] (ChartingState/update#2067): SNAP - 16 INCREASE - -0.25 - GO TO BEAT 19.99975
7:58.70 [TRACE] (ChartingState/update#2067): SNAP - 16 INCREASE - -0.25 - GO TO BEAT 19.74975
7:58.77 [TRACE] (ChartingState/update#2067): SNAP - 16 INCREASE - -0.25 - GO TO BEAT 19.49975
7:59.05 [TRACE] (ChartingState/update#2067): SNAP - 16 INCREASE - -0.25 - GO TO BEAT 19.24975
7:59.12 [TRACE] (ChartingState/update#2067): SNAP - 16 INCREASE - -0.25 - GO TO BEAT 18.99975
7:59.20 [TRACE] (ChartingState/update#2067): SNAP - 16 INCREASE - -0.25 - GO TO BEAT 18.74975
7:59.41 [TRACE] (ChartingState/update#2067): SNAP - 16 INCREASE - -0.25 - GO TO BEAT 18.49975
7:59.44 [TRACE] (ChartingState/update#2067): SNAP - 16 INCREASE - -0.25 - GO TO BEAT 18.24975
7:59.47 [TRACE] (ChartingState/update#2067): SNAP - 16 INCREASE - -0.25 - GO TO BEAT 17.99975
7:59.50 [TRACE] (ChartingState/update#2067): SNAP - 16 INCREASE - -0.25 - GO TO BEAT 17.74975
7:59.53 [TRACE] (ChartingState/update#2067): SNAP - 16 INCREASE - -0.25 - GO TO BEAT 17.49975
7:59.56 [TRACE] (ChartingState/update#2067): SNAP - 16 INCREASE - -0.25 - GO TO BEAT 17.24975
7:59.84 [TRACE] (ChartingState/update#2067): SNAP - 16 INCREASE - -0.25 - GO TO BEAT 16.99975
7:59.91 [TRACE] (ChartingState/update#2067): SNAP - 16 INCREASE - -0.25 - GO TO BEAT 16.74975
7:59.94 [TRACE] (ChartingState/update#2067): SNAP - 16 INCREASE - -0.25 - GO TO BEAT 16.49975
8:00.23 [TRACE] (ChartingState/update#2067): SNAP - 16 INCREASE - -0.25 - GO TO BEAT 16.24975
8:00.26 [TRACE] (ChartingState/update#2067): SNAP - 16 INCREASE - -0.25 - GO TO BEAT 15.99975
8:00.29 [TRACE] (ChartingState/update#2067): SNAP - 16 INCREASE - -0.25 - GO TO BEAT 15.74975
8:00.32 [TRACE] (ChartingState/update#2067): SNAP - 16 INCREASE - -0.25 - GO TO BEAT 15.49975
8:00.35 [TRACE] (ChartingState/update#2067): SNAP - 16 INCREASE - -0.25 - GO TO BEAT 15.24975
8:00.38 [TRACE] (ChartingState/update#2067): SNAP - 16 INCREASE - -0.25 - GO TO BEAT 14.99975
8:00.65 [TRACE] (ChartingState/update#2067): SNAP - 16 INCREASE - -0.25 - GO TO BEAT 14.74975
8:00.68 [TRACE] (ChartingState/update#2067): SNAP - 16 INCREASE - -0.25 - GO TO BEAT 14.49975
8:00.71 [TRACE] (ChartingState/update#2067): SNAP - 16 INCREASE - -0.25 - GO TO BEAT 14.24975
8:00.73 [TRACE] (ChartingState/update#2067): SNAP - 16 INCREASE - -0.25 - GO TO BEAT 13.99975
8:00.76 [TRACE] (ChartingState/update#2067): SNAP - 16 INCREASE - -0.25 - GO TO BEAT 13.74975
8:01.04 [TRACE] (ChartingState/update#2067): SNAP - 16 INCREASE - -0.25 - GO TO BEAT 13.49975
8:01.06 [TRACE] (ChartingState/update#2067): SNAP - 16 INCREASE - -0.25 - GO TO BEAT 13.24975
8:01.09 [TRACE] (ChartingState/update#2067): SNAP - 16 INCREASE - -0.25 - GO TO BEAT 12.99975
8:01.12 [TRACE] (ChartingState/update#2067): SNAP - 16 INCREASE - -0.25 - GO TO BEAT 12.74975
8:01.15 [TRACE] (ChartingState/update#2067): SNAP - 16 INCREASE - -0.25 - GO TO BEAT 12.49975
8:01.18 [TRACE] (ChartingState/update#2067): SNAP - 16 INCREASE - -0.25 - GO TO BEAT 12.24975
8:01.52 [TRACE] (ChartingState/update#2067): SNAP - 16 INCREASE - -0.25 - GO TO BEAT 11.99975
8:01.55 [TRACE] (ChartingState/update#2067): SNAP - 16 INCREASE - -0.25 - GO TO BEAT 11.74975
8:01.58 [TRACE] (ChartingState/update#2067): SNAP - 16 INCREASE - -0.25 - GO TO BEAT 11.49975
8:01.60 [TRACE] (ChartingState/update#2067): SNAP - 16 INCREASE - -0.25 - GO TO BEAT 11.24975
8:01.63 [TRACE] (ChartingState/update#2067): SNAP - 16 INCREASE - -0.25 - GO TO BEAT 10.99975
8:01.66 [TRACE] (ChartingState/update#2067): SNAP - 16 INCREASE - -0.25 - GO TO BEAT 10.74975
8:01.95 [TRACE] (ChartingState/update#2067): SNAP - 16 INCREASE - -0.25 - GO TO BEAT 10.49975
8:01.98 [TRACE] (ChartingState/update#2067): SNAP - 16 INCREASE - -0.25 - GO TO BEAT 10.24975
8:02.02 [TRACE] (ChartingState/update#2067): SNAP - 16 INCREASE - -0.25 - GO TO BEAT 9.99975
8:02.05 [TRACE] (ChartingState/update#2067): SNAP - 16 INCREASE - -0.25 - GO TO BEAT 9.74975
8:02.09 [TRACE] (ChartingState/update#2067): SNAP - 16 INCREASE - -0.25 - GO TO BEAT 9.49975
8:02.11 [TRACE] (ChartingState/update#2067): SNAP - 16 INCREASE - -0.25 - GO TO BEAT 9.24975
8:02.38 [TRACE] (ChartingState/update#2067): SNAP - 16 INCREASE - -0.25 - GO TO BEAT 8.99975
8:02.41 [TRACE] (ChartingState/update#2067): SNAP - 16 INCREASE - -0.25 - GO TO BEAT 8.74975
8:02.46 [TRACE] (ChartingState/update#2067): SNAP - 16 INCREASE - -0.25 - GO TO BEAT 8.49975
8:02.55 [TRACE] (ChartingState/update#2067): SNAP - 16 INCREASE - -0.25 - GO TO BEAT 8.24975
8:02.80 [TRACE] (ChartingState/update#2067): SNAP - 16 INCREASE - -0.25 - GO TO BEAT 7.99975
8:02.88 [TRACE] (ChartingState/update#2067): SNAP - 16 INCREASE - -0.25 - GO TO BEAT 7.74975
8:02.96 [TRACE] (ChartingState/update#2067): SNAP - 16 INCREASE - -0.25 - GO TO BEAT 7.49975
8:03.21 [TRACE] (ChartingState/update#2067): SNAP - 16 INCREASE - -0.25 - GO TO BEAT 7.24975
8:03.28 [TRACE] (ChartingState/update#2067): SNAP - 16 INCREASE - -0.25 - GO TO BEAT 6.99975
8:03.36 [TRACE] (ChartingState/update#2067): SNAP - 16 INCREASE - -0.25 - GO TO BEAT 6.74975
8:03.65 [TRACE] (ChartingState/update#2067): SNAP - 16 INCREASE - -0.25 - GO TO BEAT 6.49975
8:03.73 [TRACE] (ChartingState/update#2067): SNAP - 16 INCREASE - -0.25 - GO TO BEAT 6.24975
8:03.80 [TRACE] (ChartingState/update#2067): SNAP - 16 INCREASE - -0.25 - GO TO BEAT 5.99975
8:04.04 [TRACE] (ChartingState/update#2067): SNAP - 16 INCREASE - -0.25 - GO TO BEAT 5.74975
8:04.12 [TRACE] (ChartingState/update#2067): SNAP - 16 INCREASE - -0.25 - GO TO BEAT 5.49975
8:04.19 [TRACE] (ChartingState/update#2067): SNAP - 16 INCREASE - -0.25 - GO TO BEAT 5.24975
8:04.45 [TRACE] (ChartingState/update#2067): SNAP - 16 INCREASE - -0.25 - GO TO BEAT 4.99975
8:04.53 [TRACE] (ChartingState/update#2067): SNAP - 16 INCREASE - -0.25 - GO TO BEAT 4.74975
8:04.56 [TRACE] (ChartingState/update#2067): SNAP - 16 INCREASE - -0.25 - GO TO BEAT 4.49975
8:04.59 [TRACE] (ChartingState/update#2067): SNAP - 16 INCREASE - -0.25 - GO TO BEAT 4.24975
8:04.87 [TRACE] (ChartingState/update#2067): SNAP - 16 INCREASE - -0.25 - GO TO BEAT 3.99975
8:04.90 [TRACE] (ChartingState/update#2067): SNAP - 16 INCREASE - -0.25 - GO TO BEAT 3.74975
8:04.93 [TRACE] (ChartingState/update#2067): SNAP - 16 INCREASE - -0.25 - GO TO BEAT 3.49975
8:04.96 [TRACE] (ChartingState/update#2067): SNAP - 16 INCREASE - -0.25 - GO TO BEAT 3.24975
8:04.99 [TRACE] (ChartingState/update#2067): SNAP - 16 INCREASE - -0.25 - GO TO BEAT 2.99975
8:05.28 [TRACE] (ChartingState/update#2067): SNAP - 16 INCREASE - -0.25 - GO TO BEAT 2.74975
8:05.31 [TRACE] (ChartingState/update#2067): SNAP - 16 INCREASE - -0.25 - GO TO BEAT 2.49975
8:05.33 [TRACE] (ChartingState/update#2067): SNAP - 16 INCREASE - -0.25 - GO TO BEAT 2.24975
8:05.36 [TRACE] (ChartingState/update#2067): SNAP - 16 INCREASE - -0.25 - GO TO BEAT 1.99975
8:05.72 [TRACE] (ChartingState/update#2067): SNAP - 16 INCREASE - -0.25 - GO TO BEAT 1.74975
8:05.75 [TRACE] (ChartingState/update#2067): SNAP - 16 INCREASE - -0.25 - GO TO BEAT 1.49975
8:05.78 [TRACE] (ChartingState/update#2067): SNAP - 16 INCREASE - -0.25 - GO TO BEAT 1.24975
8:06.06 [TRACE] (ChartingState/update#2067): SNAP - 16 INCREASE - -0.25 - GO TO BEAT 0.99975
8:06.09 [TRACE] (ChartingState/update#2067): SNAP - 16 INCREASE - -0.25 - GO TO BEAT 0.74975
8:06.12 [TRACE] (ChartingState/update#2067): SNAP - 16 INCREASE - -0.25 - GO TO BEAT 0.49975
8:06.15 [TRACE] (ChartingState/update#2067): SNAP - 16 INCREASE - -0.25 - GO TO BEAT 0.24975
8:06.18 [TRACE] (ChartingState/update#2067): SNAP - 16 INCREASE - -0.25 - GO TO BEAT -0.00025
8:06.21 [TRACE] (ChartingState/update#2067): SNAP - 16 INCREASE - -0.25 - GO TO BEAT -0.25025
8:06.49 [TRACE] (ChartingState/update#2067): SNAP - 16 INCREASE - -0.25 - GO TO BEAT -0.25025
8:06.52 [TRACE] (ChartingState/update#2067): SNAP - 16 INCREASE - -0.25 - GO TO BEAT -0.25025
8:06.55 [TRACE] (ChartingState/update#2067): SNAP - 16 INCREASE - -0.25 - GO TO BEAT -0.25025
8:06.57 [TRACE] (ChartingState/update#2067): SNAP - 16 INCREASE - -0.25 - GO TO BEAT -0.25025
8:06.60 [TRACE] (ChartingState/update#2067): SNAP - 16 INCREASE - -0.25 - GO TO BEAT -0.25025
8:06.62 [TRACE] (ChartingState/update#2067): SNAP - 16 INCREASE - -0.25 - GO TO BEAT -0.25025
8:06.65 [TRACE] (ChartingState/update#2067): SNAP - 16 INCREASE - -0.25 - GO TO BEAT -0.25025
8:06.68 [TRACE] (ChartingState/update#2067): SNAP - 16 INCREASE - -0.25 - GO TO BEAT -0.25025
8:49.77 [TRACE] (MusicBeatState/onWindowFocusIn#241): IM BACK!!!
9:52.47 [TRACE] (MusicBeatState/onWindowFocusIn#241): IM BACK!!!
9:57.76 [TRACE] (ChartingState/update#2067): SNAP - 16 INCREASE - 0.25 - GO TO BEAT 0.25
9:57.85 [TRACE] (ChartingState/update#2067): SNAP - 16 INCREASE - 0.25 - GO TO BEAT 0.5
10:02.71 [TRACE] (ChartingState/update#2067): SNAP - 16 INCREASE - -0.25 - GO TO BEAT 0.24975
10:02.94 [TRACE] (ChartingState/update#2067): SNAP - 16 INCREASE - -0.25 - GO TO BEAT -0.00025
10:03.48 [TRACE] (ChartingState/update#2067): SNAP - 16 INCREASE - -0.25 - GO TO BEAT -0.25025
10:03.57 [TRACE] (ChartingState/update#2067): SNAP - 16 INCREASE - -0.25 - GO TO BEAT -0.25025
10:03.63 [TRACE] (ChartingState/update#2067): SNAP - 16 INCREASE - -0.25 - GO TO BEAT -0.25025
10:03.70 [TRACE] (ChartingState/update#2067): SNAP - 16 INCREASE - -0.25 - GO TO BEAT -0.25025
10:07.76 [INFO ] (PlayState/create#370): Searching for mod chart? (false) at assets/data/songs/bopeebo/modchart.lua
10:07.79 [INFO ] (Character/parseDataFile#438): Generating character (gf) from JSON data...
10:12.60 [TRACE] (NoteskinHelpers/generatePixelSprite#78): bruh momento
10:12.61 [TRACE] (NoteskinHelpers/generateNoteskinSprite#60): bruh momento
10:12.69 [TRACE] (NoteskinHelpers/generatePixelSprite#78): bruh momento
10:12.70 [TRACE] (PlayState/generateStaticArrows#1801): FlxAtlasFrames
10:12.71 [TRACE] (PlayState/generateStaticArrows#1801): FlxAtlasFrames
10:12.71 [TRACE] (PlayState/generateStaticArrows#1801): FlxAtlasFrames
10:12.71 [TRACE] (PlayState/generateStaticArrows#1801): FlxAtlasFrames
10:12.72 [TRACE] (PlayState/generateStaticArrows#1801): FlxAtlasFrames
10:12.72 [TRACE] (PlayState/generateStaticArrows#1801): FlxAtlasFrames
10:12.73 [TRACE] (PlayState/generateStaticArrows#1801): FlxAtlasFrames
10:12.73 [TRACE] (PlayState/generateStaticArrows#1801): FlxAtlasFrames
10:12.74 [TRACE] (PlayState/generateSong#1742): whats the fuckin shit
10:17.36 [TRACE] (PlayState/update#2089): we're fuckin ending the song 
10:25.59 [INFO ] (Song/loadFromJson#83): Loading song JSON: tutorial/tutorial-easy
10:25.62 [INFO ] (Song/loadFromJson#83): Loading song JSON: tutorial/tutorial
10:25.62 [INFO ] (Song/loadFromJson#83): Loading song JSON: tutorial/tutorial-hard
10:26.60 [INFO ] (Song/loadFromJson#83): Loading song JSON: bopeebo/bopeebo-easy
10:26.65 [INFO ] (Song/loadFromJson#83): Loading song JSON: bopeebo/bopeebo
10:26.67 [INFO ] (Song/loadFromJson#83): Loading song JSON: bopeebo/bopeebo-hard
10:26.70 [INFO ] (Song/loadFromJson#83): Loading song JSON: fresh/fresh-easy
10:26.72 [INFO ] (Song/loadFromJson#83): Loading song JSON: fresh/fresh
10:26.76 [INFO ] (Song/loadFromJson#83): Loading song JSON: fresh/fresh-hard
10:27.81 [INFO ] (Song/loadFromJson#83): Loading song JSON: dadbattle/dadbattle-easy
10:27.84 [INFO ] (Song/loadFromJson#83): Loading song JSON: dadbattle/dadbattle
10:27.85 [INFO ] (Song/loadFromJson#83): Loading song JSON: dadbattle/dadbattle-hard
10:28.23 [INFO ] (Song/loadFromJson#83): Loading song JSON: spookeez/spookeez-easy
10:28.25 [INFO ] (Song/loadFromJson#83): Loading song JSON: spookeez/spookeez
10:28.27 [INFO ] (Song/loadFromJson#83): Loading song JSON: spookeez/spookeez-hard
10:28.77 [INFO ] (Song/loadFromJson#83): Loading song JSON: south/south-easy
10:28.79 [INFO ] (Song/loadFromJson#83): Loading song JSON: south/south
10:28.81 [INFO ] (Song/loadFromJson#83): Loading song JSON: south/south-hard
10:29.21 [INFO ] (Song/loadFromJson#83): Loading song JSON: monster/monster-easy
10:29.26 [INFO ] (Song/loadFromJson#83): Loading song JSON: monster/monster
10:29.27 [INFO ] (Song/loadFromJson#83): Loading song JSON: monster/monster-hard
10:30.69 [INFO ] (Song/loadFromJson#83): Loading song JSON: pico/pico-easy
10:30.74 [INFO ] (Song/loadFromJson#83): Loading song JSON: pico/pico
10:30.84 [INFO ] (Song/loadFromJson#83): Loading song JSON: pico/pico-hard
10:31.88 [INFO ] (Song/loadFromJson#83): Loading song JSON: philly/philly-easy
10:31.90 [INFO ] (Song/loadFromJson#83): Loading song JSON: philly/philly
10:31.92 [INFO ] (Song/loadFromJson#83): Loading song JSON: philly/philly-hard
10:32.36 [INFO ] (Song/loadFromJson#83): Loading song JSON: blammed/blammed-easy
10:32.38 [INFO ] (Song/loadFromJson#83): Loading song JSON: blammed/blammed
10:32.39 [INFO ] (Song/loadFromJson#83): Loading song JSON: blammed/blammed-hard
10:32.92 [INFO ] (Song/loadFromJson#83): Loading song JSON: satin-panties/satin-panties-easy
10:32.94 [INFO ] (Song/loadFromJson#83): Loading song JSON: satin-panties/satin-panties
10:32.95 [INFO ] (Song/loadFromJson#83): Loading song JSON: satin-panties/satin-panties-hard
10:33.62 [INFO ] (Song/loadFromJson#83): Loading song JSON: high/high-easy
10:33.69 [INFO ] (Song/loadFromJson#83): Loading song JSON: high/high
10:33.75 [INFO ] (Song/loadFromJson#83): Loading song JSON: high/high-hard
10:34.37 [INFO ] (Song/loadFromJson#83): Loading song JSON: milf/milf-easy
10:34.40 [INFO ] (Song/loadFromJson#83): Loading song JSON: milf/milf
10:34.42 [INFO ] (Song/loadFromJson#83): Loading song JSON: milf/milf-hard
10:36.02 [INFO ] (Song/loadFromJson#83): Loading song JSON: cocoa/cocoa-easy
10:36.04 [INFO ] (Song/loadFromJson#83): Loading song JSON: cocoa/cocoa
10:36.08 [INFO ] (Song/loadFromJson#83): Loading song JSON: cocoa/cocoa-hard
10:37.26 [INFO ] (Song/loadFromJson#83): Loading song JSON: eggnog/eggnog-easy
10:37.28 [INFO ] (Song/loadFromJson#83): Loading song JSON: eggnog/eggnog
10:37.30 [INFO ] (Song/loadFromJson#83): Loading song JSON: eggnog/eggnog-hard
10:37.74 [INFO ] (Song/loadFromJson#83): Loading song JSON: winter-horrorland/winter-horrorland-easy
10:37.97 [INFO ] (Song/loadFromJson#83): Loading song JSON: winter-horrorland/winter-horrorland
10:38.02 [INFO ] (Song/loadFromJson#83): Loading song JSON: winter-horrorland/winter-horrorland-hard
10:39.12 [INFO ] (Song/loadFromJson#83): Loading song JSON: senpai/senpai-easy
10:39.18 [INFO ] (Song/loadFromJson#83): Loading song JSON: senpai/senpai
10:39.22 [INFO ] (Song/loadFromJson#83): Loading song JSON: senpai/senpai-hard
10:44.96 [INFO ] (Song/loadFromJson#83): Loading song JSON: roses/roses-easy
10:45.40 [INFO ] (Song/loadFromJson#83): Loading song JSON: roses/roses
10:46.63 [INFO ] (Song/loadFromJson#83): Loading song JSON: roses/roses-hard
10:50.98 [INFO ] (Song/loadFromJson#83): Loading song JSON: thorns/thorns-easy
10:51.87 [INFO ] (Song/loadFromJson#83): Loading song JSON: thorns/thorns
10:52.32 [INFO ] (Song/loadFromJson#83): Loading song JSON: thorns/thorns-hard
